0 verbose cli [
0 verbose cli   '/usr/local/nvm/versions/node/v12.14.1/bin/node',
0 verbose cli   '/usr/local/nvm/versions/node/v12.14.1/bin/npm',
0 verbose cli   'install'
0 verbose cli ]
1 info using npm@8.5.0
2 info using node@v12.14.1
3 timing npm:load:whichnode Completed in 1ms
4 timing config:load:defaults Completed in 1ms
5 timing config:load:file:/usr/local/nvm/versions/node/v12.14.1/lib/node_modules/npm/npmrc Completed in 1ms
6 timing config:load:builtin Completed in 2ms
7 timing config:load:cli Completed in 2ms
8 timing config:load:env Completed in 0ms
9 timing config:load:file:/home/user301/sample-master/external/.npmrc Completed in 1ms
10 timing config:load:project Completed in 6ms
11 timing config:load:file:/home/user301/.npmrc Completed in 0ms
12 timing config:load:user Completed in 0ms
13 timing config:load:file:/usr/local/nvm/versions/node/v12.14.1/etc/npmrc Completed in 0ms
14 timing config:load:global Completed in 0ms
15 timing config:load:validate Completed in 0ms
16 timing config:load:credentials Completed in 1ms
17 timing config:load:setEnvs Completed in 1ms
18 timing config:load Completed in 14ms
19 timing npm:load:configload Completed in 14ms
20 timing npm:load:setTitle Completed in 1ms
21 timing config:load:flatten Completed in 2ms
22 timing npm:load:display Completed in 4ms
23 verbose logfile /home/user301/.npm/_logs/2022-03-08T04_11_04_303Z-debug-0.log
24 timing npm:load:logFile Completed in 4ms
25 timing npm:load:timers Completed in 0ms
26 timing npm:load:configScope Completed in 0ms
27 timing npm:load Completed in 25ms
28 timing arborist:ctor Completed in 1ms
29 timing idealTree:init Completed in 329ms
30 timing idealTree:userRequests Completed in 2ms
31 silly idealTree buildDeps
32 timing idealTree:#root Completed in 1ms
33 timing idealTree:buildDeps Completed in 2ms
34 timing idealTree:fixDepFlags Completed in 0ms
35 warn EBADENGINE Unsupported engine {
35 warn EBADENGINE   package: 'express-handlebars@6.0.2',
35 warn EBADENGINE   required: { node: '>=v12.22.7' },
35 warn EBADENGINE   current: { node: 'v12.14.1', npm: '8.5.0' }
35 warn EBADENGINE }
36 timing idealTree Completed in 359ms
37 timing reify:loadTrees Completed in 383ms
38 timing reify:diffTrees Completed in 17ms
39 silly reify moves {}
40 timing reify:retireShallow Completed in 1ms
41 timing reify:createSparse Completed in 94ms
42 timing reify:loadBundles Completed in 0ms
43 silly audit bulk request {
43 silly audit   '@ampproject/remapping': [ '2.1.2' ],
43 silly audit   '@babel/code-frame': [ '7.16.7' ],
43 silly audit   '@babel/compat-data': [ '7.17.0' ],
43 silly audit   '@babel/core': [ '7.17.5' ],
43 silly audit   debug: [ '4.3.3', '2.6.9', '3.2.6', '4.1.1' ],
43 silly audit   ms: [ '2.1.2', '2.0.0', '2.1.3', '2.1.1' ],
43 silly audit   semver: [ '6.3.0', '5.7.1' ],
43 silly audit   '@babel/generator': [ '7.17.3' ],
43 silly audit   'source-map': [ '0.5.7', '0.6.1' ],
43 silly audit   '@babel/helper-compilation-targets': [ '7.16.7' ],
43 silly audit   '@babel/helper-environment-visitor': [ '7.16.7' ],
43 silly audit   '@babel/helper-function-name': [ '7.16.7' ],
43 silly audit   '@babel/helper-get-function-arity': [ '7.16.7' ],
43 silly audit   '@babel/helper-hoist-variables': [ '7.16.7' ],
43 silly audit   '@babel/helper-module-imports': [ '7.16.7' ],
43 silly audit   '@babel/helper-module-transforms': [ '7.17.6' ],
43 silly audit   '@babel/helper-simple-access': [ '7.16.7' ],
43 silly audit   '@babel/helper-split-export-declaration': [ '7.16.7' ],
43 silly audit   '@babel/helper-validator-identifier': [ '7.16.7' ],
43 silly audit   '@babel/helper-validator-option': [ '7.16.7' ],
43 silly audit   '@babel/helpers': [ '7.17.2' ],
43 silly audit   '@babel/highlight': [ '7.16.10' ],
43 silly audit   'ansi-styles': [ '3.2.1', '4.3.0' ],
43 silly audit   chalk: [ '2.4.2', '4.1.2' ],
43 silly audit   'color-convert': [ '1.9.3', '2.0.1' ],
43 silly audit   'color-name': [ '1.1.3', '1.1.4' ],
43 silly audit   'escape-string-regexp': [ '1.0.5', '4.0.0' ],
43 silly audit   'has-flag': [ '3.0.0', '4.0.0' ],
43 silly audit   'supports-color': [ '5.5.0', '7.2.0', '8.1.1' ],
43 silly audit   '@babel/parser': [ '7.17.3' ],
43 silly audit   '@babel/template': [ '7.16.7' ],
43 silly audit   '@babel/traverse': [ '7.17.3' ],
43 silly audit   '@babel/types': [ '7.17.0' ],
43 silly audit   '@istanbuljs/load-nyc-config': [ '1.1.0' ],
43 silly audit   argparse: [ '1.0.10', '2.0.1' ],
43 silly audit   'find-up': [ '4.1.0', '5.0.0' ],
43 silly audit   'js-yaml': [ '3.14.1', '4.1.0' ],
43 silly audit   'locate-path': [ '5.0.0', '6.0.0' ],
43 silly audit   'p-limit': [ '2.3.0', '3.1.0' ],
43 silly audit   'p-locate': [ '4.1.0', '5.0.0' ],
43 silly audit   '@istanbuljs/schema': [ '0.1.3' ],
43 silly audit   '@jridgewell/resolve-uri': [ '3.0.5' ],
43 silly audit   '@jridgewell/sourcemap-codec': [ '1.4.11' ],
43 silly audit   '@jridgewell/trace-mapping': [ '0.3.4' ],
43 silly audit   '@ungap/promise-all-settled': [ '1.1.2' ],
43 silly audit   accepts: [ '1.3.7' ],
43 silly audit   'aggregate-error': [ '3.1.0' ],
43 silly audit   ajv: [ '6.12.6' ],
43 silly audit   'ansi-colors': [ '4.1.1' ],
43 silly audit   'ansi-regex': [ '5.0.1' ],
43 silly audit   anymatch: [ '3.1.2' ],
43 silly audit   'append-transform': [ '2.0.0' ],
43 silly audit   archy: [ '1.0.0' ],
43 silly audit   'array-flatten': [ '1.1.1' ],
43 silly audit   asn1: [ '0.2.4' ],
43 silly audit   'assert-plus': [ '1.0.0' ],
43 silly audit   'assertion-error': [ '1.1.0' ],
43 silly audit   asynckit: [ '0.4.0' ],
43 silly audit   'aws-sign2': [ '0.7.0' ],
43 silly audit   aws4: [ '1.9.1' ],
43 silly audit   'balanced-match': [ '1.0.0' ],
43 silly audit   'bcrypt-pbkdf': [ '1.0.2' ],
43 silly audit   'binary-extensions': [ '2.2.0' ],
43 silly audit   'body-parser': [ '1.19.0' ],
43 silly audit   qs: [ '6.7.0', '6.8.0', '6.5.2' ],
43 silly audit   'brace-expansion': [ '1.1.11' ],
43 silly audit   braces: [ '3.0.2' ],
43 silly audit   'browser-stdout': [ '1.3.1' ],
43 silly audit   browserslist: [ '4.19.3' ],
43 silly audit   bytes: [ '3.1.0' ],
43 silly audit   'caching-transform': [ '4.0.0' ],
43 silly audit   camelcase: [ '5.3.1', '6.3.0' ],
43 silly audit   'caniuse-lite': [ '1.0.30001312' ],
43 silly audit   caseless: [ '0.12.0' ],
43 silly audit   chai: [ '4.2.0' ],
43 silly audit   'check-error': [ '1.0.2' ],
43 silly audit   chokidar: [ '3.5.3' ],
43 silly audit   'clean-stack': [ '2.2.0' ],
43 silly audit   cliui: [ '7.0.4', '6.0.0' ],
43 silly audit   'combined-stream': [ '1.0.8' ],
43 silly audit   commander: [ '2.20.3' ],
43 silly audit   commondir: [ '1.0.1' ],
43 silly audit   'component-emitter': [ '1.3.0' ],
43 silly audit   'concat-map': [ '0.0.1' ],
43 silly audit   'content-disposition': [ '0.5.3' ],
43 silly audit   'content-type': [ '1.0.4' ],
43 silly audit   'convert-source-map': [ '1.8.0' ],
43 silly audit   cookie: [ '0.4.0' ],
43 silly audit   'cookie-signature': [ '1.0.6' ],
43 silly audit   cookiejar: [ '2.1.2' ],
43 silly audit   'core-util-is': [ '1.0.2' ],
43 silly audit   'cross-spawn': [ '7.0.3' ],
43 silly audit   dashdash: [ '1.14.1' ],
43 silly audit   decamelize: [ '1.2.0', '4.0.0' ],
43 silly audit   'deep-eql': [ '3.0.1' ],
43 silly audit   'deep-equal': [ '1.1.0' ],
43 silly audit   'default-require-extensions': [ '3.0.0' ],
43 silly audit   'define-properties': [ '1.1.3' ],
43 silly audit   'delayed-stream': [ '1.0.0' ],
43 silly audit   depd: [ '1.1.2' ],
43 silly audit   destroy: [ '1.0.4' ],
43 silly audit   diff: [ '5.0.0' ],
43 silly audit   'ecc-jsbn': [ '0.1.2' ],
43 silly audit   'ee-first': [ '1.1.1' ],
43 silly audit   'electron-to-chromium': [ '1.4.75' ],
43 silly audit   'emoji-regex': [ '8.0.0' ],
43 silly audit   encodeurl: [ '1.0.2' ],
43 silly audit   'es6-error': [ '4.1.1' ],
43 silly audit   escalade: [ '3.1.1' ],
43 silly audit   'escape-html': [ '1.0.3' ],
43 silly audit   esprima: [ '4.0.1' ],
43 silly audit   etag: [ '1.8.1' ],
43 silly audit   express: [ '4.17.1' ],
43 silly audit   'express-handlebars': [ '6.0.2' ],
43 silly audit   extend: [ '3.0.2' ],
43 silly audit   extsprintf: [ '1.3.0' ],
43 silly audit   'fast-deep-equal': [ '3.1.1' ],
43 silly audit   'fast-json-stable-stringify': [ '2.1.0' ],
43 silly audit   'fill-range': [ '7.0.1' ],
43 silly audit   finalhandler: [ '1.1.2' ],
43 silly audit   'find-cache-dir': [ '3.3.2' ],
43 silly audit   flat: [ '5.0.2' ],
43 silly audit   'foreground-child': [ '2.0.0' ],
43 silly audit   'forever-agent': [ '0.6.1' ],
43 silly audit   'form-data': [ '2.5.0', '2.3.3' ],
43 silly audit   formidable: [ '1.2.1' ],
43 silly audit   forwarded: [ '0.1.2' ],
43 silly audit   fresh: [ '0.5.2' ],
43 silly audit   fromentries: [ '1.3.2' ],
43 silly audit   'fs.realpath': [ '1.0.0' ],
43 silly audit   fsevents: [ '2.3.2' ],
43 silly audit   'function-bind': [ '1.1.1' ],
43 silly audit   gensync: [ '1.0.0-beta.2' ],
43 silly audit   'get-caller-file': [ '2.0.5' ],
43 silly audit   'get-func-name': [ '2.0.0' ],
43 silly audit   'get-package-type': [ '0.1.0' ],
43 silly audit   getpass: [ '0.1.7' ],
43 silly audit   glob: [ '7.2.0' ],
43 silly audit   'glob-parent': [ '5.1.2' ],
43 silly audit   globals: [ '11.12.0' ],
43 silly audit   'graceful-fs': [ '4.2.9' ],
43 silly audit   growl: [ '1.10.5' ],
43 silly audit   handlebars: [ '4.7.7' ],
43 silly audit   'har-schema': [ '2.0.0' ],
43 silly audit   'har-validator': [ '5.1.3' ],
43 silly audit   has: [ '1.0.3' ],
43 silly audit   hasha: [ '5.2.2' ],
43 silly audit   he: [ '1.2.0' ],
43 silly audit   'html-escaper': [ '2.0.2' ],
43 silly audit   'http-errors': [ '1.7.2' ],
43 silly audit   inherits: [ '2.0.3', '2.0.4' ],
43 silly audit   'http-signature': [ '1.2.0' ],
43 silly audit   'iconv-lite': [ '0.4.24' ],
43 silly audit   imurmurhash: [ '0.1.4' ],
43 silly audit   'indent-string': [ '4.0.0' ],
43 silly audit   inflight: [ '1.0.6' ],
43 silly audit   'ipaddr.js': [ '1.9.0' ],
43 silly audit   'is-arguments': [ '1.0.4' ],
43 silly audit   'is-binary-path': [ '2.1.0' ],
43 silly audit   'is-date-object': [ '1.0.1' ],
43 silly audit   'is-extglob': [ '2.1.1' ],
43 silly audit   'is-fullwidth-code-point': [ '3.0.0' ],
43 silly audit   'is-glob': [ '4.0.3' ],
43 silly audit   'is-number': [ '7.0.0' ],
43 silly audit   'is-plain-obj': [ '2.1.0' ],
43 silly audit   'is-regex': [ '1.0.4' ],
43 silly audit   'is-stream': [ '2.0.1' ],
43 silly audit   'is-typedarray': [ '1.0.0' ],
43 silly audit   'is-unicode-supported': [ '0.1.0' ],
43 silly audit   'is-windows': [ '1.0.2' ],
43 silly audit   isarray: [ '1.0.0' ],
43 silly audit   isexe: [ '2.0.0' ],
43 silly audit   isstream: [ '0.1.2' ],
43 silly audit   'istanbul-lib-coverage': [ '3.2.0' ],
43 silly audit   'istanbul-lib-hook': [ '3.0.0' ],
43 silly audit   'istanbul-lib-instrument': [ '4.0.3' ],
43 silly audit   'istanbul-lib-processinfo': [ '2.0.2' ],
43 silly audit   'istanbul-lib-report': [ '3.0.0' ],
43 silly audit   'istanbul-lib-source-maps': [ '4.0.1' ],
43 silly audit   'istanbul-reports': [ '3.1.4' ],
43 silly audit   'js-tokens': [ '4.0.0' ],
43 silly audit   jsbn: [ '0.1.1' ],
43 silly audit   jsesc: [ '2.5.2' ],
43 silly audit   'json-schema': [ '0.4.0' ],
43 silly audit   'json-schema-traverse': [ '0.4.1' ],
43 silly audit   'json-stringify-safe': [ '5.0.1' ],
43 silly audit   json5: [ '2.2.0' ],
43 silly audit   jsprim: [ '1.4.2' ],
43 silly audit   lodash: [ '4.17.21' ],
43 silly audit   'lodash.flattendeep': [ '4.4.0' ],
43 silly audit   'log-symbols': [ '4.1.0' ],
43 silly audit   'make-dir': [ '3.1.0' ],
43 silly audit   'media-typer': [ '0.3.0' ],
43 silly audit   'merge-descriptors': [ '1.0.1' ],
43 silly audit   methods: [ '1.1.2' ],
43 silly audit   mime: [ '1.6.0' ],
43 silly audit   'mime-db': [ '1.40.0' ],
43 silly audit   'mime-types': [ '2.1.24' ],
43 silly audit   minimatch: [ '3.0.4' ],
43 silly audit   minimist: [ '1.2.5' ],
43 silly audit   mkdirp: [ '0.5.5' ],
43 silly audit   mocha: [ '9.2.1' ],
43 silly audit   nanoid: [ '3.2.0' ],
43 silly audit   negotiator: [ '0.6.2' ],
43 silly audit   'neo-async': [ '2.6.1' ],
43 silly audit   nock: [ '10.0.6' ],
43 silly audit   'node-preload': [ '0.2.1' ],
43 silly audit   'node-releases': [ '2.0.2' ],
43 silly audit   'normalize-path': [ '3.0.0' ],
43 silly audit   nyc: [ '15.1.0' ],
43 silly audit   'wrap-ansi': [ '6.2.0', '7.0.0' ],
43 silly audit   y18n: [ '4.0.3', '5.0.8' ],
43 silly audit   yargs: [ '15.4.1', '16.2.0' ],
43 silly audit   'yargs-parser': [ '18.1.3', '20.2.4' ],
43 silly audit   'oauth-sign': [ '0.9.0' ],
43 silly audit   'object-is': [ '1.0.1' ],
43 silly audit   'object-keys': [ '1.1.1' ],
43 silly audit   'on-finished': [ '2.3.0' ],
43 silly audit   once: [ '1.4.0' ],
43 silly audit   'p-map': [ '3.0.0' ],
43 silly audit   'p-try': [ '2.2.0' ],
43 silly audit   'package-hash': [ '4.0.0' ],
43 silly audit   parseurl: [ '1.3.3' ],
43 silly audit   'path-exists': [ '4.0.0' ],
43 silly audit   'path-is-absolute': [ '1.0.1' ],
43 silly audit   'path-key': [ '3.1.1' ],
43 silly audit   'path-to-regexp': [ '0.1.7' ],
43 silly audit   pathval: [ '1.1.1' ],
43 silly audit   'performance-now': [ '2.1.0' ],
43 silly audit   picocolors: [ '1.0.0' ],
43 silly audit   picomatch: [ '2.3.1' ],
43 silly audit   'pkg-dir': [ '4.2.0' ],
43 silly audit   'process-nextick-args': [ '2.0.1' ],
43 silly audit   'process-on-spawn': [ '1.0.0' ],
43 silly audit   propagate: [ '1.0.0' ],
43 silly audit   'proxy-addr': [ '2.0.5' ],
43 silly audit   psl: [ '1.8.0' ],
43 silly audit   punycode: [ '2.1.1' ],
43 silly audit   randombytes: [ '2.1.0' ],
43 silly audit   'range-parser': [ '1.2.1' ],
43 silly audit   'raw-body': [ '2.4.0' ],
43 silly audit   'readable-stream': [ '2.3.6' ],
43 silly audit   readdirp: [ '3.6.0' ],
43 silly audit   'regexp.prototype.flags': [ '1.2.0' ],
43 silly audit   'release-zalgo': [ '1.0.0' ],
43 silly audit   request: [ '2.88.2' ],
43 silly audit   'require-directory': [ '2.1.1' ],
43 silly audit   'require-main-filename': [ '2.0.0' ],
43 silly audit   'resolve-from': [ '5.0.0' ],
43 silly audit   rimraf: [ '3.0.2' ],
43 silly audit   'safe-buffer': [ '5.1.2' ],
43 silly audit   'safer-buffer': [ '2.1.2' ],
43 silly audit   send: [ '0.17.1' ],
43 silly audit   'serialize-javascript': [ '6.0.0' ],
43 silly audit   'serve-static': [ '1.14.1' ],
43 silly audit   'set-blocking': [ '2.0.0' ],
43 silly audit   setprototypeof: [ '1.1.1' ],
43 silly audit   'shebang-command': [ '2.0.0' ],
43 silly audit   'shebang-regex': [ '3.0.0' ],
43 silly audit   'signal-exit': [ '3.0.7' ],
43 silly audit   'spawn-wrap': [ '2.0.0' ],
43 silly audit   'sprintf-js': [ '1.0.3' ],
43 silly audit   sshpk: [ '1.16.1' ],
43 silly audit   statuses: [ '1.5.0' ],
43 silly audit   string_decoder: [ '1.1.1' ],
43 silly audit   'string-width': [ '4.2.3' ],
43 silly audit   'strip-ansi': [ '6.0.1' ],
43 silly audit   'strip-bom': [ '4.0.0' ],
43 silly audit   'strip-json-comments': [ '3.1.1' ],
43 silly audit   superagent: [ '3.8.3' ],
43 silly audit   supertest: [ '4.0.2' ],
43 silly audit   'test-exclude': [ '6.0.0' ],
43 silly audit   'to-fast-properties': [ '2.0.0' ],
43 silly audit   'to-regex-range': [ '5.0.1' ],
43 silly audit   toidentifier: [ '1.0.0' ],
43 silly audit   'tough-cookie': [ '2.5.0' ],
43 silly audit   'tunnel-agent': [ '0.6.0' ],
43 silly audit   tweetnacl: [ '0.14.5' ],
43 silly audit   'type-detect': [ '4.0.8' ],
43 silly audit   'type-fest': [ '0.8.1' ],
43 silly audit   'type-is': [ '1.6.18' ],
43 silly audit   'typedarray-to-buffer': [ '3.1.5' ],
43 silly audit   'uglify-js': [ '3.9.2' ],
43 silly audit   unpipe: [ '1.0.0' ],
43 silly audit   'uri-js': [ '4.2.2' ],
43 silly audit   'util-deprecate': [ '1.0.2' ],
43 silly audit   'utils-merge': [ '1.0.1' ],
43 silly audit   uuid: [ '3.3.3' ],
43 silly audit   vary: [ '1.1.2' ],
43 silly audit   verror: [ '1.10.0' ],
43 silly audit   which: [ '2.0.2' ],
43 silly audit   'which-module': [ '2.0.0' ],
43 silly audit   wordwrap: [ '1.0.0' ],
43 silly audit   workerpool: [ '6.2.0' ],
43 silly audit   wrappy: [ '1.0.2' ],
43 silly audit   'write-file-atomic': [ '3.0.3' ],
43 silly audit   'yargs-unparser': [ '2.0.0' ],
43 silly audit   'yocto-queue': [ '0.1.0' ]
43 silly audit }
44 verbose reify failed optional dependency /home/user301/sample-master/external/node_modules/fsevents
45 silly reify mark deleted [ '/home/user301/sample-master/external/node_modules/fsevents' ]
46 timing reifyNode:node_modules/fsevents Completed in 79ms
47 silly tarball no local data for wordwrap@https://registry.npmjs.org/wordwrap/-/wordwrap-1.0.0.tgz. Extracting by manifest.
48 silly tarball no local data for verror@https://registry.npmjs.org/verror/-/verror-1.10.0.tgz. Extracting by manifest.
49 silly tarball no local data for uuid@https://registry.npmjs.org/uuid/-/uuid-3.3.3.tgz. Extracting by manifest.
50 silly tarball no local data for uri-js@https://registry.npmjs.org/uri-js/-/uri-js-4.2.2.tgz. Extracting by manifest.
51 silly tarball no local data for uglify-js@https://registry.npmjs.org/uglify-js/-/uglify-js-3.9.2.tgz. Extracting by manifest.
52 silly tarball no local data for tweetnacl@https://registry.npmjs.org/tweetnacl/-/tweetnacl-0.14.5.tgz. Extracting by manifest.
53 silly tarball no local data for tunnel-agent@https://registry.npmjs.org/tunnel-agent/-/tunnel-agent-0.6.0.tgz. Extracting by manifest.
54 silly tarball no local data for tough-cookie@https://registry.npmjs.org/tough-cookie/-/tough-cookie-2.5.0.tgz. Extracting by manifest.
55 silly tarball no local data for sshpk@https://registry.npmjs.org/sshpk/-/sshpk-1.16.1.tgz. Extracting by manifest.
56 silly tarball no local data for semver@https://registry.npmjs.org/semver/-/semver-5.7.1.tgz. Extracting by manifest.
57 silly tarball no local data for request@https://registry.npmjs.org/request/-/request-2.88.2.tgz. Extracting by manifest.
58 silly tarball no local data for regexp.prototype.flags@https://registry.npmjs.org/regexp.prototype.flags/-/regexp.prototype.flags-1.2.0.tgz. Extracting by manifest.
59 silly tarball no local data for qs@https://registry.npmjs.org/qs/-/qs-6.8.0.tgz. Extracting by manifest.
60 silly tarball no local data for punycode@https://registry.npmjs.org/punycode/-/punycode-2.1.1.tgz. Extracting by manifest.
61 silly tarball no local data for psl@https://registry.npmjs.org/psl/-/psl-1.8.0.tgz. Extracting by manifest.
62 silly tarball no local data for propagate@https://registry.npmjs.org/propagate/-/propagate-1.0.0.tgz. Extracting by manifest.
63 silly tarball no local data for performance-now@https://registry.npmjs.org/performance-now/-/performance-now-2.1.0.tgz. Extracting by manifest.
64 silly tarball no local data for object-keys@https://registry.npmjs.org/object-keys/-/object-keys-1.1.1.tgz. Extracting by manifest.
65 silly tarball no local data for object-is@https://registry.npmjs.org/object-is/-/object-is-1.0.1.tgz. Extracting by manifest.
66 silly tarball no local data for oauth-sign@https://registry.npmjs.org/oauth-sign/-/oauth-sign-0.9.0.tgz. Extracting by manifest.
67 silly tarball no local data for nock@https://registry.npmjs.org/nock/-/nock-10.0.6.tgz. Extracting by manifest.
68 silly tarball no local data for neo-async@https://registry.npmjs.org/neo-async/-/neo-async-2.6.1.tgz. Extracting by manifest.
69 silly tarball no local data for mkdirp@https://registry.npmjs.org/mkdirp/-/mkdirp-0.5.5.tgz. Extracting by manifest.
70 silly tarball no local data for lodash@https://registry.npmjs.org/lodash/-/lodash-4.17.21.tgz. Extracting by manifest.
71 silly tarball no local data for jsprim@https://registry.npmjs.org/jsprim/-/jsprim-1.4.2.tgz. Extracting by manifest.
72 silly tarball no local data for json-stringify-safe@https://registry.npmjs.org/json-stringify-safe/-/json-stringify-safe-5.0.1.tgz. Extracting by manifest.
73 silly tarball no local data for json-schema-traverse@https://registry.npmjs.org/json-schema-traverse/-/json-schema-traverse-0.4.1.tgz. Extracting by manifest.
74 silly tarball no local data for json-schema@https://registry.npmjs.org/json-schema/-/json-schema-0.4.0.tgz. Extracting by manifest.
75 silly tarball no local data for jsbn@https://registry.npmjs.org/jsbn/-/jsbn-0.1.1.tgz. Extracting by manifest.
76 silly tarball no local data for isstream@https://registry.npmjs.org/isstream/-/isstream-0.1.2.tgz. Extracting by manifest.
77 silly tarball no local data for is-regex@https://registry.npmjs.org/is-regex/-/is-regex-1.0.4.tgz. Extracting by manifest.
78 silly tarball no local data for is-date-object@https://registry.npmjs.org/is-date-object/-/is-date-object-1.0.1.tgz. Extracting by manifest.
79 silly tarball no local data for is-arguments@https://registry.npmjs.org/is-arguments/-/is-arguments-1.0.4.tgz. Extracting by manifest.
80 silly tarball no local data for inherits@https://registry.npmjs.org/inherits/-/inherits-2.0.4.tgz. Extracting by manifest.
81 silly tarball no local data for http-signature@https://registry.npmjs.org/http-signature/-/http-signature-1.2.0.tgz. Extracting by manifest.
82 silly tarball no local data for has@https://registry.npmjs.org/has/-/has-1.0.3.tgz. Extracting by manifest.
83 silly tarball no local data for har-validator@https://registry.npmjs.org/har-validator/-/har-validator-5.1.3.tgz. Extracting by manifest.
84 silly tarball no local data for har-schema@https://registry.npmjs.org/har-schema/-/har-schema-2.0.0.tgz. Extracting by manifest.
85 silly tarball no local data for handlebars@https://registry.npmjs.org/handlebars/-/handlebars-4.7.7.tgz. Extracting by manifest.
86 silly tarball no local data for getpass@https://registry.npmjs.org/getpass/-/getpass-0.1.7.tgz. Extracting by manifest.
87 silly tarball no local data for function-bind@https://registry.npmjs.org/function-bind/-/function-bind-1.1.1.tgz. Extracting by manifest.
88 silly tarball no local data for forever-agent@https://registry.npmjs.org/forever-agent/-/forever-agent-0.6.1.tgz. Extracting by manifest.
89 silly tarball no local data for fast-json-stable-stringify@https://registry.npmjs.org/fast-json-stable-stringify/-/fast-json-stable-stringify-2.1.0.tgz. Extracting by manifest.
90 silly tarball no local data for fast-deep-equal@https://registry.npmjs.org/fast-deep-equal/-/fast-deep-equal-3.1.1.tgz. Extracting by manifest.
91 silly tarball no local data for extsprintf@https://registry.npmjs.org/extsprintf/-/extsprintf-1.3.0.tgz. Extracting by manifest.
92 silly tarball no local data for express-handlebars@https://registry.npmjs.org/express-handlebars/-/express-handlebars-6.0.2.tgz. Extracting by manifest.
93 silly tarball no local data for ecc-jsbn@https://registry.npmjs.org/ecc-jsbn/-/ecc-jsbn-0.1.2.tgz. Extracting by manifest.
94 silly tarball no local data for define-properties@https://registry.npmjs.org/define-properties/-/define-properties-1.1.3.tgz. Extracting by manifest.
95 silly tarball no local data for deep-equal@https://registry.npmjs.org/deep-equal/-/deep-equal-1.1.0.tgz. Extracting by manifest.
96 silly tarball no local data for dashdash@https://registry.npmjs.org/dashdash/-/dashdash-1.14.1.tgz. Extracting by manifest.
97 silly tarball no local data for commander@https://registry.npmjs.org/commander/-/commander-2.20.3.tgz. Extracting by manifest.
98 silly tarball no local data for caseless@https://registry.npmjs.org/caseless/-/caseless-0.12.0.tgz. Extracting by manifest.
99 silly tarball no local data for bcrypt-pbkdf@https://registry.npmjs.org/bcrypt-pbkdf/-/bcrypt-pbkdf-1.0.2.tgz. Extracting by manifest.
100 silly tarball no local data for aws4@https://registry.npmjs.org/aws4/-/aws4-1.9.1.tgz. Extracting by manifest.
101 silly tarball no local data for aws-sign2@https://registry.npmjs.org/aws-sign2/-/aws-sign2-0.7.0.tgz. Extracting by manifest.
102 silly tarball no local data for assert-plus@https://registry.npmjs.org/assert-plus/-/assert-plus-1.0.0.tgz. Extracting by manifest.
103 silly tarball no local data for asn1@https://registry.npmjs.org/asn1/-/asn1-0.2.4.tgz. Extracting by manifest.
104 silly tarball no local data for ajv@https://registry.npmjs.org/ajv/-/ajv-6.12.6.tgz. Extracting by manifest.
105 silly tarball no local data for qs@https://registry.npmjs.org/qs/-/qs-6.5.2.tgz. Extracting by manifest.
106 silly tarball no local data for form-data@https://registry.npmjs.org/form-data/-/form-data-2.3.3.tgz. Extracting by manifest.
107 silly tarball no local data for debug@https://registry.npmjs.org/debug/-/debug-4.1.1.tgz. Extracting by manifest.
108 http fetch POST 200 https://registry.npmjs.org/-/npm/v1/security/advisories/bulk 1121ms
109 timing auditReport:getReport Completed in 1133ms
110 silly audit report {}
111 timing auditReport:init Completed in 0ms
112 timing reify:audit Completed in 1134ms
113 timing reifyNode:node_modules/wrappy Completed in 1576ms
114 timing reifyNode:node_modules/wrap-ansi Completed in 1576ms
115 timing reifyNode:node_modules/toidentifier Completed in 1576ms
116 timing reifyNode:node_modules/to-fast-properties Completed in 1576ms
117 timing reifyNode:node_modules/shebang-command Completed in 1575ms
118 timing reifyNode:node_modules/process-nextick-args Completed in 1582ms
119 timing reifyNode:node_modules/path-is-absolute Completed in 1589ms
120 timing reifyNode:node_modules/once Completed in 1588ms
121 timing reifyNode:node_modules/normalize-path Completed in 1587ms
122 timing reifyNode:node_modules/ms Completed in 1643ms
123 timing reifyNode:node_modules/lodash.flattendeep Completed in 1643ms
124 timing reifyNode:node_modules/package-hash Completed in 1653ms
125 timing reifyNode:node_modules/is-windows Completed in 1643ms
126 timing reifyNode:node_modules/is-number Completed in 1644ms
127 timing reifyNode:node_modules/is-extglob Completed in 1643ms
128 timing reifyNode:node_modules/inflight Completed in 1643ms
129 timing reifyNode:node_modules/imurmurhash Completed in 1644ms
130 timing reifyNode:node_modules/find-cache-dir Completed in 1642ms
131 timing reifyNode:node_modules/escape-html Completed in 1641ms
132 timing reifyNode:node_modules/ee-first Completed in 1641ms
133 timing reifyNode:node_modules/destroy Completed in 1642ms
134 timing reifyNode:node_modules/decamelize Completed in 1642ms
135 timing reifyNode:node_modules/convert-source-map Completed in 1642ms
136 timing reifyNode:node_modules/color-name Completed in 1641ms
137 timing reifyNode:node_modules/caching-transform Completed in 1642ms
138 timing reifyNode:node_modules/browser-stdout Completed in 1642ms
139 timing reifyNode:node_modules/brace-expansion Completed in 1643ms
140 timing reifyNode:node_modules/array-flatten Completed in 1643ms
141 timing reifyNode:node_modules/send/node_modules/debug/node_modules/ms Completed in 1695ms
142 timing reifyNode:node_modules/nyc/node_modules/wrap-ansi Completed in 1687ms
143 timing reifyNode:node_modules/mocha/node_modules/ms Completed in 1684ms
144 timing reifyNode:node_modules/mocha/node_modules/debug/node_modules/ms Completed in 1684ms
145 timing reifyNode:node_modules/istanbul-lib-source-maps/node_modules/ms Completed in 1682ms
146 timing reifyNode:node_modules/finalhandler/node_modules/ms Completed in 1675ms
147 timing reifyNode:node_modules/express/node_modules/ms Completed in 1676ms
148 timing reifyNode:node_modules/body-parser/node_modules/ms Completed in 1673ms
149 timing reifyNode:node_modules/@babel/traverse/node_modules/ms Completed in 1672ms
150 timing reifyNode:node_modules/@babel/highlight/node_modules/has-flag Completed in 1672ms
151 timing reifyNode:node_modules/@babel/highlight/node_modules/escape-string-regexp Completed in 1677ms
152 timing reifyNode:node_modules/@babel/highlight/node_modules/ansi-styles Completed in 1679ms
153 timing reifyNode:node_modules/@babel/core/node_modules/ms Completed in 1677ms
154 timing reifyNode:node_modules/yocto-queue Completed in 1726ms
155 timing reifyNode:node_modules/which-module Completed in 1754ms
156 timing reifyNode:node_modules/vary Completed in 1754ms
157 timing reifyNode:node_modules/utils-merge Completed in 1753ms
158 timing reifyNode:node_modules/unpipe Completed in 1754ms
159 timing reifyNode:node_modules/type-is Completed in 1762ms
160 timing reifyNode:node_modules/to-regex-range Completed in 1767ms
161 timing reifyNode:node_modules/supports-color Completed in 1767ms
162 timing reifyNode:node_modules/strip-json-comments Completed in 1768ms
163 timing reifyNode:node_modules/strip-bom Completed in 1767ms
164 timing reifyNode:node_modules/strip-ansi Completed in 1767ms
165 timing reifyNode:node_modules/string-width Completed in 1777ms
166 timing reifyNode:node_modules/signal-exit Completed in 1779ms
167 timing reifyNode:node_modules/shebang-regex Completed in 1778ms
168 timing reifyNode:node_modules/set-blocking Completed in 1782ms
169 timing reifyNode:node_modules/serialize-javascript Completed in 1782ms
170 timing reifyNode:node_modules/resolve-from Completed in 1782ms
171 timing reifyNode:node_modules/require-main-filename Completed in 1782ms
172 timing reifyNode:node_modules/range-parser Completed in 1782ms
173 timing reifyNode:node_modules/process-on-spawn Completed in 1782ms
174 timing reifyNode:node_modules/pkg-dir Completed in 1782ms
175 timing reifyNode:node_modules/path-to-regexp Completed in 1784ms
176 timing reifyNode:node_modules/path-key Completed in 1785ms
177 timing reifyNode:node_modules/path-exists Completed in 1785ms
178 timing reifyNode:node_modules/parseurl Completed in 1785ms
179 timing reifyNode:node_modules/p-try Completed in 1785ms
180 timing reifyNode:node_modules/p-map Completed in 1785ms
181 timing reifyNode:node_modules/p-limit Completed in 1784ms
182 timing reifyNode:node_modules/on-finished Completed in 1784ms
183 timing reifyNode:node_modules/p-locate Completed in 1785ms
184 timing reifyNode:node_modules/mime-types Completed in 1915ms
185 timing reifyNode:node_modules/merge-descriptors Completed in 1915ms
186 timing reifyNode:node_modules/methods Completed in 1916ms
187 timing reifyNode:node_modules/media-typer Completed in 1917ms
188 timing reifyNode:node_modules/make-dir Completed in 1917ms
189 timing reifyNode:node_modules/locate-path Completed in 1916ms
190 timing reifyNode:node_modules/is-unicode-supported Completed in 1915ms
191 timing reifyNode:node_modules/is-typedarray Completed in 1916ms
192 timing reifyNode:node_modules/is-stream Completed in 1916ms
193 timing reifyNode:node_modules/is-plain-obj Completed in 1916ms
194 timing reifyNode:node_modules/is-glob Completed in 1916ms
195 timing reifyNode:node_modules/is-fullwidth-code-point Completed in 1916ms
196 timing reifyNode:node_modules/is-binary-path Completed in 1916ms
197 timing reifyNode:node_modules/indent-string Completed in 1916ms
198 timing reifyNode:node_modules/has-flag Completed in 1918ms
199 timing reifyNode:node_modules/glob-parent Completed in 1918ms
200 timing reifyNode:node_modules/get-func-name Completed in 1919ms
201 timing reifyNode:node_modules/fromentries Completed in 1919ms
202 timing reifyNode:node_modules/fresh Completed in 1919ms
203 timing reifyNode:node_modules/forwarded Completed in 1920ms
204 timing reifyNode:node_modules/find-up Completed in 1920ms
205 timing reifyNode:node_modules/finalhandler Completed in 1920ms
206 timing reifyNode:node_modules/fill-range Completed in 1920ms
207 timing reifyNode:node_modules/escape-string-regexp Completed in 1919ms
208 timing reifyNode:node_modules/encodeurl Completed in 1921ms
209 timing reifyNode:node_modules/default-require-extensions Completed in 1920ms
210 timing reifyNode:node_modules/cookiejar Completed in 1920ms
211 timing reifyNode:node_modules/cookie-signature Completed in 1921ms
212 timing reifyNode:node_modules/content-type Completed in 1921ms
213 timing reifyNode:node_modules/component-emitter Completed in 1920ms
214 timing reifyNode:node_modules/clean-stack Completed in 1920ms
215 timing reifyNode:node_modules/camelcase Completed in 1920ms
216 timing reifyNode:node_modules/bytes Completed in 1920ms
217 timing reifyNode:node_modules/balanced-match Completed in 1920ms
218 timing reifyNode:node_modules/assertion-error Completed in 1921ms
219 timing reifyNode:node_modules/append-transform Completed in 1922ms
220 timing reifyNode:node_modules/anymatch Completed in 1922ms
221 timing reifyNode:node_modules/ansi-regex Completed in 1922ms
222 timing reifyNode:node_modules/aggregate-error Completed in 1922ms
223 timing reifyNode:node_modules/accepts Completed in 1922ms
224 timing reifyNode:node_modules/@babel/highlight Completed in 1925ms
225 timing reifyNode:node_modules/@babel/helper-split-export-declaration Completed in 1924ms
226 timing reifyNode:node_modules/@babel/helper-simple-access Completed in 1924ms
227 timing reifyNode:node_modules/@babel/helper-hoist-variables Completed in 1925ms
228 timing reifyNode:node_modules/@babel/helper-get-function-arity Completed in 1926ms
229 timing reifyNode:node_modules/@babel/helper-function-name Completed in 1926ms
230 timing reifyNode:node_modules/@babel/helper-environment-visitor Completed in 1927ms
231 timing reifyNode:node_modules/yargs-unparser/node_modules/decamelize Completed in 1971ms
232 timing reifyNode:node_modules/yargs-unparser/node_modules/camelcase Completed in 1971ms
233 timing reifyNode:node_modules/pkg-dir/node_modules/p-locate Completed in 1964ms
234 timing reifyNode:node_modules/pkg-dir/node_modules/p-limit Completed in 1963ms
235 timing reifyNode:node_modules/pkg-dir/node_modules/locate-path Completed in 1964ms
236 timing reifyNode:node_modules/pkg-dir/node_modules/find-up Completed in 1964ms
237 timing reifyNode:node_modules/nyc/node_modules/y18n Completed in 1959ms
238 timing reifyNode:node_modules/nyc/node_modules/p-locate Completed in 1960ms
239 timing reifyNode:node_modules/nyc/node_modules/p-limit Completed in 1959ms
240 timing reifyNode:node_modules/nyc/node_modules/find-up Completed in 1959ms
241 timing reifyNode:node_modules/nyc/node_modules/locate-path Completed in 1959ms
242 timing reifyNode:node_modules/istanbul-lib-report/node_modules/supports-color Completed in 1953ms
243 timing reifyNode:node_modules/http-errors/node_modules/inherits Completed in 1950ms
244 timing reifyNode:node_modules/chalk/node_modules/supports-color Completed in 1939ms
245 timing reifyNode:node_modules/@istanbuljs/load-nyc-config/node_modules/p-locate Completed in 1937ms
246 timing reifyNode:node_modules/@istanbuljs/load-nyc-config/node_modules/p-limit Completed in 1936ms
247 timing reifyNode:node_modules/@istanbuljs/load-nyc-config/node_modules/locate-path Completed in 1936ms
248 timing reifyNode:node_modules/@istanbuljs/load-nyc-config/node_modules/find-up Completed in 1937ms
249 timing reifyNode:node_modules/@babel/highlight/node_modules/supports-color Completed in 1936ms
250 timing reifyNode:node_modules/etag Completed in 1973ms
251 timing reifyNode:node_modules/yargs-unparser Completed in 2004ms
252 timing reifyNode:node_modules/write-file-atomic Completed in 2005ms
253 timing reifyNode:node_modules/@babel/code-frame Completed in 1967ms
254 timing reifyNode:node_modules/util-deprecate Completed in 2010ms
255 timing reifyNode:node_modules/proxy-addr Completed in 2023ms
256 timing reifyNode:node_modules/pathval Completed in 2023ms
257 timing reifyNode:node_modules/minimatch Completed in 2063ms
258 timing reifyNode:node_modules/log-symbols Completed in 2063ms
259 timing reifyNode:node_modules/js-tokens Completed in 2063ms
260 timing reifyNode:node_modules/http-errors Completed in 2061ms
261 timing reifyNode:node_modules/get-caller-file Completed in 2060ms
262 timing reifyNode:node_modules/fs.realpath Completed in 2059ms
263 timing reifyNode:node_modules/foreground-child Completed in 2060ms
264 timing reifyNode:node_modules/cookie Completed in 2058ms
265 timing reifyNode:node_modules/combined-stream Completed in 2057ms
266 timing reifyNode:node_modules/ansi-styles Completed in 2056ms
267 timing reifyNode:node_modules/@istanbuljs/load-nyc-config Completed in 2056ms
268 timing reifyNode:node_modules/which Completed in 2104ms
269 timing reifyNode:node_modules/supertest Completed in 2103ms
270 timing reifyNode:node_modules/string_decoder Completed in 2102ms
271 timing reifyNode:node_modules/setprototypeof Completed in 2102ms
272 timing reifyNode:node_modules/serve-static Completed in 2102ms
273 timing reifyNode:node_modules/safe-buffer Completed in 2102ms
274 timing reifyNode:node_modules/readdirp Completed in 2101ms
275 timing reifyNode:node_modules/picocolors Completed in 2100ms
276 timing reifyNode:node_modules/istanbul-lib-processinfo Completed in 2141ms
277 timing reifyNode:node_modules/hasha Completed in 2139ms
278 timing reifyNode:node_modules/globals Completed in 2139ms
279 timing reifyNode:node_modules/delayed-stream Completed in 2135ms
280 timing reifyNode:node_modules/content-disposition Completed in 2133ms
281 timing reifyNode:node_modules/check-error Completed in 2132ms
282 timing reifyNode:node_modules/binary-extensions Completed in 2131ms
283 timing reifyNode:node_modules/@istanbuljs/schema Completed in 2135ms
284 timing reifyNode:node_modules/@babel/helper-validator-option Completed in 2133ms
285 timing reifyNode:node_modules/nyc/node_modules/cliui Completed in 2163ms
286 timing reifyNode:node_modules/@babel/highlight/node_modules/color-name Completed in 2137ms
287 timing reifyNode:node_modules/typedarray-to-buffer Completed in 2182ms
288 timing reifyNode:node_modules/type-detect Completed in 2186ms
289 timing reifyNode:node_modules/send Completed in 2184ms
290 timing reifyNode:node_modules/rimraf Completed in 2183ms
291 timing reifyNode:node_modules/require-directory Completed in 2183ms
292 timing reifyNode:node_modules/raw-body Completed in 2183ms
293 timing reifyNode:node_modules/randombytes Completed in 2183ms
294 timing reifyNode:node_modules/isarray Completed in 2195ms
295 timing reifyNode:node_modules/commondir Completed in 2185ms
296 timing reifyNode:node_modules/statuses Completed in 2233ms
297 timing reifyNode:node_modules/istanbul-lib-hook Completed in 2243ms
298 timing reifyNode:node_modules/get-package-type Completed in 2239ms
299 timing reifyNode:node_modules/deep-eql Completed in 2234ms
300 timing reifyNode:node_modules/core-util-is Completed in 2233ms
301 timing reifyNode:node_modules/concat-map Completed in 2233ms
302 timing reifyNode:node_modules/color-convert Completed in 2232ms
303 timing reifyNode:node_modules/ansi-colors Completed in 2230ms
304 timing reifyNode:node_modules/@babel/helper-validator-identifier Completed in 2232ms
305 timing reifyNode:node_modules/mocha/node_modules/debug Completed in 2263ms
306 timing reifyNode:node_modules/istanbul-lib-source-maps/node_modules/debug Completed in 2259ms
307 timing reifyNode:node_modules/@babel/traverse/node_modules/debug Completed in 2243ms
308 timing reifyNode:node_modules/@babel/highlight/node_modules/color-convert Completed in 2242ms
309 timing reifyNode:node_modules/@babel/core/node_modules/debug Completed in 2241ms
310 timing reifyNode:node_modules/test-exclude Completed in 2284ms
311 timing reifyNode:node_modules/safer-buffer Completed in 2282ms
312 timing reifyNode:node_modules/release-zalgo Completed in 2283ms
313 timing reifyNode:node_modules/isexe Completed in 2294ms
314 timing reifyNode:node_modules/graceful-fs Completed in 2292ms
315 timing reifyNode:node_modules/flat Completed in 2289ms
316 timing reifyNode:node_modules/extend Completed in 2289ms
317 timing reifyNode:node_modules/es6-error Completed in 2288ms
318 timing reifyNode:node_modules/@ungap/promise-all-settled Completed in 2281ms
319 timing reifyNode:node_modules/@babel/helper-module-imports Completed in 2280ms
320 timing reifyNode:node_modules/@babel/highlight/node_modules/chalk Completed in 2285ms
321 timing reifyNode:node_modules/negotiator Completed in 2315ms
322 timing reifyNode:node_modules/ipaddr.js Completed in 2328ms
323 timing reifyNode:node_modules/glob Completed in 2326ms
324 timing reifyNode:node_modules/gensync Completed in 2327ms
325 timing reifyNode:node_modules/form-data Completed in 2327ms
326 timing reifyNode:node_modules/escalade Completed in 2324ms
327 timing reifyNode:node_modules/chalk Completed in 2320ms
328 timing reifyNode:node_modules/node-releases Completed in 2350ms
329 timing reifyNode:node_modules/jsesc Completed in 2374ms
330 timing reifyNode:node_modules/emoji-regex Completed in 2365ms
331 timing reifyNode:node_modules/cross-spawn Completed in 2363ms
332 timing reifyNode:node_modules/archy Completed in 2360ms
333 timing reifyNode:node_modules/@babel/helper-compilation-targets Completed in 2357ms
334 timing reifyNode:node_modules/node-preload Completed in 2392ms
335 timing reifyNode:node_modules/@babel/helper-module-transforms Completed in 2387ms
336 timing reifyNode:node_modules/nyc/node_modules/yargs-parser Completed in 2418ms
337 timing reifyNode:node_modules/make-dir/node_modules/semver Completed in 2412ms
338 timing reifyNode:node_modules/istanbul-lib-instrument/node_modules/semver Completed in 2410ms
339 timing reifyNode:node_modules/@babel/helper-compilation-targets/node_modules/semver Completed in 2391ms
340 timing reifyNode:node_modules/y18n Completed in 2435ms
341 timing reifyNode:node_modules/@babel/core/node_modules/semver Completed in 2392ms
342 timing reifyNode:node_modules/cliui Completed in 2444ms
343 timing reifyNode:node_modules/@jridgewell/resolve-uri Completed in 2442ms
344 timing reifyNode:node_modules/@babel/template Completed in 2442ms
345 timing reifyNode:node_modules/@jridgewell/sourcemap-codec Completed in 2444ms
346 timing reifyNode:node_modules/mime Completed in 2489ms
347 timing reifyNode:node_modules/istanbul-lib-coverage Completed in 2488ms
348 timing reifyNode:node_modules/html-escaper Completed in 2485ms
349 timing reifyNode:node_modules/istanbul-lib-report Completed in 2528ms
350 timing reifyNode:node_modules/he Completed in 2525ms
351 timing reifyNode:node_modules/istanbul-lib-source-maps Completed in 2530ms
352 timing reifyNode:node_modules/braces Completed in 2515ms
353 timing reifyNode:node_modules/debug Completed in 2520ms
354 timing reifyNode:node_modules/growl Completed in 2527ms
355 timing reifyNode:node_modules/istanbul-lib-instrument Completed in 2551ms
356 timing reifyNode:node_modules/browserslist Completed in 2537ms
357 timing reifyNode:node_modules/@jridgewell/trace-mapping Completed in 2535ms
358 timing reifyNode:node_modules/picomatch Completed in 2581ms
359 timing reifyNode:node_modules/mime-db Completed in 2589ms
360 timing reifyNode:node_modules/depd Completed in 2578ms
361 timing reifyNode:node_modules/argparse Completed in 2572ms
362 timing reifyNode:node_modules/body-parser Completed in 2574ms
363 timing reifyNode:node_modules/chokidar Completed in 2577ms
364 timing reifyNode:node_modules/yargs-parser Completed in 2614ms
365 timing reifyNode:node_modules/@babel/compat-data Completed in 2648ms
366 http fetch GET 200 https://registry.npmjs.org/har-validator/-/har-validator-5.1.3.tgz 2372ms (cache miss)
367 timing reifyNode:node_modules/har-validator Completed in 2677ms
368 timing reifyNode:node_modules/asynckit Completed in 2680ms
369 http fetch GET 200 https://registry.npmjs.org/propagate/-/propagate-1.0.0.tgz 2429ms (cache miss)
370 timing reifyNode:node_modules/propagate Completed in 2721ms
371 http fetch GET 200 https://registry.npmjs.org/object-is/-/object-is-1.0.1.tgz 2428ms (cache miss)
372 timing reifyNode:node_modules/object-is Completed in 2718ms
373 timing reifyNode:node_modules/send/node_modules/debug Completed in 2740ms
374 timing reifyNode:node_modules/finalhandler/node_modules/debug Completed in 2717ms
375 timing reifyNode:node_modules/express/node_modules/debug Completed in 2715ms
376 timing reifyNode:node_modules/body-parser/node_modules/debug Completed in 2708ms
377 timing reifyNode:node_modules/@ampproject/remapping Completed in 2704ms
378 timing reifyNode:node_modules/spawn-wrap Completed in 2745ms
379 http fetch GET 200 https://registry.npmjs.org/aws4/-/aws4-1.9.1.tgz 2404ms (cache miss)
380 timing reifyNode:node_modules/aws4 Completed in 2723ms
381 timing reifyNode:node_modules/sprintf-js Completed in 2762ms
382 timing reifyNode:node_modules/formidable Completed in 2752ms
383 timing reifyNode:node_modules/electron-to-chromium Completed in 2749ms
384 http fetch GET 200 https://registry.npmjs.org/ecc-jsbn/-/ecc-jsbn-0.1.2.tgz 2447ms (cache miss)
385 timing reifyNode:node_modules/ecc-jsbn Completed in 2765ms
386 timing reifyNode:node_modules/minimist Completed in 2784ms
387 timing reifyNode:node_modules/type-fest Completed in 2803ms
388 http fetch GET 200 https://registry.npmjs.org/json-schema/-/json-schema-0.4.0.tgz 2555ms (cache miss)
389 timing reifyNode:node_modules/json-schema Completed in 2852ms
390 http fetch GET 200 https://registry.npmjs.org/har-schema/-/har-schema-2.0.0.tgz 2542ms (cache miss)
391 timing reifyNode:node_modules/@babel/helpers Completed in 2844ms
392 timing reifyNode:node_modules/esprima Completed in 2872ms
393 http fetch GET 200 https://registry.npmjs.org/mkdirp/-/mkdirp-0.5.5.tgz 2608ms (cache miss)
394 timing reifyNode:node_modules/mkdirp Completed in 2902ms
395 http fetch GET 200 https://registry.npmjs.org/tunnel-agent/-/tunnel-agent-0.6.0.tgz 2659ms (cache miss)
396 timing reifyNode:node_modules/tunnel-agent Completed in 2945ms
397 http fetch GET 200 https://registry.npmjs.org/inherits/-/inherits-2.0.4.tgz 2633ms (cache miss)
398 timing reifyNode:node_modules/inherits Completed in 2936ms
399 http fetch GET 200 https://registry.npmjs.org/define-properties/-/define-properties-1.1.3.tgz 2611ms (cache miss)
400 timing reifyNode:node_modules/define-properties Completed in 2928ms
401 http fetch GET 200 https://registry.npmjs.org/forever-agent/-/forever-agent-0.6.1.tgz 2663ms (cache miss)
402 timing reifyNode:node_modules/forever-agent Completed in 2972ms
403 timing reifyNode:node_modules/nanoid Completed in 2987ms
404 http fetch GET 200 https://registry.npmjs.org/object-keys/-/object-keys-1.1.1.tgz 2705ms (cache miss)
405 timing reifyNode:node_modules/object-keys Completed in 2995ms
406 http fetch GET 200 https://registry.npmjs.org/oauth-sign/-/oauth-sign-0.9.0.tgz 2705ms (cache miss)
407 timing reifyNode:node_modules/oauth-sign Completed in 2995ms
408 http fetch GET 200 https://registry.npmjs.org/has/-/has-1.0.3.tgz 2680ms (cache miss)
409 timing reifyNode:node_modules/has Completed in 2985ms
410 http fetch GET 200 https://registry.npmjs.org/punycode/-/punycode-2.1.1.tgz 2720ms (cache miss)
411 timing reifyNode:node_modules/punycode Completed in 3010ms
412 timing reifyNode:node_modules/har-schema Completed in 2993ms
413 http fetch GET 200 https://registry.npmjs.org/function-bind/-/function-bind-1.1.1.tgz 2686ms (cache miss)
414 timing reifyNode:node_modules/function-bind Completed in 2995ms
415 http fetch GET 200 https://registry.npmjs.org/fast-deep-equal/-/fast-deep-equal-3.1.1.tgz 2676ms (cache miss)
416 timing reifyNode:node_modules/fast-deep-equal Completed in 2993ms
417 http fetch GET 200 https://registry.npmjs.org/aws-sign2/-/aws-sign2-0.7.0.tgz 2666ms (cache miss)
418 timing reifyNode:node_modules/aws-sign2 Completed in 2987ms
419 timing reifyNode:node_modules/express/node_modules/qs Completed in 3007ms
420 timing reifyNode:node_modules/body-parser/node_modules/qs Completed in 3000ms
421 http fetch GET 200 https://registry.npmjs.org/is-regex/-/is-regex-1.0.4.tgz 2719ms (cache miss)
422 timing reifyNode:node_modules/is-regex Completed in 3020ms
423 http fetch GET 200 https://registry.npmjs.org/is-date-object/-/is-date-object-1.0.1.tgz 2724ms (cache miss)
424 timing reifyNode:node_modules/is-date-object Completed in 3025ms
425 http fetch GET 200 https://registry.npmjs.org/isstream/-/isstream-0.1.2.tgz 2729ms (cache miss)
426 timing reifyNode:node_modules/isstream Completed in 3028ms
427 http fetch GET 200 https://registry.npmjs.org/assert-plus/-/assert-plus-1.0.0.tgz 2693ms (cache miss)
428 timing reifyNode:node_modules/assert-plus Completed in 3013ms
429 http fetch GET 200 https://registry.npmjs.org/caseless/-/caseless-0.12.0.tgz 2698ms (cache miss)
430 timing reifyNode:node_modules/caseless Completed in 3016ms
431 timing reifyNode:node_modules/express Completed in 3025ms
432 http fetch GET 200 https://registry.npmjs.org/verror/-/verror-1.10.0.tgz 2776ms (cache miss)
433 timing reifyNode:node_modules/verror Completed in 3058ms
434 http fetch GET 200 https://registry.npmjs.org/json-schema-traverse/-/json-schema-traverse-0.4.1.tgz 2750ms (cache miss)
435 timing reifyNode:node_modules/json-schema-traverse Completed in 3046ms
436 timing reifyNode:node_modules/readable-stream Completed in 3073ms
437 timing reifyNode:node_modules/nyc Completed in 3067ms
438 http fetch GET 200 https://registry.npmjs.org/getpass/-/getpass-0.1.7.tgz 2761ms (cache miss)
439 timing reifyNode:node_modules/getpass Completed in 3068ms
440 timing reifyNode:node_modules/@babel/generator Completed in 3054ms
441 http fetch GET 200 https://registry.npmjs.org/jsbn/-/jsbn-0.1.1.tgz 2789ms (cache miss)
442 timing reifyNode:node_modules/jsbn Completed in 3086ms
443 http fetch GET 200 https://registry.npmjs.org/jsprim/-/jsprim-1.4.2.tgz 2794ms (cache miss)
444 timing reifyNode:node_modules/jsprim Completed in 3088ms
445 http fetch GET 200 https://registry.npmjs.org/json-stringify-safe/-/json-stringify-safe-5.0.1.tgz 2794ms (cache miss)
446 timing reifyNode:node_modules/json-stringify-safe Completed in 3089ms
447 http fetch GET 200 https://registry.npmjs.org/commander/-/commander-2.20.3.tgz 2759ms (cache miss)
448 timing reifyNode:node_modules/commander Completed in 3078ms
449 http fetch GET 200 https://registry.npmjs.org/performance-now/-/performance-now-2.1.0.tgz 2821ms (cache miss)
450 timing reifyNode:node_modules/performance-now Completed in 3113ms
451 http fetch GET 200 https://registry.npmjs.org/is-arguments/-/is-arguments-1.0.4.tgz 2796ms (cache miss)
452 timing reifyNode:node_modules/is-arguments Completed in 3099ms
453 http fetch GET 200 https://registry.npmjs.org/asn1/-/asn1-0.2.4.tgz 2765ms (cache miss)
454 timing reifyNode:node_modules/asn1 Completed in 3085ms
455 http fetch GET 200 https://registry.npmjs.org/fast-json-stable-stringify/-/fast-json-stable-stringify-2.1.0.tgz 2788ms (cache miss)
456 timing reifyNode:node_modules/fast-json-stable-stringify Completed in 3105ms
457 http fetch GET 200 https://registry.npmjs.org/wordwrap/-/wordwrap-1.0.0.tgz 2860ms (cache miss)
458 timing reifyNode:node_modules/wordwrap Completed in 3139ms
459 http fetch GET 200 https://registry.npmjs.org/regexp.prototype.flags/-/regexp.prototype.flags-1.2.0.tgz 2846ms (cache miss)
460 timing reifyNode:node_modules/regexp.prototype.flags Completed in 3134ms
461 http fetch GET 200 https://registry.npmjs.org/extsprintf/-/extsprintf-1.3.0.tgz 2798ms (cache miss)
462 timing reifyNode:node_modules/extsprintf Completed in 3116ms
463 timing reifyNode:node_modules/json5 Completed in 3130ms
464 http fetch GET 200 https://registry.npmjs.org/deep-equal/-/deep-equal-1.1.0.tgz 2826ms (cache miss)
465 timing reifyNode:node_modules/deep-equal Completed in 3145ms
466 http fetch GET 200 https://registry.npmjs.org/semver/-/semver-5.7.1.tgz 2894ms (cache miss)
467 timing reifyNode:node_modules/semver Completed in 3182ms
468 http fetch GET 200 https://registry.npmjs.org/http-signature/-/http-signature-1.2.0.tgz 2872ms (cache miss)
469 timing reifyNode:node_modules/http-signature Completed in 3176ms
470 http fetch GET 200 https://registry.npmjs.org/bcrypt-pbkdf/-/bcrypt-pbkdf-1.0.2.tgz 2847ms (cache miss)
471 timing reifyNode:node_modules/bcrypt-pbkdf Completed in 3166ms
472 timing reifyNode:node_modules/@istanbuljs/load-nyc-config/node_modules/argparse Completed in 3174ms
473 http fetch GET 200 https://registry.npmjs.org/tough-cookie/-/tough-cookie-2.5.0.tgz 2936ms (cache miss)
474 timing reifyNode:node_modules/tough-cookie Completed in 3222ms
475 http fetch GET 200 https://registry.npmjs.org/dashdash/-/dashdash-1.14.1.tgz 2877ms (cache miss)
476 timing reifyNode:node_modules/dashdash Completed in 3197ms
477 timing reifyNode:node_modules/iconv-lite Completed in 3207ms
478 http fetch GET 200 https://registry.npmjs.org/debug/-/debug-4.1.1.tgz 2880ms (cache miss)
479 timing reifyNode:node_modules/nock/node_modules/debug Completed in 3230ms
480 timing reifyNode:node_modules/workerpool Completed in 3260ms
481 http fetch GET 200 https://registry.npmjs.org/uuid/-/uuid-3.3.3.tgz 2991ms (cache miss)
482 timing reifyNode:node_modules/uuid Completed in 3274ms
483 http fetch GET 200 https://registry.npmjs.org/form-data/-/form-data-2.3.3.tgz 2928ms (cache miss)
484 timing reifyNode:node_modules/request/node_modules/form-data Completed in 3287ms
485 timing reifyNode:node_modules/superagent Completed in 3358ms
486 http fetch GET 200 https://registry.npmjs.org/qs/-/qs-6.5.2.tgz 3004ms (cache miss)
487 timing reifyNode:node_modules/request/node_modules/qs Completed in 3363ms
488 timing reifyNode:node_modules/@babel/traverse Completed in 3332ms
489 timing reifyNode:node_modules/js-yaml Completed in 3366ms
490 timing reifyNode:node_modules/diff Completed in 3356ms
491 http fetch GET 200 https://registry.npmjs.org/qs/-/qs-6.8.0.tgz 3100ms (cache miss)
492 timing reifyNode:node_modules/qs Completed in 3390ms
493 http fetch GET 200 https://registry.npmjs.org/tweetnacl/-/tweetnacl-0.14.5.tgz 3112ms (cache miss)
494 timing reifyNode:node_modules/tweetnacl Completed in 3398ms
495 timing reifyNode:node_modules/@babel/generator/node_modules/source-map Completed in 3362ms
496 timing reifyNode:node_modules/source-map Completed in 3427ms
497 timing reifyNode:node_modules/@istanbuljs/load-nyc-config/node_modules/js-yaml Completed in 3409ms
498 http fetch GET 200 https://registry.npmjs.org/request/-/request-2.88.2.tgz 3187ms (cache miss)
499 timing reifyNode:node_modules/request Completed in 3476ms
500 http fetch GET 200 https://registry.npmjs.org/nock/-/nock-10.0.6.tgz 3185ms (cache miss)
501 timing reifyNode:node_modules/nock Completed in 3474ms
502 timing reifyNode:node_modules/nyc/node_modules/yargs Completed in 3479ms
503 timing reifyNode:node_modules/yargs Completed in 3500ms
504 http fetch GET 200 https://registry.npmjs.org/psl/-/psl-1.8.0.tgz 3203ms (cache miss)
505 timing reifyNode:node_modules/psl Completed in 3495ms
506 http fetch GET 200 https://registry.npmjs.org/express-handlebars/-/express-handlebars-6.0.2.tgz 3209ms (cache miss)
507 timing reifyNode:node_modules/express-handlebars Completed in 3527ms
508 timing reifyNode:node_modules/chai Completed in 3523ms
509 http fetch GET 200 https://registry.npmjs.org/sshpk/-/sshpk-1.16.1.tgz 3287ms (cache miss)
510 timing reifyNode:node_modules/sshpk Completed in 3575ms
511 timing reifyNode:node_modules/@babel/parser Completed in 3579ms
512 timing reifyNode:node_modules/istanbul-reports Completed in 3631ms
513 timing reifyNode:node_modules/@babel/core Completed in 3611ms
514 http fetch GET 200 https://registry.npmjs.org/uglify-js/-/uglify-js-3.9.2.tgz 3428ms (cache miss)
515 timing reifyNode:node_modules/uglify-js Completed in 3713ms
516 http fetch GET 200 https://registry.npmjs.org/neo-async/-/neo-async-2.6.1.tgz 3426ms (cache miss)
517 timing reifyNode:node_modules/neo-async Completed in 3721ms
518 http fetch GET 200 https://registry.npmjs.org/uri-js/-/uri-js-4.2.2.tgz 3493ms (cache miss)
519 timing reifyNode:node_modules/uri-js Completed in 3777ms
520 http fetch GET 200 https://registry.npmjs.org/ajv/-/ajv-6.12.6.tgz 3573ms (cache miss)
521 timing reifyNode:node_modules/ajv Completed in 3894ms
522 timing reifyNode:node_modules/@babel/types Completed in 3905ms
523 timing reifyNode:node_modules/mocha Completed in 4072ms
524 http fetch GET 200 https://registry.npmjs.org/handlebars/-/handlebars-4.7.7.tgz 3927ms (cache miss)
525 timing reifyNode:node_modules/handlebars Completed in 4233ms
526 timing reifyNode:node_modules/caniuse-lite Completed in 4545ms
527 http fetch GET 200 https://registry.npmjs.org/lodash/-/lodash-4.17.21.tgz 4376ms (cache miss)
528 timing reifyNode:node_modules/lodash Completed in 4670ms
529 timing reify:unpack Completed in 4691ms
530 timing reify:unretire Completed in 1ms
531 timing build:queue Completed in 22ms
532 timing build:link:node_modules/@babel/parser Completed in 21ms
533 timing build:link:node_modules/@babel/core/node_modules/semver Completed in 15ms
534 timing build:link:node_modules/@babel/helper-compilation-targets/node_modules/semver Completed in 16ms
535 timing build:link:node_modules/@istanbuljs/load-nyc-config/node_modules/js-yaml Completed in 16ms
536 timing build:link:node_modules/istanbul-lib-instrument/node_modules/semver Completed in 16ms
537 timing build:link:node_modules/make-dir/node_modules/semver Completed in 16ms
538 timing build:link:node_modules/browserslist Completed in 21ms
539 timing build:link:node_modules/esprima Completed in 20ms
540 timing build:link:node_modules/flat Completed in 20ms
541 timing build:link:node_modules/handlebars Completed in 20ms
542 timing build:link:node_modules/he Completed in 19ms
543 timing build:link:node_modules/js-yaml Completed in 19ms
544 timing build:link:node_modules/jsesc Completed in 19ms
545 timing build:link:node_modules/json5 Completed in 19ms
546 timing build:link:node_modules/mime Completed in 18ms
547 timing build:link:node_modules/mkdirp Completed in 18ms
548 timing build:link:node_modules/mocha Completed in 19ms
549 timing build:link:node_modules/nanoid Completed in 18ms
550 timing build:link:node_modules/nyc Completed in 18ms
551 timing build:link:node_modules/rimraf Completed in 18ms
552 timing build:link:node_modules/semver Completed in 18ms
553 timing build:link:node_modules/sshpk Completed in 18ms
554 timing build:link:node_modules/uglify-js Completed in 17ms
555 timing build:link:node_modules/uuid Completed in 17ms
556 timing build:link:node_modules/which Completed in 17ms
557 timing build:link Completed in 23ms
558 timing build:deps Completed in 46ms
559 timing build Completed in 46ms
560 timing reify:build Completed in 48ms
561 timing reify:trash Completed in 0ms
562 timing reify:save Completed in 153ms
563 timing reify Completed in 5482ms
564 silly ADD node_modules/yocto-queue
565 silly ADD node_modules/yargs-unparser
566 silly ADD node_modules/yargs-unparser/node_modules/decamelize
567 silly ADD node_modules/yargs-unparser/node_modules/camelcase
568 silly ADD node_modules/yargs-parser
569 silly ADD node_modules/yargs
570 silly ADD node_modules/y18n
571 silly ADD node_modules/write-file-atomic
572 silly ADD node_modules/wrappy
573 silly ADD node_modules/wrap-ansi
574 silly ADD node_modules/workerpool
575 silly ADD node_modules/wordwrap
576 silly ADD node_modules/which-module
577 silly ADD node_modules/which
578 silly ADD node_modules/verror
579 silly ADD node_modules/vary
580 silly ADD node_modules/uuid
581 silly ADD node_modules/utils-merge
582 silly ADD node_modules/util-deprecate
583 silly ADD node_modules/uri-js
584 silly ADD node_modules/unpipe
585 silly ADD node_modules/uglify-js
586 silly ADD node_modules/typedarray-to-buffer
587 silly ADD node_modules/type-is
588 silly ADD node_modules/type-fest
589 silly ADD node_modules/type-detect
590 silly ADD node_modules/tweetnacl
591 silly ADD node_modules/tunnel-agent
592 silly ADD node_modules/tough-cookie
593 silly ADD node_modules/toidentifier
594 silly ADD node_modules/to-regex-range
595 silly ADD node_modules/to-fast-properties
596 silly ADD node_modules/test-exclude
597 silly ADD node_modules/supports-color
598 silly ADD node_modules/supertest
599 silly ADD node_modules/superagent
600 silly ADD node_modules/strip-json-comments
601 silly ADD node_modules/strip-bom
602 silly ADD node_modules/strip-ansi
603 silly ADD node_modules/string-width
604 silly ADD node_modules/string_decoder
605 silly ADD node_modules/statuses
606 silly ADD node_modules/sshpk
607 silly ADD node_modules/sprintf-js
608 silly ADD node_modules/spawn-wrap
609 silly ADD node_modules/source-map
610 silly ADD node_modules/signal-exit
611 silly ADD node_modules/shebang-regex
612 silly ADD node_modules/shebang-command
613 silly ADD node_modules/setprototypeof
614 silly ADD node_modules/set-blocking
615 silly ADD node_modules/serve-static
616 silly ADD node_modules/serialize-javascript
617 silly ADD node_modules/send
618 silly ADD node_modules/send/node_modules/debug
619 silly ADD node_modules/send/node_modules/debug/node_modules/ms
620 silly ADD node_modules/semver
621 silly ADD node_modules/safer-buffer
622 silly ADD node_modules/safe-buffer
623 silly ADD node_modules/rimraf
624 silly ADD node_modules/resolve-from
625 silly ADD node_modules/require-main-filename
626 silly ADD node_modules/require-directory
627 silly ADD node_modules/request
628 silly ADD node_modules/request/node_modules/qs
629 silly ADD node_modules/request/node_modules/form-data
630 silly ADD node_modules/release-zalgo
631 silly ADD node_modules/regexp.prototype.flags
632 silly ADD node_modules/readdirp
633 silly ADD node_modules/readable-stream
634 silly ADD node_modules/raw-body
635 silly ADD node_modules/range-parser
636 silly ADD node_modules/randombytes
637 silly ADD node_modules/qs
638 silly ADD node_modules/punycode
639 silly ADD node_modules/psl
640 silly ADD node_modules/proxy-addr
641 silly ADD node_modules/propagate
642 silly ADD node_modules/process-on-spawn
643 silly ADD node_modules/process-nextick-args
644 silly ADD node_modules/pkg-dir
645 silly ADD node_modules/pkg-dir/node_modules/p-locate
646 silly ADD node_modules/pkg-dir/node_modules/p-limit
647 silly ADD node_modules/pkg-dir/node_modules/locate-path
648 silly ADD node_modules/pkg-dir/node_modules/find-up
649 silly ADD node_modules/picomatch
650 silly ADD node_modules/picocolors
651 silly ADD node_modules/performance-now
652 silly ADD node_modules/pathval
653 silly ADD node_modules/path-to-regexp
654 silly ADD node_modules/path-key
655 silly ADD node_modules/path-is-absolute
656 silly ADD node_modules/path-exists
657 silly ADD node_modules/parseurl
658 silly ADD node_modules/package-hash
659 silly ADD node_modules/p-try
660 silly ADD node_modules/p-map
661 silly ADD node_modules/p-locate
662 silly ADD node_modules/p-limit
663 silly ADD node_modules/once
664 silly ADD node_modules/on-finished
665 silly ADD node_modules/object-keys
666 silly ADD node_modules/object-is
667 silly ADD node_modules/oauth-sign
668 silly ADD node_modules/nyc
669 silly ADD node_modules/nyc/node_modules/yargs-parser
670 silly ADD node_modules/nyc/node_modules/yargs
671 silly ADD node_modules/nyc/node_modules/y18n
672 silly ADD node_modules/nyc/node_modules/wrap-ansi
673 silly ADD node_modules/nyc/node_modules/p-locate
674 silly ADD node_modules/nyc/node_modules/p-limit
675 silly ADD node_modules/nyc/node_modules/locate-path
676 silly ADD node_modules/nyc/node_modules/find-up
677 silly ADD node_modules/nyc/node_modules/cliui
678 silly ADD node_modules/normalize-path
679 silly ADD node_modules/node-releases
680 silly ADD node_modules/node-preload
681 silly ADD node_modules/nock
682 silly ADD node_modules/nock/node_modules/debug
683 silly ADD node_modules/neo-async
684 silly ADD node_modules/negotiator
685 silly ADD node_modules/nanoid
686 silly ADD node_modules/ms
687 silly ADD node_modules/mocha
688 silly ADD node_modules/mocha/node_modules/ms
689 silly ADD node_modules/mocha/node_modules/debug
690 silly ADD node_modules/mocha/node_modules/debug/node_modules/ms
691 silly ADD node_modules/mkdirp
692 silly ADD node_modules/minimist
693 silly ADD node_modules/minimatch
694 silly ADD node_modules/mime-types
695 silly ADD node_modules/mime-db
696 silly ADD node_modules/mime
697 silly ADD node_modules/methods
698 silly ADD node_modules/merge-descriptors
699 silly ADD node_modules/media-typer
700 silly ADD node_modules/make-dir
701 silly ADD node_modules/make-dir/node_modules/semver
702 silly ADD node_modules/log-symbols
703 silly ADD node_modules/lodash.flattendeep
704 silly ADD node_modules/lodash
705 silly ADD node_modules/locate-path
706 silly ADD node_modules/jsprim
707 silly ADD node_modules/json5
708 silly ADD node_modules/json-stringify-safe
709 silly ADD node_modules/json-schema-traverse
710 silly ADD node_modules/json-schema
711 silly ADD node_modules/jsesc
712 silly ADD node_modules/jsbn
713 silly ADD node_modules/js-yaml
714 silly ADD node_modules/js-tokens
715 silly ADD node_modules/istanbul-reports
716 silly ADD node_modules/istanbul-lib-source-maps
717 silly ADD node_modules/istanbul-lib-source-maps/node_modules/ms
718 silly ADD node_modules/istanbul-lib-source-maps/node_modules/debug
719 silly ADD node_modules/istanbul-lib-report
720 silly ADD node_modules/istanbul-lib-report/node_modules/supports-color
721 silly ADD node_modules/istanbul-lib-processinfo
722 silly ADD node_modules/istanbul-lib-instrument
723 silly ADD node_modules/istanbul-lib-instrument/node_modules/semver
724 silly ADD node_modules/istanbul-lib-hook
725 silly ADD node_modules/istanbul-lib-coverage
726 silly ADD node_modules/isstream
727 silly ADD node_modules/isexe
728 silly ADD node_modules/isarray
729 silly ADD node_modules/is-windows
730 silly ADD node_modules/is-unicode-supported
731 silly ADD node_modules/is-typedarray
732 silly ADD node_modules/is-stream
733 silly ADD node_modules/is-regex
734 silly ADD node_modules/is-plain-obj
735 silly ADD node_modules/is-number
736 silly ADD node_modules/is-glob
737 silly ADD node_modules/is-fullwidth-code-point
738 silly ADD node_modules/is-extglob
739 silly ADD node_modules/is-date-object
740 silly ADD node_modules/is-binary-path
741 silly ADD node_modules/is-arguments
742 silly ADD node_modules/ipaddr.js
743 silly ADD node_modules/inherits
744 silly ADD node_modules/inflight
745 silly ADD node_modules/indent-string
746 silly ADD node_modules/imurmurhash
747 silly ADD node_modules/iconv-lite
748 silly ADD node_modules/http-signature
749 silly ADD node_modules/http-errors
750 silly ADD node_modules/http-errors/node_modules/inherits
751 silly ADD node_modules/html-escaper
752 silly ADD node_modules/he
753 silly ADD node_modules/hasha
754 silly ADD node_modules/has-flag
755 silly ADD node_modules/has
756 silly ADD node_modules/har-validator
757 silly ADD node_modules/har-schema
758 silly ADD node_modules/handlebars
759 silly ADD node_modules/growl
760 silly ADD node_modules/graceful-fs
761 silly ADD node_modules/globals
762 silly ADD node_modules/glob-parent
763 silly ADD node_modules/glob
764 silly ADD node_modules/getpass
765 silly ADD node_modules/get-package-type
766 silly ADD node_modules/get-func-name
767 silly ADD node_modules/get-caller-file
768 silly ADD node_modules/gensync
769 silly ADD node_modules/function-bind
770 silly ADD
771 silly ADD node_modules/fs.realpath
772 silly ADD node_modules/fromentries
773 silly ADD node_modules/fresh
774 silly ADD node_modules/forwarded
775 silly ADD node_modules/formidable
776 silly ADD node_modules/form-data
777 silly ADD node_modules/forever-agent
778 silly ADD node_modules/foreground-child
779 silly ADD node_modules/flat
780 silly ADD node_modules/find-up
781 silly ADD node_modules/find-cache-dir
782 silly ADD node_modules/finalhandler
783 silly ADD node_modules/finalhandler/node_modules/ms
784 silly ADD node_modules/finalhandler/node_modules/debug
785 silly ADD node_modules/fill-range
786 silly ADD node_modules/fast-json-stable-stringify
787 silly ADD node_modules/fast-deep-equal
788 silly ADD node_modules/extsprintf
789 silly ADD node_modules/extend
790 silly ADD node_modules/express-handlebars
791 silly ADD node_modules/express
792 silly ADD node_modules/express/node_modules/qs
793 silly ADD node_modules/express/node_modules/ms
794 silly ADD node_modules/express/node_modules/debug
795 silly ADD node_modules/etag
796 silly ADD node_modules/esprima
797 silly ADD node_modules/escape-string-regexp
798 silly ADD node_modules/escape-html
799 silly ADD node_modules/escalade
800 silly ADD node_modules/es6-error
801 silly ADD node_modules/encodeurl
802 silly ADD node_modules/emoji-regex
803 silly ADD node_modules/electron-to-chromium
804 silly ADD node_modules/ee-first
805 silly ADD node_modules/ecc-jsbn
806 silly ADD node_modules/diff
807 silly ADD node_modules/destroy
808 silly ADD node_modules/depd
809 silly ADD node_modules/delayed-stream
810 silly ADD node_modules/define-properties
811 silly ADD node_modules/default-require-extensions
812 silly ADD node_modules/deep-equal
813 silly ADD node_modules/deep-eql
814 silly ADD node_modules/decamelize
815 silly ADD node_modules/debug
816 silly ADD node_modules/dashdash
817 silly ADD node_modules/cross-spawn
818 silly ADD node_modules/core-util-is
819 silly ADD node_modules/cookiejar
820 silly ADD node_modules/cookie-signature
821 silly ADD node_modules/cookie
822 silly ADD node_modules/convert-source-map
823 silly ADD node_modules/content-type
824 silly ADD node_modules/content-disposition
825 silly ADD node_modules/concat-map
826 silly ADD node_modules/component-emitter
827 silly ADD node_modules/commondir
828 silly ADD node_modules/commander
829 silly ADD node_modules/combined-stream
830 silly ADD node_modules/color-name
831 silly ADD node_modules/color-convert
832 silly ADD node_modules/cliui
833 silly ADD node_modules/clean-stack
834 silly ADD node_modules/chokidar
835 silly ADD node_modules/check-error
836 silly ADD node_modules/chalk
837 silly ADD node_modules/chalk/node_modules/supports-color
838 silly ADD node_modules/chai
839 silly ADD node_modules/caseless
840 silly ADD node_modules/caniuse-lite
841 silly ADD node_modules/camelcase
842 silly ADD node_modules/caching-transform
843 silly ADD node_modules/bytes
844 silly ADD node_modules/browserslist
845 silly ADD node_modules/browser-stdout
846 silly ADD node_modules/braces
847 silly ADD node_modules/brace-expansion
848 silly ADD node_modules/body-parser
849 silly ADD node_modules/body-parser/node_modules/qs
850 silly ADD node_modules/body-parser/node_modules/ms
851 silly ADD node_modules/body-parser/node_modules/debug
852 silly ADD node_modules/binary-extensions
853 silly ADD node_modules/bcrypt-pbkdf
854 silly ADD node_modules/balanced-match
855 silly ADD node_modules/aws4
856 silly ADD node_modules/aws-sign2
857 silly ADD node_modules/asynckit
858 silly ADD node_modules/assertion-error
859 silly ADD node_modules/assert-plus
860 silly ADD node_modules/asn1
861 silly ADD node_modules/array-flatten
862 silly ADD node_modules/argparse
863 silly ADD node_modules/archy
864 silly ADD node_modules/append-transform
865 silly ADD node_modules/anymatch
866 silly ADD node_modules/ansi-styles
867 silly ADD node_modules/ansi-regex
868 silly ADD node_modules/ansi-colors
869 silly ADD node_modules/ajv
870 silly ADD node_modules/aggregate-error
871 silly ADD node_modules/accepts
872 silly ADD node_modules/@ungap/promise-all-settled
873 silly ADD node_modules/@jridgewell/trace-mapping
874 silly ADD node_modules/@jridgewell/sourcemap-codec
875 silly ADD node_modules/@jridgewell/resolve-uri
876 silly ADD node_modules/@istanbuljs/schema
877 silly ADD node_modules/@istanbuljs/load-nyc-config
878 silly ADD node_modules/@istanbuljs/load-nyc-config/node_modules/p-locate
879 silly ADD node_modules/@istanbuljs/load-nyc-config/node_modules/p-limit
880 silly ADD node_modules/@istanbuljs/load-nyc-config/node_modules/locate-path
881 silly ADD node_modules/@istanbuljs/load-nyc-config/node_modules/js-yaml
882 silly ADD node_modules/@istanbuljs/load-nyc-config/node_modules/find-up
883 silly ADD node_modules/@istanbuljs/load-nyc-config/node_modules/argparse
884 silly ADD node_modules/@babel/types
885 silly ADD node_modules/@babel/traverse
886 silly ADD node_modules/@babel/traverse/node_modules/ms
887 silly ADD node_modules/@babel/traverse/node_modules/debug
888 silly ADD node_modules/@babel/template
889 silly ADD node_modules/@babel/parser
890 silly ADD node_modules/@babel/highlight
891 silly ADD node_modules/@babel/highlight/node_modules/supports-color
892 silly ADD node_modules/@babel/highlight/node_modules/has-flag
893 silly ADD node_modules/@babel/highlight/node_modules/escape-string-regexp
894 silly ADD node_modules/@babel/highlight/node_modules/color-name
895 silly ADD node_modules/@babel/highlight/node_modules/color-convert
896 silly ADD node_modules/@babel/highlight/node_modules/chalk
897 silly ADD node_modules/@babel/highlight/node_modules/ansi-styles
898 silly ADD node_modules/@babel/helpers
899 silly ADD node_modules/@babel/helper-validator-option
900 silly ADD node_modules/@babel/helper-validator-identifier
901 silly ADD node_modules/@babel/helper-split-export-declaration
902 silly ADD node_modules/@babel/helper-simple-access
903 silly ADD node_modules/@babel/helper-module-transforms
904 silly ADD node_modules/@babel/helper-module-imports
905 silly ADD node_modules/@babel/helper-hoist-variables
906 silly ADD node_modules/@babel/helper-get-function-arity
907 silly ADD node_modules/@babel/helper-function-name
908 silly ADD node_modules/@babel/helper-environment-visitor
909 silly ADD node_modules/@babel/helper-compilation-targets
910 silly ADD node_modules/@babel/helper-compilation-targets/node_modules/semver
911 silly ADD node_modules/@babel/generator
912 silly ADD node_modules/@babel/generator/node_modules/source-map
913 silly ADD node_modules/@babel/core
914 silly ADD node_modules/@babel/core/node_modules/semver
915 silly ADD node_modules/@babel/core/node_modules/ms
916 silly ADD node_modules/@babel/core/node_modules/debug
917 silly ADD node_modules/@babel/compat-data
918 silly ADD node_modules/@babel/code-frame
919 silly ADD node_modules/@ampproject/remapping
920 timing command:install Completed in 5507ms
921 verbose exit 0
922 timing npm Completed in 5768ms
923 info ok
