0 verbose cli [
0 verbose cli   '/usr/local/nvm/versions/node/v12.14.1/bin/node',
0 verbose cli   '/usr/local/nvm/versions/node/v12.14.1/bin/npm',
0 verbose cli   'install',
0 verbose cli   '--ignore-scripts',
0 verbose cli   'types-registry@latest'
0 verbose cli ]
1 info using npm@8.5.0
2 info using node@v12.14.1
3 timing npm:load:whichnode Completed in 1ms
4 timing config:load:defaults Completed in 2ms
5 timing config:load:file:/usr/local/nvm/versions/node/v12.14.1/lib/node_modules/npm/npmrc Completed in 20ms
6 timing config:load:builtin Completed in 20ms
7 timing config:load:cli Completed in 4ms
8 timing config:load:env Completed in 8ms
9 timing config:load:file:/home/user301/.cache/typescript/3.8/.npmrc Completed in 1ms
10 timing config:load:project Completed in 15ms
11 timing config:load:file:/home/user301/.npmrc Completed in 0ms
12 timing config:load:user Completed in 0ms
13 timing config:load:file:/usr/local/nvm/versions/node/v12.14.1/etc/npmrc Completed in 0ms
14 timing config:load:global Completed in 0ms
15 timing config:load:validate Completed in 2ms
16 timing config:load:credentials Completed in 2ms
17 timing config:load:setEnvs Completed in 2ms
18 timing config:load Completed in 58ms
19 timing npm:load:configload Completed in 58ms
20 timing npm:load:setTitle Completed in 1ms
21 timing config:load:flatten Completed in 8ms
22 timing npm:load:display Completed in 9ms
23 verbose logfile /home/user301/.npm/_logs/2022-03-08T04_13_26_092Z-debug-0.log
24 timing npm:load:logFile Completed in 6ms
25 timing npm:load:timers Completed in 0ms
26 timing npm:load:configScope Completed in 0ms
27 timing npm:load Completed in 77ms
28 timing arborist:ctor Completed in 1ms
29 timing arborist:ctor Completed in 1ms
30 timing idealTree:init Completed in 16ms
31 http fetch GET 200 https://registry.yarnpkg.com/types-registry 137ms (cache miss)
32 timing idealTree:userRequests Completed in 156ms
33 silly idealTree buildDeps
34 silly fetch manifest types-registry@0.1.582
35 silly placeDep ROOT types-registry@0.1.582 OK for:  want: 0.1.582
36 timing idealTree:#root Completed in 24ms
37 timing idealTree:node_modules/types-registry Completed in 0ms
38 timing idealTree:buildDeps Completed in 37ms
39 timing idealTree:fixDepFlags Completed in 0ms
40 timing idealTree Completed in 212ms
41 timing reify:loadTrees Completed in 213ms
42 timing reify:diffTrees Completed in 2ms
43 silly reify moves {}
44 timing reify:retireShallow Completed in 1ms
45 timing reify:createSparse Completed in 5ms
46 timing reify:loadBundles Completed in 0ms
47 silly audit bulk request { 'types-registry': [ '0.1.582' ] }
48 silly tarball no local data for types-registry@https://registry.yarnpkg.com/types-registry/-/types-registry-0.1.582.tgz. Extracting by manifest.
49 http fetch GET 200 https://registry.yarnpkg.com/types-registry/-/types-registry-0.1.582.tgz 162ms (cache miss)
50 timing reifyNode:node_modules/types-registry Completed in 188ms
51 timing reify:unpack Completed in 188ms
52 timing reify:unretire Completed in 1ms
53 timing build:queue Completed in 0ms
54 timing build:deps Completed in 1ms
55 timing build Completed in 1ms
56 timing reify:build Completed in 2ms
57 timing reify:trash Completed in 0ms
58 timing reify:save Completed in 16ms
59 http fetch POST 200 https://registry.yarnpkg.com/-/npm/v1/security/advisories/bulk 254ms
60 timing auditReport:getReport Completed in 256ms
61 silly audit report {}
62 timing auditReport:init Completed in 0ms
63 timing reify:audit Completed in 268ms
64 timing reify Completed in 535ms
65 silly ADD node_modules/types-registry
66 timing command:install Completed in 542ms
67 verbose exit 0
68 timing npm Completed in 1054ms
69 info ok
