0 verbose cli [
0 verbose cli   '/usr/local/nvm/versions/node/v12.14.1/bin/node',
0 verbose cli   '/usr/local/nvm/versions/node/v12.14.1/bin/npm',
0 verbose cli   'install'
0 verbose cli ]
1 info using npm@8.5.0
2 info using node@v12.14.1
3 timing npm:load:whichnode Completed in 0ms
4 timing config:load:defaults Completed in 1ms
5 timing config:load:file:/usr/local/nvm/versions/node/v12.14.1/lib/node_modules/npm/npmrc Completed in 2ms
6 timing config:load:builtin Completed in 2ms
7 timing config:load:cli Completed in 2ms
8 timing config:load:env Completed in 0ms
9 timing config:load:file:/home/user301/sample-master/internal/.npmrc Completed in 0ms
10 timing config:load:project Completed in 2ms
11 timing config:load:file:/home/user301/.npmrc Completed in 0ms
12 timing config:load:user Completed in 0ms
13 timing config:load:file:/usr/local/nvm/versions/node/v12.14.1/etc/npmrc Completed in 0ms
14 timing config:load:global Completed in 4ms
15 timing config:load:validate Completed in 0ms
16 timing config:load:credentials Completed in 1ms
17 timing config:load:setEnvs Completed in 1ms
18 timing config:load Completed in 14ms
19 timing npm:load:configload Completed in 14ms
20 timing npm:load:setTitle Completed in 1ms
21 timing config:load:flatten Completed in 2ms
22 timing npm:load:display Completed in 4ms
23 verbose logfile /home/user301/.npm/_logs/2022-03-08T06_44_43_584Z-debug-0.log
24 timing npm:load:logFile Completed in 7ms
25 timing npm:load:timers Completed in 0ms
26 timing npm:load:configScope Completed in 0ms
27 timing npm:load Completed in 27ms
28 timing arborist:ctor Completed in 1ms
29 timing idealTree:init Completed in 310ms
30 timing idealTree:userRequests Completed in 0ms
31 silly idealTree buildDeps
32 timing idealTree:#root Completed in 0ms
33 timing idealTree:buildDeps Completed in 1ms
34 timing idealTree:fixDepFlags Completed in 0ms
35 timing idealTree Completed in 319ms
36 timing reify:loadTrees Completed in 328ms
37 timing reify:diffTrees Completed in 14ms
38 silly reify moves {}
39 timing reify:retireShallow Completed in 1ms
40 timing reify:createSparse Completed in 88ms
41 timing reify:loadBundles Completed in 0ms
42 silly audit bulk request {
42 silly audit   '@ampproject/remapping': [ '2.1.2' ],
42 silly audit   '@babel/code-frame': [ '7.16.7' ],
42 silly audit   '@babel/compat-data': [ '7.17.0' ],
42 silly audit   '@babel/core': [ '7.17.5' ],
42 silly audit   debug: [ '4.3.3', '2.6.9', '3.2.6' ],
42 silly audit   ms: [ '2.1.2', '2.1.3', '2.0.0', '2.1.1' ],
42 silly audit   '@babel/generator': [ '7.17.3' ],
42 silly audit   '@babel/helper-compilation-targets': [ '7.16.7' ],
42 silly audit   '@babel/helper-environment-visitor': [ '7.16.7' ],
42 silly audit   '@babel/helper-function-name': [ '7.16.7' ],
42 silly audit   '@babel/helper-get-function-arity': [ '7.16.7' ],
42 silly audit   '@babel/helper-hoist-variables': [ '7.16.7' ],
42 silly audit   '@babel/helper-module-imports': [ '7.16.7' ],
42 silly audit   '@babel/helper-module-transforms': [ '7.17.6' ],
42 silly audit   '@babel/helper-simple-access': [ '7.16.7' ],
42 silly audit   '@babel/helper-split-export-declaration': [ '7.16.7' ],
42 silly audit   '@babel/helper-validator-identifier': [ '7.16.7' ],
42 silly audit   '@babel/helper-validator-option': [ '7.16.7' ],
42 silly audit   '@babel/helpers': [ '7.17.2' ],
42 silly audit   '@babel/highlight': [ '7.16.10' ],
42 silly audit   'ansi-styles': [ '3.2.1', '4.3.0' ],
42 silly audit   chalk: [ '2.4.2', '4.1.2' ],
42 silly audit   'color-convert': [ '1.9.3', '2.0.1' ],
42 silly audit   'color-name': [ '1.1.3', '1.1.4' ],
42 silly audit   'escape-string-regexp': [ '1.0.5', '4.0.0' ],
42 silly audit   'has-flag': [ '3.0.0', '4.0.0' ],
42 silly audit   'supports-color': [ '5.5.0', '7.2.0', '8.1.1' ],
42 silly audit   '@babel/parser': [ '7.17.3' ],
42 silly audit   '@babel/template': [ '7.16.7' ],
42 silly audit   '@babel/traverse': [ '7.17.3' ],
42 silly audit   '@babel/types': [ '7.17.0' ],
42 silly audit   '@istanbuljs/load-nyc-config': [ '1.1.0' ],
42 silly audit   argparse: [ '1.0.10', '2.0.1' ],
42 silly audit   'find-up': [ '4.1.0', '5.0.0' ],
42 silly audit   'js-yaml': [ '3.14.1', '4.1.0' ],
42 silly audit   'locate-path': [ '5.0.0', '6.0.0' ],
42 silly audit   'p-limit': [ '2.3.0', '3.1.0' ],
42 silly audit   'p-locate': [ '4.1.0', '5.0.0' ],
42 silly audit   '@istanbuljs/schema': [ '0.1.3' ],
42 silly audit   '@jridgewell/resolve-uri': [ '3.0.5' ],
42 silly audit   '@jridgewell/sourcemap-codec': [ '1.4.11' ],
42 silly audit   '@jridgewell/trace-mapping': [ '0.3.4' ],
42 silly audit   '@ungap/promise-all-settled': [ '1.1.2' ],
42 silly audit   accepts: [ '1.3.7' ],
42 silly audit   'aggregate-error': [ '3.1.0' ],
42 silly audit   'ansi-colors': [ '4.1.1' ],
42 silly audit   'ansi-regex': [ '5.0.1' ],
42 silly audit   anymatch: [ '3.1.2' ],
42 silly audit   'append-transform': [ '2.0.0' ],
42 silly audit   archy: [ '1.0.0' ],
42 silly audit   'array-flatten': [ '1.1.1' ],
42 silly audit   'assertion-error': [ '1.1.0' ],
42 silly audit   asynckit: [ '0.4.0' ],
42 silly audit   'balanced-match': [ '1.0.0' ],
42 silly audit   'binary-extensions': [ '2.2.0' ],
42 silly audit   'body-parser': [ '1.19.0' ],
42 silly audit   'brace-expansion': [ '1.1.11' ],
42 silly audit   braces: [ '3.0.2' ],
42 silly audit   'browser-stdout': [ '1.3.1' ],
42 silly audit   browserslist: [ '4.19.3' ],
42 silly audit   bytes: [ '3.1.0' ],
42 silly audit   'caching-transform': [ '4.0.0' ],
42 silly audit   camelcase: [ '5.3.1', '6.3.0' ],
42 silly audit   'caniuse-lite': [ '1.0.30001312' ],
42 silly audit   chai: [ '4.2.0' ],
42 silly audit   'check-error': [ '1.0.2' ],
42 silly audit   chokidar: [ '3.5.3' ],
42 silly audit   'clean-stack': [ '2.2.0' ],
42 silly audit   cliui: [ '7.0.4', '6.0.0' ],
42 silly audit   'combined-stream': [ '1.0.8' ],
42 silly audit   commondir: [ '1.0.1' ],
42 silly audit   'component-emitter': [ '1.3.0' ],
42 silly audit   'concat-map': [ '0.0.1' ],
42 silly audit   'content-disposition': [ '0.5.3' ],
42 silly audit   'content-type': [ '1.0.4' ],
42 silly audit   'convert-source-map': [ '1.8.0' ],
42 silly audit   cookie: [ '0.4.0' ],
42 silly audit   'cookie-signature': [ '1.0.6' ],
42 silly audit   cookiejar: [ '2.1.2' ],
42 silly audit   'core-util-is': [ '1.0.2' ],
42 silly audit   'cross-spawn': [ '7.0.3' ],
42 silly audit   decamelize: [ '1.2.0', '4.0.0' ],
42 silly audit   'deep-eql': [ '3.0.1' ],
42 silly audit   'default-require-extensions': [ '3.0.0' ],
42 silly audit   'delayed-stream': [ '1.0.0' ],
42 silly audit   depd: [ '1.1.2' ],
42 silly audit   destroy: [ '1.0.4' ],
42 silly audit   diff: [ '5.0.0' ],
42 silly audit   'ee-first': [ '1.1.1' ],
42 silly audit   'electron-to-chromium': [ '1.4.75' ],
42 silly audit   'emoji-regex': [ '8.0.0' ],
42 silly audit   encodeurl: [ '1.0.2' ],
42 silly audit   'es6-error': [ '4.1.1' ],
42 silly audit   escalade: [ '3.1.1' ],
42 silly audit   'escape-html': [ '1.0.3' ],
42 silly audit   esprima: [ '4.0.1' ],
42 silly audit   etag: [ '1.8.1' ],
42 silly audit   express: [ '4.17.1' ],
42 silly audit   extend: [ '3.0.2' ],
42 silly audit   'fill-range': [ '7.0.1' ],
42 silly audit   finalhandler: [ '1.1.2' ],
42 silly audit   'find-cache-dir': [ '3.3.2' ],
42 silly audit   flat: [ '5.0.2' ],
42 silly audit   'foreground-child': [ '2.0.0' ],
42 silly audit   'form-data': [ '2.5.0' ],
42 silly audit   formidable: [ '1.2.1' ],
42 silly audit   forwarded: [ '0.1.2' ],
42 silly audit   fresh: [ '0.5.2' ],
42 silly audit   fromentries: [ '1.3.2' ],
42 silly audit   'fs.realpath': [ '1.0.0' ],
42 silly audit   fsevents: [ '2.3.2' ],
42 silly audit   gensync: [ '1.0.0-beta.2' ],
42 silly audit   'get-caller-file': [ '2.0.5' ],
42 silly audit   'get-func-name': [ '2.0.0' ],
42 silly audit   'get-package-type': [ '0.1.0' ],
42 silly audit   glob: [ '7.2.0' ],
42 silly audit   'glob-parent': [ '5.1.2' ],
42 silly audit   globals: [ '11.12.0' ],
42 silly audit   'graceful-fs': [ '4.2.9' ],
42 silly audit   growl: [ '1.10.5' ],
42 silly audit   hasha: [ '5.2.2' ],
42 silly audit   he: [ '1.2.0' ],
42 silly audit   'html-escaper': [ '2.0.2' ],
42 silly audit   'http-errors': [ '1.7.2' ],
42 silly audit   'iconv-lite': [ '0.4.24' ],
42 silly audit   imurmurhash: [ '0.1.4' ],
42 silly audit   'indent-string': [ '4.0.0' ],
42 silly audit   inflight: [ '1.0.6' ],
42 silly audit   inherits: [ '2.0.3' ],
42 silly audit   'ipaddr.js': [ '1.9.0' ],
42 silly audit   'is-binary-path': [ '2.1.0' ],
42 silly audit   'is-extglob': [ '2.1.1' ],
42 silly audit   'is-fullwidth-code-point': [ '3.0.0' ],
42 silly audit   'is-glob': [ '4.0.3' ],
42 silly audit   'is-number': [ '7.0.0' ],
42 silly audit   'is-plain-obj': [ '2.1.0' ],
42 silly audit   'is-stream': [ '2.0.1' ],
42 silly audit   'is-typedarray': [ '1.0.0' ],
42 silly audit   'is-unicode-supported': [ '0.1.0' ],
42 silly audit   'is-windows': [ '1.0.2' ],
42 silly audit   isarray: [ '1.0.0' ],
42 silly audit   isexe: [ '2.0.0' ],
42 silly audit   'istanbul-lib-coverage': [ '3.2.0' ],
42 silly audit   'istanbul-lib-hook': [ '3.0.0' ],
42 silly audit   'istanbul-lib-instrument': [ '4.0.3' ],
42 silly audit   'istanbul-lib-processinfo': [ '2.0.2' ],
42 silly audit   'istanbul-lib-report': [ '3.0.0' ],
42 silly audit   'istanbul-lib-source-maps': [ '4.0.1' ],
42 silly audit   'source-map': [ '0.6.1', '0.5.7' ],
42 silly audit   'istanbul-reports': [ '3.1.4' ],
42 silly audit   'js-tokens': [ '4.0.0' ],
42 silly audit   jsesc: [ '2.5.2' ],
42 silly audit   json5: [ '2.2.0' ],
42 silly audit   'lodash.flattendeep': [ '4.4.0' ],
42 silly audit   'log-symbols': [ '4.1.0' ],
42 silly audit   'make-dir': [ '3.1.0' ],
42 silly audit   'media-typer': [ '0.3.0' ],
42 silly audit   'merge-descriptors': [ '1.0.1' ],
42 silly audit   methods: [ '1.1.2' ],
42 silly audit   mime: [ '1.6.0' ],
42 silly audit   'mime-db': [ '1.40.0' ],
42 silly audit   'mime-types': [ '2.1.24' ],
42 silly audit   minimatch: [ '3.0.4' ],
42 silly audit   minimist: [ '1.2.5' ],
42 silly audit   mocha: [ '9.2.1' ],
42 silly audit   nanoid: [ '3.2.0' ],
42 silly audit   negotiator: [ '0.6.2' ],
42 silly audit   'node-preload': [ '0.2.1' ],
42 silly audit   'node-releases': [ '2.0.2' ],
42 silly audit   'normalize-path': [ '3.0.0' ],
42 silly audit   nyc: [ '15.1.0' ],
42 silly audit   'wrap-ansi': [ '6.2.0', '7.0.0' ],
42 silly audit   y18n: [ '4.0.3', '5.0.8' ],
42 silly audit   yargs: [ '15.4.1', '16.2.0' ],
42 silly audit   'yargs-parser': [ '18.1.3', '20.2.4' ],
42 silly audit   'on-finished': [ '2.3.0' ],
42 silly audit   once: [ '1.4.0' ],
42 silly audit   'p-map': [ '3.0.0' ],
42 silly audit   'p-try': [ '2.2.0' ],
42 silly audit   'package-hash': [ '4.0.0' ],
42 silly audit   parseurl: [ '1.3.3' ],
42 silly audit   'path-exists': [ '4.0.0' ],
42 silly audit   'path-is-absolute': [ '1.0.1' ],
42 silly audit   'path-key': [ '3.1.1' ],
42 silly audit   'path-to-regexp': [ '0.1.7' ],
42 silly audit   pathval: [ '1.1.1' ],
42 silly audit   picocolors: [ '1.0.0' ],
42 silly audit   picomatch: [ '2.3.1' ],
42 silly audit   'pkg-dir': [ '4.2.0' ],
42 silly audit   'process-nextick-args': [ '2.0.1' ],
42 silly audit   'process-on-spawn': [ '1.0.0' ],
42 silly audit   'proxy-addr': [ '2.0.5' ],
42 silly audit   qs: [ '6.7.0' ],
42 silly audit   randombytes: [ '2.1.0' ],
42 silly audit   'range-parser': [ '1.2.1' ],
42 silly audit   'raw-body': [ '2.4.0' ],
42 silly audit   'readable-stream': [ '2.3.6' ],
42 silly audit   readdirp: [ '3.6.0' ],
42 silly audit   'release-zalgo': [ '1.0.0' ],
42 silly audit   'require-directory': [ '2.1.1' ],
42 silly audit   'require-main-filename': [ '2.0.0' ],
42 silly audit   'resolve-from': [ '5.0.0' ],
42 silly audit   rimraf: [ '3.0.2' ],
42 silly audit   'safe-buffer': [ '5.1.2' ],
42 silly audit   'safer-buffer': [ '2.1.2' ],
42 silly audit   semver: [ '6.3.0' ],
42 silly audit   send: [ '0.17.1' ],
42 silly audit   'serialize-javascript': [ '6.0.0' ],
42 silly audit   'serve-static': [ '1.14.1' ],
42 silly audit   'set-blocking': [ '2.0.0' ],
42 silly audit   setprototypeof: [ '1.1.1' ],
42 silly audit   'shebang-command': [ '2.0.0' ],
42 silly audit   'shebang-regex': [ '3.0.0' ],
42 silly audit   'signal-exit': [ '3.0.7' ],
42 silly audit   'spawn-wrap': [ '2.0.0' ],
42 silly audit   'sprintf-js': [ '1.0.3' ],
42 silly audit   statuses: [ '1.5.0' ],
42 silly audit   string_decoder: [ '1.1.1' ],
42 silly audit   'string-width': [ '4.2.3' ],
42 silly audit   'strip-ansi': [ '6.0.1' ],
42 silly audit   'strip-bom': [ '4.0.0' ],
42 silly audit   'strip-json-comments': [ '3.1.1' ],
42 silly audit   superagent: [ '3.8.3' ],
42 silly audit   supertest: [ '4.0.2' ],
42 silly audit   'test-exclude': [ '6.0.0' ],
42 silly audit   'to-fast-properties': [ '2.0.0' ],
42 silly audit   'to-regex-range': [ '5.0.1' ],
42 silly audit   toidentifier: [ '1.0.0' ],
42 silly audit   'type-detect': [ '4.0.8' ],
42 silly audit   'type-fest': [ '0.8.1' ],
42 silly audit   'type-is': [ '1.6.18' ],
42 silly audit   'typedarray-to-buffer': [ '3.1.5' ],
42 silly audit   unpipe: [ '1.0.0' ],
42 silly audit   'util-deprecate': [ '1.0.2' ],
42 silly audit   'utils-merge': [ '1.0.1' ],
42 silly audit   uuid: [ '3.4.0' ],
42 silly audit   vary: [ '1.1.2' ],
42 silly audit   which: [ '2.0.2' ],
42 silly audit   'which-module': [ '2.0.0' ],
42 silly audit   workerpool: [ '6.2.0' ],
42 silly audit   wrappy: [ '1.0.2' ],
42 silly audit   'write-file-atomic': [ '3.0.3' ],
42 silly audit   'yargs-unparser': [ '2.0.0' ],
42 silly audit   'yocto-queue': [ '0.1.0' ]
42 silly audit }
43 verbose reify failed optional dependency /home/user301/sample-master/internal/node_modules/fsevents
44 silly reify mark deleted [ '/home/user301/sample-master/internal/node_modules/fsevents' ]
45 timing reifyNode:node_modules/fsevents Completed in 77ms
46 http fetch POST 200 https://registry.npmjs.org/-/npm/v1/security/advisories/bulk 1351ms
47 timing auditReport:getReport Completed in 1358ms
48 silly audit report {}
49 timing auditReport:init Completed in 0ms
50 timing reify:audit Completed in 1358ms
51 timing reifyNode:node_modules/wrappy Completed in 1531ms
52 timing reifyNode:node_modules/wrap-ansi Completed in 1532ms
53 timing reifyNode:node_modules/toidentifier Completed in 1534ms
54 timing reifyNode:node_modules/to-fast-properties Completed in 1535ms
55 timing reifyNode:node_modules/shebang-command Completed in 1536ms
56 timing reifyNode:node_modules/process-nextick-args Completed in 1539ms
57 timing reifyNode:node_modules/path-is-absolute Completed in 1541ms
58 timing reifyNode:node_modules/package-hash Completed in 1540ms
59 timing reifyNode:node_modules/once Completed in 1541ms
60 timing reifyNode:node_modules/normalize-path Completed in 1539ms
61 timing reifyNode:node_modules/ms Completed in 1540ms
62 timing reifyNode:node_modules/lodash.flattendeep Completed in 1540ms
63 timing reifyNode:node_modules/is-windows Completed in 1543ms
64 timing reifyNode:node_modules/is-number Completed in 1543ms
65 timing reifyNode:node_modules/is-extglob Completed in 1544ms
66 timing reifyNode:node_modules/inflight Completed in 1545ms
67 timing reifyNode:node_modules/imurmurhash Completed in 1545ms
68 timing reifyNode:node_modules/find-cache-dir Completed in 1548ms
69 timing reifyNode:node_modules/escape-html Completed in 1551ms
70 timing reifyNode:node_modules/ee-first Completed in 1550ms
71 timing reifyNode:node_modules/destroy Completed in 1550ms
72 timing reifyNode:node_modules/decamelize Completed in 1551ms
73 timing reifyNode:node_modules/convert-source-map Completed in 1553ms
74 timing reifyNode:node_modules/color-name Completed in 1554ms
75 timing reifyNode:node_modules/caching-transform Completed in 1555ms
76 timing reifyNode:node_modules/browser-stdout Completed in 1556ms
77 timing reifyNode:node_modules/brace-expansion Completed in 1557ms
78 timing reifyNode:node_modules/array-flatten Completed in 1558ms
79 timing reifyNode:node_modules/send/node_modules/ms Completed in 1592ms
80 timing reifyNode:node_modules/superagent/node_modules/ms Completed in 1594ms
81 timing reifyNode:node_modules/nyc/node_modules/wrap-ansi Completed in 1589ms
82 timing reifyNode:node_modules/mocha/node_modules/ms Completed in 1588ms
83 timing reifyNode:node_modules/mocha/node_modules/debug/node_modules/ms Completed in 1588ms
84 timing reifyNode:node_modules/istanbul-lib-source-maps/node_modules/ms Completed in 1587ms
85 timing reifyNode:node_modules/@babel/traverse/node_modules/ms Completed in 1574ms
86 timing reifyNode:node_modules/@babel/highlight/node_modules/has-flag Completed in 1574ms
87 timing reifyNode:node_modules/@babel/highlight/node_modules/escape-string-regexp Completed in 1575ms
88 timing reifyNode:node_modules/@babel/highlight/node_modules/ansi-styles Completed in 1575ms
89 timing reifyNode:node_modules/@babel/core/node_modules/ms Completed in 1574ms
90 timing reifyNode:node_modules/yocto-queue Completed in 1607ms
91 timing reifyNode:node_modules/which-module Completed in 1609ms
92 timing reifyNode:node_modules/vary Completed in 1609ms
93 timing reifyNode:node_modules/utils-merge Completed in 1611ms
94 timing reifyNode:node_modules/unpipe Completed in 1611ms
95 timing reifyNode:node_modules/type-is Completed in 1611ms
96 timing reifyNode:node_modules/to-regex-range Completed in 1611ms
97 timing reifyNode:node_modules/supports-color Completed in 1612ms
98 timing reifyNode:node_modules/strip-json-comments Completed in 1611ms
99 timing reifyNode:node_modules/strip-bom Completed in 1612ms
100 timing reifyNode:node_modules/strip-ansi Completed in 1612ms
101 timing reifyNode:node_modules/string-width Completed in 1612ms
102 timing reifyNode:node_modules/signal-exit Completed in 1614ms
103 timing reifyNode:node_modules/shebang-regex Completed in 1614ms
104 timing reifyNode:node_modules/set-blocking Completed in 1615ms
105 timing reifyNode:node_modules/serialize-javascript Completed in 1615ms
106 timing reifyNode:node_modules/resolve-from Completed in 1616ms
107 timing reifyNode:node_modules/require-main-filename Completed in 1616ms
108 timing reifyNode:node_modules/range-parser Completed in 1617ms
109 timing reifyNode:node_modules/process-on-spawn Completed in 1618ms
110 timing reifyNode:node_modules/pkg-dir Completed in 1619ms
111 timing reifyNode:node_modules/path-to-regexp Completed in 1619ms
112 timing reifyNode:node_modules/path-key Completed in 1619ms
113 timing reifyNode:node_modules/path-exists Completed in 1620ms
114 timing reifyNode:node_modules/parseurl Completed in 1620ms
115 timing reifyNode:node_modules/p-try Completed in 1619ms
116 timing reifyNode:node_modules/p-map Completed in 1620ms
117 timing reifyNode:node_modules/p-locate Completed in 1620ms
118 timing reifyNode:node_modules/p-limit Completed in 1620ms
119 timing reifyNode:node_modules/on-finished Completed in 1620ms
120 timing reifyNode:node_modules/mime-types Completed in 1620ms
121 timing reifyNode:node_modules/methods Completed in 1619ms
122 timing reifyNode:node_modules/merge-descriptors Completed in 1620ms
123 timing reifyNode:node_modules/media-typer Completed in 1620ms
124 timing reifyNode:node_modules/make-dir Completed in 1620ms
125 timing reifyNode:node_modules/locate-path Completed in 1619ms
126 timing reifyNode:node_modules/is-unicode-supported Completed in 1622ms
127 timing reifyNode:node_modules/is-typedarray Completed in 1622ms
128 timing reifyNode:node_modules/is-stream Completed in 1622ms
129 timing reifyNode:node_modules/is-plain-obj Completed in 1622ms
130 timing reifyNode:node_modules/is-glob Completed in 1622ms
131 timing reifyNode:node_modules/is-fullwidth-code-point Completed in 1622ms
132 timing reifyNode:node_modules/is-binary-path Completed in 1623ms
133 timing reifyNode:node_modules/inherits Completed in 1624ms
134 timing reifyNode:node_modules/indent-string Completed in 1624ms
135 timing reifyNode:node_modules/has-flag Completed in 1624ms
136 timing reifyNode:node_modules/glob-parent Completed in 1626ms
137 timing reifyNode:node_modules/get-func-name Completed in 1626ms
138 timing reifyNode:node_modules/fromentries Completed in 1627ms
139 timing reifyNode:node_modules/fresh Completed in 1627ms
140 timing reifyNode:node_modules/forwarded Completed in 1628ms
141 timing reifyNode:node_modules/find-up Completed in 1631ms
142 timing reifyNode:node_modules/finalhandler Completed in 1630ms
143 timing reifyNode:node_modules/fill-range Completed in 1630ms
144 timing reifyNode:node_modules/etag Completed in 1631ms
145 timing reifyNode:node_modules/escape-string-regexp Completed in 1632ms
146 timing reifyNode:node_modules/encodeurl Completed in 1633ms
147 timing reifyNode:node_modules/default-require-extensions Completed in 1629ms
148 timing reifyNode:node_modules/cookiejar Completed in 1631ms
149 timing reifyNode:node_modules/cookie-signature Completed in 1631ms
150 timing reifyNode:node_modules/content-type Completed in 1630ms
151 timing reifyNode:node_modules/component-emitter Completed in 1631ms
152 timing reifyNode:node_modules/clean-stack Completed in 1632ms
153 timing reifyNode:node_modules/camelcase Completed in 1633ms
154 timing reifyNode:node_modules/bytes Completed in 1633ms
155 timing reifyNode:node_modules/balanced-match Completed in 1634ms
156 timing reifyNode:node_modules/assertion-error Completed in 1634ms
157 timing reifyNode:node_modules/append-transform Completed in 1635ms
158 timing reifyNode:node_modules/anymatch Completed in 1635ms
159 timing reifyNode:node_modules/ansi-regex Completed in 1635ms
160 timing reifyNode:node_modules/aggregate-error Completed in 1636ms
161 timing reifyNode:node_modules/accepts Completed in 1636ms
162 timing reifyNode:node_modules/@babel/highlight Completed in 1638ms
163 timing reifyNode:node_modules/@babel/helper-split-export-declaration Completed in 1637ms
164 timing reifyNode:node_modules/@babel/helper-simple-access Completed in 1637ms
165 timing reifyNode:node_modules/@babel/helper-hoist-variables Completed in 1639ms
166 timing reifyNode:node_modules/@babel/helper-get-function-arity Completed in 1638ms
167 timing reifyNode:node_modules/@babel/code-frame Completed in 1638ms
168 timing reifyNode:node_modules/@babel/helper-environment-visitor Completed in 1640ms
169 timing reifyNode:node_modules/@babel/helper-function-name Completed in 1640ms
170 timing reifyNode:node_modules/yargs-unparser/node_modules/camelcase Completed in 1672ms
171 timing reifyNode:node_modules/pkg-dir/node_modules/p-locate Completed in 1667ms
172 timing reifyNode:node_modules/pkg-dir/node_modules/p-limit Completed in 1666ms
173 timing reifyNode:node_modules/pkg-dir/node_modules/locate-path Completed in 1667ms
174 timing reifyNode:node_modules/pkg-dir/node_modules/find-up Completed in 1667ms
175 timing reifyNode:node_modules/nyc/node_modules/y18n Completed in 1668ms
176 timing reifyNode:node_modules/nyc/node_modules/p-locate Completed in 1668ms
177 timing reifyNode:node_modules/nyc/node_modules/p-limit Completed in 1669ms
178 timing reifyNode:node_modules/nyc/node_modules/locate-path Completed in 1669ms
179 timing reifyNode:node_modules/nyc/node_modules/find-up Completed in 1669ms
180 timing reifyNode:node_modules/istanbul-lib-report/node_modules/supports-color Completed in 1665ms
181 timing reifyNode:node_modules/chalk/node_modules/supports-color Completed in 1654ms
182 timing reifyNode:node_modules/@istanbuljs/load-nyc-config/node_modules/p-locate Completed in 1653ms
183 timing reifyNode:node_modules/@istanbuljs/load-nyc-config/node_modules/p-limit Completed in 1653ms
184 timing reifyNode:node_modules/@istanbuljs/load-nyc-config/node_modules/locate-path Completed in 1653ms
185 timing reifyNode:node_modules/@istanbuljs/load-nyc-config/node_modules/find-up Completed in 1654ms
186 timing reifyNode:node_modules/@babel/highlight/node_modules/supports-color Completed in 1653ms
187 timing reifyNode:node_modules/yargs-unparser/node_modules/decamelize Completed in 1685ms
188 timing reifyNode:node_modules/yargs-unparser Completed in 1685ms
189 timing reifyNode:node_modules/write-file-atomic Completed in 1687ms
190 timing reifyNode:node_modules/util-deprecate Completed in 1688ms
191 timing reifyNode:node_modules/proxy-addr Completed in 1688ms
192 timing reifyNode:node_modules/pathval Completed in 1688ms
193 timing reifyNode:node_modules/minimatch Completed in 1685ms
194 timing reifyNode:node_modules/log-symbols Completed in 1685ms
195 timing reifyNode:node_modules/js-tokens Completed in 1686ms
196 timing reifyNode:node_modules/http-errors Completed in 1686ms
197 timing reifyNode:node_modules/get-caller-file Completed in 1687ms
198 timing reifyNode:node_modules/fs.realpath Completed in 1688ms
199 timing reifyNode:node_modules/foreground-child Completed in 1690ms
200 timing reifyNode:node_modules/cookie Completed in 1690ms
201 timing reifyNode:node_modules/combined-stream Completed in 1690ms
202 timing reifyNode:node_modules/ansi-styles Completed in 1693ms
203 timing reifyNode:node_modules/@istanbuljs/load-nyc-config Completed in 1696ms
204 timing reifyNode:node_modules/which Completed in 1733ms
205 timing reifyNode:node_modules/supertest Completed in 1734ms
206 timing reifyNode:node_modules/string_decoder Completed in 1733ms
207 timing reifyNode:node_modules/setprototypeof Completed in 1736ms
208 timing reifyNode:node_modules/serve-static Completed in 1736ms
209 timing reifyNode:node_modules/safe-buffer Completed in 1736ms
210 timing reifyNode:node_modules/readdirp Completed in 1737ms
211 timing reifyNode:node_modules/picocolors Completed in 1736ms
212 timing reifyNode:node_modules/istanbul-lib-processinfo Completed in 1732ms
213 timing reifyNode:node_modules/hasha Completed in 1737ms
214 timing reifyNode:node_modules/globals Completed in 1738ms
215 timing reifyNode:node_modules/delayed-stream Completed in 1734ms
216 timing reifyNode:node_modules/content-disposition Completed in 1735ms
217 timing reifyNode:node_modules/check-error Completed in 1736ms
218 timing reifyNode:node_modules/binary-extensions Completed in 1737ms
219 timing reifyNode:node_modules/@istanbuljs/schema Completed in 1740ms
220 timing reifyNode:node_modules/@babel/helper-validator-option Completed in 1738ms
221 timing reifyNode:node_modules/nyc/node_modules/cliui Completed in 1763ms
222 timing reifyNode:node_modules/@babel/highlight/node_modules/color-name Completed in 1744ms
223 timing reifyNode:node_modules/typedarray-to-buffer Completed in 1774ms
224 timing reifyNode:node_modules/type-detect Completed in 1775ms
225 timing reifyNode:node_modules/send Completed in 1777ms
226 timing reifyNode:node_modules/rimraf Completed in 1777ms
227 timing reifyNode:node_modules/require-directory Completed in 1777ms
228 timing reifyNode:node_modules/raw-body Completed in 1777ms
229 timing reifyNode:node_modules/randombytes Completed in 1777ms
230 timing reifyNode:node_modules/isarray Completed in 1772ms
231 timing reifyNode:node_modules/commondir Completed in 1769ms
232 timing reifyNode:node_modules/statuses Completed in 1805ms
233 timing reifyNode:node_modules/istanbul-lib-hook Completed in 1802ms
234 timing reifyNode:node_modules/get-package-type Completed in 1802ms
235 timing reifyNode:node_modules/deep-eql Completed in 1797ms
236 timing reifyNode:node_modules/core-util-is Completed in 1798ms
237 timing reifyNode:node_modules/concat-map Completed in 1798ms
238 timing reifyNode:node_modules/color-convert Completed in 1798ms
239 timing reifyNode:node_modules/ansi-colors Completed in 1801ms
240 timing reifyNode:node_modules/@babel/helper-validator-identifier Completed in 1802ms
241 timing reifyNode:node_modules/mocha/node_modules/debug Completed in 1825ms
242 timing reifyNode:node_modules/istanbul-lib-source-maps/node_modules/debug Completed in 1822ms
243 timing reifyNode:node_modules/@babel/traverse/node_modules/debug Completed in 1809ms
244 timing reifyNode:node_modules/@babel/highlight/node_modules/color-convert Completed in 1809ms
245 timing reifyNode:node_modules/@babel/core/node_modules/debug Completed in 1806ms
246 timing reifyNode:node_modules/test-exclude Completed in 1839ms
247 timing reifyNode:node_modules/safer-buffer Completed in 1837ms
248 timing reifyNode:node_modules/release-zalgo Completed in 1838ms
249 timing reifyNode:node_modules/isexe Completed in 1832ms
250 timing reifyNode:node_modules/graceful-fs Completed in 1831ms
251 timing reifyNode:node_modules/flat Completed in 1831ms
252 timing reifyNode:node_modules/extend Completed in 1830ms
253 timing reifyNode:node_modules/es6-error Completed in 1831ms
254 timing reifyNode:node_modules/@ungap/promise-all-settled Completed in 1828ms
255 timing reifyNode:node_modules/@babel/helper-module-imports Completed in 1830ms
256 timing reifyNode:node_modules/@babel/highlight/node_modules/chalk Completed in 1835ms
257 timing reifyNode:node_modules/negotiator Completed in 1860ms
258 timing reifyNode:node_modules/ipaddr.js Completed in 1857ms
259 timing reifyNode:node_modules/glob Completed in 1859ms
260 timing reifyNode:node_modules/gensync Completed in 1858ms
261 timing reifyNode:node_modules/form-data Completed in 1859ms
262 timing reifyNode:node_modules/escalade Completed in 1858ms
263 timing reifyNode:node_modules/chalk Completed in 1856ms
264 timing reifyNode:node_modules/node-releases Completed in 1883ms
265 timing reifyNode:node_modules/jsesc Completed in 1880ms
266 timing reifyNode:node_modules/emoji-regex Completed in 1875ms
267 timing reifyNode:node_modules/cross-spawn Completed in 1875ms
268 timing reifyNode:node_modules/archy Completed in 1874ms
269 timing reifyNode:node_modules/@babel/helper-compilation-targets Completed in 1873ms
270 timing reifyNode:node_modules/semver Completed in 1906ms
271 timing reifyNode:node_modules/node-preload Completed in 1903ms
272 timing reifyNode:node_modules/@babel/helper-module-transforms Completed in 1896ms
273 timing reifyNode:node_modules/nyc/node_modules/yargs-parser Completed in 1922ms
274 timing reifyNode:node_modules/y18n Completed in 1932ms
275 timing reifyNode:node_modules/cliui Completed in 1918ms
276 timing reifyNode:node_modules/@jridgewell/sourcemap-codec Completed in 1918ms
277 timing reifyNode:node_modules/@jridgewell/resolve-uri Completed in 1920ms
278 timing reifyNode:node_modules/@babel/template Completed in 1921ms
279 timing reifyNode:node_modules/mime Completed in 1952ms
280 timing reifyNode:node_modules/istanbul-lib-coverage Completed in 1951ms
281 timing reifyNode:node_modules/html-escaper Completed in 1949ms
282 timing reifyNode:node_modules/istanbul-lib-source-maps Completed in 1984ms
283 timing reifyNode:node_modules/istanbul-lib-report Completed in 1984ms
284 timing reifyNode:node_modules/he Completed in 1982ms
285 timing reifyNode:node_modules/growl Completed in 1982ms
286 timing reifyNode:node_modules/braces Completed in 1988ms
287 timing reifyNode:node_modules/superagent/node_modules/debug Completed in 2018ms
288 timing reifyNode:node_modules/istanbul-lib-instrument Completed in 2014ms
289 timing reifyNode:node_modules/browserslist Completed in 2010ms
290 timing reifyNode:node_modules/@jridgewell/trace-mapping Completed in 2009ms
291 timing reifyNode:node_modules/picomatch Completed in 2056ms
292 timing reifyNode:node_modules/mime-db Completed in 2054ms
293 timing reifyNode:node_modules/depd Completed in 2045ms
294 timing reifyNode:node_modules/chokidar Completed in 2045ms
295 timing reifyNode:node_modules/body-parser Completed in 2044ms
296 timing reifyNode:node_modules/argparse Completed in 2044ms
297 timing reifyNode:node_modules/yargs-parser Completed in 2075ms
298 timing reifyNode:node_modules/@babel/compat-data Completed in 2079ms
299 timing reifyNode:node_modules/asynckit Completed in 2099ms
300 timing reifyNode:node_modules/debug Completed in 2129ms
301 timing reifyNode:node_modules/@ampproject/remapping Completed in 2127ms
302 timing reifyNode:node_modules/spawn-wrap Completed in 2161ms
303 warn deprecated uuid@3.4.0: Please upgrade  to version 7 or higher.  Older versions may use Math.random() in certain circumstances, which is known to be problematic.  See https://v8.dev/blog/math-random for details.
304 timing reifyNode:node_modules/uuid Completed in 2177ms
305 timing reifyNode:node_modules/sprintf-js Completed in 2176ms
306 timing reifyNode:node_modules/formidable Completed in 2164ms
307 timing reifyNode:node_modules/electron-to-chromium Completed in 2162ms
308 timing reifyNode:node_modules/minimist Completed in 2190ms
309 timing reifyNode:node_modules/type-fest Completed in 2213ms
310 timing reifyNode:node_modules/@babel/helpers Completed in 2206ms
311 timing reifyNode:node_modules/esprima Completed in 2223ms
312 timing reifyNode:node_modules/nanoid Completed in 2261ms
313 timing reifyNode:node_modules/qs Completed in 2293ms
314 timing reifyNode:node_modules/express Completed in 2292ms
315 timing reifyNode:node_modules/readable-stream Completed in 2315ms
316 timing reifyNode:node_modules/nyc Completed in 2313ms
317 timing reifyNode:node_modules/@babel/generator Completed in 2293ms
318 timing reifyNode:node_modules/json5 Completed in 2337ms
319 timing reifyNode:node_modules/@istanbuljs/load-nyc-config/node_modules/argparse Completed in 2370ms
320 timing reifyNode:node_modules/iconv-lite Completed in 2390ms
321 timing reifyNode:node_modules/workerpool Completed in 2427ms
322 timing reifyNode:node_modules/superagent Completed in 2513ms
323 timing reifyNode:node_modules/@babel/traverse Completed in 2499ms
324 timing reifyNode:node_modules/js-yaml Completed in 2526ms
325 timing reifyNode:node_modules/diff Completed in 2517ms
326 timing reifyNode:node_modules/source-map Completed in 2578ms
327 timing reifyNode:node_modules/istanbul-lib-source-maps/node_modules/source-map Completed in 2585ms
328 timing reifyNode:node_modules/@istanbuljs/load-nyc-config/node_modules/js-yaml Completed in 2578ms
329 timing reifyNode:node_modules/nyc/node_modules/yargs Completed in 2647ms
330 timing reifyNode:node_modules/yargs Completed in 2661ms
331 timing reifyNode:node_modules/chai Completed in 2660ms
332 timing reifyNode:node_modules/@babel/parser Completed in 2680ms
333 timing reifyNode:node_modules/istanbul-reports Completed in 2707ms
334 timing reifyNode:node_modules/@babel/core Completed in 2692ms
335 timing reifyNode:node_modules/@babel/types Completed in 2807ms
336 timing reifyNode:node_modules/mocha Completed in 2945ms
337 timing reifyNode:node_modules/caniuse-lite Completed in 3351ms
338 timing reify:unpack Completed in 3378ms
339 timing reify:unretire Completed in 0ms
340 timing build:queue Completed in 13ms
341 timing build:link:node_modules/@babel/parser Completed in 15ms
342 timing build:link:node_modules/@istanbuljs/load-nyc-config/node_modules/js-yaml Completed in 13ms
343 timing build:link:node_modules/browserslist Completed in 15ms
344 timing build:link:node_modules/esprima Completed in 16ms
345 timing build:link:node_modules/flat Completed in 15ms
346 timing build:link:node_modules/he Completed in 15ms
347 timing build:link:node_modules/js-yaml Completed in 16ms
348 timing build:link:node_modules/jsesc Completed in 16ms
349 timing build:link:node_modules/json5 Completed in 16ms
350 timing build:link:node_modules/mime Completed in 16ms
351 timing build:link:node_modules/mocha Completed in 15ms
352 timing build:link:node_modules/nanoid Completed in 15ms
353 timing build:link:node_modules/nyc Completed in 15ms
354 timing build:link:node_modules/rimraf Completed in 15ms
355 timing build:link:node_modules/semver Completed in 15ms
356 timing build:link:node_modules/uuid Completed in 16ms
357 timing build:link:node_modules/which Completed in 16ms
358 timing build:link Completed in 19ms
359 timing build:deps Completed in 33ms
360 timing build Completed in 33ms
361 timing reify:build Completed in 36ms
362 timing reify:trash Completed in 10ms
363 timing reify:save Completed in 182ms
364 timing reify Completed in 4151ms
365 silly ADD node_modules/yocto-queue
366 silly ADD node_modules/yargs-unparser
367 silly ADD node_modules/yargs-unparser/node_modules/decamelize
368 silly ADD node_modules/yargs-unparser/node_modules/camelcase
369 silly ADD node_modules/yargs-parser
370 silly ADD node_modules/yargs
371 silly ADD node_modules/y18n
372 silly ADD node_modules/write-file-atomic
373 silly ADD node_modules/wrappy
374 silly ADD node_modules/wrap-ansi
375 silly ADD node_modules/workerpool
376 silly ADD node_modules/which-module
377 silly ADD node_modules/which
378 silly ADD node_modules/vary
379 silly ADD node_modules/uuid
380 silly ADD node_modules/utils-merge
381 silly ADD node_modules/util-deprecate
382 silly ADD node_modules/unpipe
383 silly ADD node_modules/typedarray-to-buffer
384 silly ADD node_modules/type-is
385 silly ADD node_modules/type-fest
386 silly ADD node_modules/type-detect
387 silly ADD node_modules/toidentifier
388 silly ADD node_modules/to-regex-range
389 silly ADD node_modules/to-fast-properties
390 silly ADD node_modules/test-exclude
391 silly ADD node_modules/supports-color
392 silly ADD node_modules/supertest
393 silly ADD node_modules/superagent
394 silly ADD node_modules/superagent/node_modules/ms
395 silly ADD node_modules/superagent/node_modules/debug
396 silly ADD node_modules/strip-json-comments
397 silly ADD node_modules/strip-bom
398 silly ADD node_modules/strip-ansi
399 silly ADD node_modules/string-width
400 silly ADD node_modules/string_decoder
401 silly ADD node_modules/statuses
402 silly ADD node_modules/sprintf-js
403 silly ADD node_modules/spawn-wrap
404 silly ADD node_modules/source-map
405 silly ADD node_modules/signal-exit
406 silly ADD node_modules/shebang-regex
407 silly ADD node_modules/shebang-command
408 silly ADD node_modules/setprototypeof
409 silly ADD node_modules/set-blocking
410 silly ADD node_modules/serve-static
411 silly ADD node_modules/serialize-javascript
412 silly ADD node_modules/send
413 silly ADD node_modules/send/node_modules/ms
414 silly ADD node_modules/semver
415 silly ADD node_modules/safer-buffer
416 silly ADD node_modules/safe-buffer
417 silly ADD node_modules/rimraf
418 silly ADD node_modules/resolve-from
419 silly ADD node_modules/require-main-filename
420 silly ADD node_modules/require-directory
421 silly ADD node_modules/release-zalgo
422 silly ADD node_modules/readdirp
423 silly ADD node_modules/readable-stream
424 silly ADD node_modules/raw-body
425 silly ADD node_modules/range-parser
426 silly ADD node_modules/randombytes
427 silly ADD node_modules/qs
428 silly ADD node_modules/proxy-addr
429 silly ADD node_modules/process-on-spawn
430 silly ADD node_modules/process-nextick-args
431 silly ADD node_modules/pkg-dir
432 silly ADD node_modules/pkg-dir/node_modules/p-locate
433 silly ADD node_modules/pkg-dir/node_modules/p-limit
434 silly ADD node_modules/pkg-dir/node_modules/locate-path
435 silly ADD node_modules/pkg-dir/node_modules/find-up
436 silly ADD node_modules/picomatch
437 silly ADD node_modules/picocolors
438 silly ADD node_modules/pathval
439 silly ADD node_modules/path-to-regexp
440 silly ADD node_modules/path-key
441 silly ADD node_modules/path-is-absolute
442 silly ADD node_modules/path-exists
443 silly ADD node_modules/parseurl
444 silly ADD node_modules/package-hash
445 silly ADD node_modules/p-try
446 silly ADD node_modules/p-map
447 silly ADD node_modules/p-locate
448 silly ADD node_modules/p-limit
449 silly ADD node_modules/once
450 silly ADD node_modules/on-finished
451 silly ADD node_modules/nyc
452 silly ADD node_modules/nyc/node_modules/yargs-parser
453 silly ADD node_modules/nyc/node_modules/yargs
454 silly ADD node_modules/nyc/node_modules/y18n
455 silly ADD node_modules/nyc/node_modules/wrap-ansi
456 silly ADD node_modules/nyc/node_modules/p-locate
457 silly ADD node_modules/nyc/node_modules/p-limit
458 silly ADD node_modules/nyc/node_modules/locate-path
459 silly ADD node_modules/nyc/node_modules/find-up
460 silly ADD node_modules/nyc/node_modules/cliui
461 silly ADD node_modules/normalize-path
462 silly ADD node_modules/node-releases
463 silly ADD node_modules/node-preload
464 silly ADD node_modules/negotiator
465 silly ADD node_modules/nanoid
466 silly ADD node_modules/ms
467 silly ADD node_modules/mocha
468 silly ADD node_modules/mocha/node_modules/ms
469 silly ADD node_modules/mocha/node_modules/debug
470 silly ADD node_modules/mocha/node_modules/debug/node_modules/ms
471 silly ADD node_modules/minimist
472 silly ADD node_modules/minimatch
473 silly ADD node_modules/mime-types
474 silly ADD node_modules/mime-db
475 silly ADD node_modules/mime
476 silly ADD node_modules/methods
477 silly ADD node_modules/merge-descriptors
478 silly ADD node_modules/media-typer
479 silly ADD node_modules/make-dir
480 silly ADD node_modules/log-symbols
481 silly ADD node_modules/lodash.flattendeep
482 silly ADD node_modules/locate-path
483 silly ADD node_modules/json5
484 silly ADD node_modules/jsesc
485 silly ADD node_modules/js-yaml
486 silly ADD node_modules/js-tokens
487 silly ADD node_modules/istanbul-reports
488 silly ADD node_modules/istanbul-lib-source-maps
489 silly ADD node_modules/istanbul-lib-source-maps/node_modules/source-map
490 silly ADD node_modules/istanbul-lib-source-maps/node_modules/ms
491 silly ADD node_modules/istanbul-lib-source-maps/node_modules/debug
492 silly ADD node_modules/istanbul-lib-report
493 silly ADD node_modules/istanbul-lib-report/node_modules/supports-color
494 silly ADD node_modules/istanbul-lib-processinfo
495 silly ADD node_modules/istanbul-lib-instrument
496 silly ADD node_modules/istanbul-lib-hook
497 silly ADD node_modules/istanbul-lib-coverage
498 silly ADD node_modules/isexe
499 silly ADD node_modules/isarray
500 silly ADD node_modules/is-windows
501 silly ADD node_modules/is-unicode-supported
502 silly ADD node_modules/is-typedarray
503 silly ADD node_modules/is-stream
504 silly ADD node_modules/is-plain-obj
505 silly ADD node_modules/is-number
506 silly ADD node_modules/is-glob
507 silly ADD node_modules/is-fullwidth-code-point
508 silly ADD node_modules/is-extglob
509 silly ADD node_modules/is-binary-path
510 silly ADD node_modules/ipaddr.js
511 silly ADD node_modules/inherits
512 silly ADD node_modules/inflight
513 silly ADD node_modules/indent-string
514 silly ADD node_modules/imurmurhash
515 silly ADD node_modules/iconv-lite
516 silly ADD node_modules/http-errors
517 silly ADD node_modules/html-escaper
518 silly ADD node_modules/he
519 silly ADD node_modules/hasha
520 silly ADD node_modules/has-flag
521 silly ADD node_modules/growl
522 silly ADD node_modules/graceful-fs
523 silly ADD node_modules/globals
524 silly ADD node_modules/glob-parent
525 silly ADD node_modules/glob
526 silly ADD node_modules/get-package-type
527 silly ADD node_modules/get-func-name
528 silly ADD node_modules/get-caller-file
529 silly ADD node_modules/gensync
530 silly ADD
531 silly ADD node_modules/fs.realpath
532 silly ADD node_modules/fromentries
533 silly ADD node_modules/fresh
534 silly ADD node_modules/forwarded
535 silly ADD node_modules/formidable
536 silly ADD node_modules/form-data
537 silly ADD node_modules/foreground-child
538 silly ADD node_modules/flat
539 silly ADD node_modules/find-up
540 silly ADD node_modules/find-cache-dir
541 silly ADD node_modules/finalhandler
542 silly ADD node_modules/fill-range
543 silly ADD node_modules/extend
544 silly ADD node_modules/express
545 silly ADD node_modules/etag
546 silly ADD node_modules/esprima
547 silly ADD node_modules/escape-string-regexp
548 silly ADD node_modules/escape-html
549 silly ADD node_modules/escalade
550 silly ADD node_modules/es6-error
551 silly ADD node_modules/encodeurl
552 silly ADD node_modules/emoji-regex
553 silly ADD node_modules/electron-to-chromium
554 silly ADD node_modules/ee-first
555 silly ADD node_modules/diff
556 silly ADD node_modules/destroy
557 silly ADD node_modules/depd
558 silly ADD node_modules/delayed-stream
559 silly ADD node_modules/default-require-extensions
560 silly ADD node_modules/deep-eql
561 silly ADD node_modules/decamelize
562 silly ADD node_modules/debug
563 silly ADD node_modules/cross-spawn
564 silly ADD node_modules/core-util-is
565 silly ADD node_modules/cookiejar
566 silly ADD node_modules/cookie-signature
567 silly ADD node_modules/cookie
568 silly ADD node_modules/convert-source-map
569 silly ADD node_modules/content-type
570 silly ADD node_modules/content-disposition
571 silly ADD node_modules/concat-map
572 silly ADD node_modules/component-emitter
573 silly ADD node_modules/commondir
574 silly ADD node_modules/combined-stream
575 silly ADD node_modules/color-name
576 silly ADD node_modules/color-convert
577 silly ADD node_modules/cliui
578 silly ADD node_modules/clean-stack
579 silly ADD node_modules/chokidar
580 silly ADD node_modules/check-error
581 silly ADD node_modules/chalk
582 silly ADD node_modules/chalk/node_modules/supports-color
583 silly ADD node_modules/chai
584 silly ADD node_modules/caniuse-lite
585 silly ADD node_modules/camelcase
586 silly ADD node_modules/caching-transform
587 silly ADD node_modules/bytes
588 silly ADD node_modules/browserslist
589 silly ADD node_modules/browser-stdout
590 silly ADD node_modules/braces
591 silly ADD node_modules/brace-expansion
592 silly ADD node_modules/body-parser
593 silly ADD node_modules/binary-extensions
594 silly ADD node_modules/balanced-match
595 silly ADD node_modules/asynckit
596 silly ADD node_modules/assertion-error
597 silly ADD node_modules/array-flatten
598 silly ADD node_modules/argparse
599 silly ADD node_modules/archy
600 silly ADD node_modules/append-transform
601 silly ADD node_modules/anymatch
602 silly ADD node_modules/ansi-styles
603 silly ADD node_modules/ansi-regex
604 silly ADD node_modules/ansi-colors
605 silly ADD node_modules/aggregate-error
606 silly ADD node_modules/accepts
607 silly ADD node_modules/@ungap/promise-all-settled
608 silly ADD node_modules/@jridgewell/trace-mapping
609 silly ADD node_modules/@jridgewell/sourcemap-codec
610 silly ADD node_modules/@jridgewell/resolve-uri
611 silly ADD node_modules/@istanbuljs/schema
612 silly ADD node_modules/@istanbuljs/load-nyc-config
613 silly ADD node_modules/@istanbuljs/load-nyc-config/node_modules/p-locate
614 silly ADD node_modules/@istanbuljs/load-nyc-config/node_modules/p-limit
615 silly ADD node_modules/@istanbuljs/load-nyc-config/node_modules/locate-path
616 silly ADD node_modules/@istanbuljs/load-nyc-config/node_modules/js-yaml
617 silly ADD node_modules/@istanbuljs/load-nyc-config/node_modules/find-up
618 silly ADD node_modules/@istanbuljs/load-nyc-config/node_modules/argparse
619 silly ADD node_modules/@babel/types
620 silly ADD node_modules/@babel/traverse
621 silly ADD node_modules/@babel/traverse/node_modules/ms
622 silly ADD node_modules/@babel/traverse/node_modules/debug
623 silly ADD node_modules/@babel/template
624 silly ADD node_modules/@babel/parser
625 silly ADD node_modules/@babel/highlight
626 silly ADD node_modules/@babel/highlight/node_modules/supports-color
627 silly ADD node_modules/@babel/highlight/node_modules/has-flag
628 silly ADD node_modules/@babel/highlight/node_modules/escape-string-regexp
629 silly ADD node_modules/@babel/highlight/node_modules/color-name
630 silly ADD node_modules/@babel/highlight/node_modules/color-convert
631 silly ADD node_modules/@babel/highlight/node_modules/chalk
632 silly ADD node_modules/@babel/highlight/node_modules/ansi-styles
633 silly ADD node_modules/@babel/helpers
634 silly ADD node_modules/@babel/helper-validator-option
635 silly ADD node_modules/@babel/helper-validator-identifier
636 silly ADD node_modules/@babel/helper-split-export-declaration
637 silly ADD node_modules/@babel/helper-simple-access
638 silly ADD node_modules/@babel/helper-module-transforms
639 silly ADD node_modules/@babel/helper-module-imports
640 silly ADD node_modules/@babel/helper-hoist-variables
641 silly ADD node_modules/@babel/helper-get-function-arity
642 silly ADD node_modules/@babel/helper-function-name
643 silly ADD node_modules/@babel/helper-environment-visitor
644 silly ADD node_modules/@babel/helper-compilation-targets
645 silly ADD node_modules/@babel/generator
646 silly ADD node_modules/@babel/core
647 silly ADD node_modules/@babel/core/node_modules/ms
648 silly ADD node_modules/@babel/core/node_modules/debug
649 silly ADD node_modules/@babel/compat-data
650 silly ADD node_modules/@babel/code-frame
651 silly ADD node_modules/@ampproject/remapping
652 timing command:install Completed in 4189ms
653 verbose exit 0
654 timing npm Completed in 4434ms
655 info ok
