0 verbose cli [
0 verbose cli   '/usr/local/nvm/versions/node/v12.14.1/bin/node',
0 verbose cli   '/usr/local/nvm/versions/node/v12.14.1/bin/npm',
0 verbose cli   'install'
0 verbose cli ]
1 info using npm@8.5.0
2 info using node@v12.14.1
3 timing npm:load:whichnode Completed in 1ms
4 timing config:load:defaults Completed in 2ms
5 timing config:load:file:/usr/local/nvm/versions/node/v12.14.1/lib/node_modules/npm/npmrc Completed in 2ms
6 timing config:load:builtin Completed in 2ms
7 timing config:load:cli Completed in 2ms
8 timing config:load:env Completed in 3ms
9 timing config:load:file:/home/user301/sample-master/external/.npmrc Completed in 0ms
10 timing config:load:project Completed in 2ms
11 timing config:load:file:/home/user301/.npmrc Completed in 0ms
12 timing config:load:user Completed in 0ms
13 timing config:load:file:/usr/local/nvm/versions/node/v12.14.1/etc/npmrc Completed in 1ms
14 timing config:load:global Completed in 1ms
15 timing config:load:validate Completed in 0ms
16 timing config:load:credentials Completed in 1ms
17 timing config:load:setEnvs Completed in 1ms
18 timing config:load Completed in 14ms
19 timing npm:load:configload Completed in 14ms
20 timing npm:load:setTitle Completed in 1ms
21 timing config:load:flatten Completed in 2ms
22 timing npm:load:display Completed in 4ms
23 verbose logfile /home/user301/.npm/_logs/2022-03-08T06_46_00_042Z-debug-0.log
24 timing npm:load:logFile Completed in 6ms
25 timing npm:load:timers Completed in 0ms
26 timing npm:load:configScope Completed in 0ms
27 timing npm:load Completed in 27ms
28 timing arborist:ctor Completed in 2ms
29 timing idealTree:init Completed in 315ms
30 timing idealTree:userRequests Completed in 0ms
31 silly idealTree buildDeps
32 timing idealTree:#root Completed in 0ms
33 timing idealTree:buildDeps Completed in 2ms
34 timing idealTree:fixDepFlags Completed in 1ms
35 warn EBADENGINE Unsupported engine {
35 warn EBADENGINE   package: 'express-handlebars@6.0.2',
35 warn EBADENGINE   required: { node: '>=v12.22.7' },
35 warn EBADENGINE   current: { node: 'v12.14.1', npm: '8.5.0' }
35 warn EBADENGINE }
36 timing idealTree Completed in 330ms
37 timing reify:loadTrees Completed in 342ms
38 timing reify:diffTrees Completed in 10ms
39 silly reify moves {}
40 timing reify:retireShallow Completed in 0ms
41 timing reify:createSparse Completed in 113ms
42 timing reify:loadBundles Completed in 0ms
43 silly audit bulk request {
43 silly audit   '@ampproject/remapping': [ '2.1.2' ],
43 silly audit   '@babel/code-frame': [ '7.16.7' ],
43 silly audit   '@babel/compat-data': [ '7.17.0' ],
43 silly audit   '@babel/core': [ '7.17.5' ],
43 silly audit   debug: [ '4.3.3', '2.6.9', '3.2.6', '4.1.1' ],
43 silly audit   ms: [ '2.1.2', '2.0.0', '2.1.3', '2.1.1' ],
43 silly audit   semver: [ '6.3.0', '5.7.1' ],
43 silly audit   '@babel/generator': [ '7.17.3' ],
43 silly audit   'source-map': [ '0.5.7', '0.6.1' ],
43 silly audit   '@babel/helper-compilation-targets': [ '7.16.7' ],
43 silly audit   '@babel/helper-environment-visitor': [ '7.16.7' ],
43 silly audit   '@babel/helper-function-name': [ '7.16.7' ],
43 silly audit   '@babel/helper-get-function-arity': [ '7.16.7' ],
43 silly audit   '@babel/helper-hoist-variables': [ '7.16.7' ],
43 silly audit   '@babel/helper-module-imports': [ '7.16.7' ],
43 silly audit   '@babel/helper-module-transforms': [ '7.17.6' ],
43 silly audit   '@babel/helper-simple-access': [ '7.16.7' ],
43 silly audit   '@babel/helper-split-export-declaration': [ '7.16.7' ],
43 silly audit   '@babel/helper-validator-identifier': [ '7.16.7' ],
43 silly audit   '@babel/helper-validator-option': [ '7.16.7' ],
43 silly audit   '@babel/helpers': [ '7.17.2' ],
43 silly audit   '@babel/highlight': [ '7.16.10' ],
43 silly audit   'ansi-styles': [ '3.2.1', '4.3.0' ],
43 silly audit   chalk: [ '2.4.2', '4.1.2' ],
43 silly audit   'color-convert': [ '1.9.3', '2.0.1' ],
43 silly audit   'color-name': [ '1.1.3', '1.1.4' ],
43 silly audit   'escape-string-regexp': [ '1.0.5', '4.0.0' ],
43 silly audit   'has-flag': [ '3.0.0', '4.0.0' ],
43 silly audit   'supports-color': [ '5.5.0', '7.2.0', '8.1.1' ],
43 silly audit   '@babel/parser': [ '7.17.3' ],
43 silly audit   '@babel/template': [ '7.16.7' ],
43 silly audit   '@babel/traverse': [ '7.17.3' ],
43 silly audit   '@babel/types': [ '7.17.0' ],
43 silly audit   '@istanbuljs/load-nyc-config': [ '1.1.0' ],
43 silly audit   argparse: [ '1.0.10', '2.0.1' ],
43 silly audit   'find-up': [ '4.1.0', '5.0.0' ],
43 silly audit   'js-yaml': [ '3.14.1', '4.1.0' ],
43 silly audit   'locate-path': [ '5.0.0', '6.0.0' ],
43 silly audit   'p-limit': [ '2.3.0', '3.1.0' ],
43 silly audit   'p-locate': [ '4.1.0', '5.0.0' ],
43 silly audit   '@istanbuljs/schema': [ '0.1.3' ],
43 silly audit   '@jridgewell/resolve-uri': [ '3.0.5' ],
43 silly audit   '@jridgewell/sourcemap-codec': [ '1.4.11' ],
43 silly audit   '@jridgewell/trace-mapping': [ '0.3.4' ],
43 silly audit   '@ungap/promise-all-settled': [ '1.1.2' ],
43 silly audit   accepts: [ '1.3.7' ],
43 silly audit   'aggregate-error': [ '3.1.0' ],
43 silly audit   ajv: [ '6.12.6' ],
43 silly audit   'ansi-colors': [ '4.1.1' ],
43 silly audit   'ansi-regex': [ '5.0.1' ],
43 silly audit   anymatch: [ '3.1.2' ],
43 silly audit   'append-transform': [ '2.0.0' ],
43 silly audit   archy: [ '1.0.0' ],
43 silly audit   'array-flatten': [ '1.1.1' ],
43 silly audit   asn1: [ '0.2.4' ],
43 silly audit   'assert-plus': [ '1.0.0' ],
43 silly audit   'assertion-error': [ '1.1.0' ],
43 silly audit   asynckit: [ '0.4.0' ],
43 silly audit   'aws-sign2': [ '0.7.0' ],
43 silly audit   aws4: [ '1.9.1' ],
43 silly audit   'balanced-match': [ '1.0.0' ],
43 silly audit   'bcrypt-pbkdf': [ '1.0.2' ],
43 silly audit   'binary-extensions': [ '2.2.0' ],
43 silly audit   'body-parser': [ '1.19.0' ],
43 silly audit   qs: [ '6.7.0', '6.8.0', '6.5.2' ],
43 silly audit   'brace-expansion': [ '1.1.11' ],
43 silly audit   braces: [ '3.0.2' ],
43 silly audit   'browser-stdout': [ '1.3.1' ],
43 silly audit   browserslist: [ '4.19.3' ],
43 silly audit   bytes: [ '3.1.0' ],
43 silly audit   'caching-transform': [ '4.0.0' ],
43 silly audit   camelcase: [ '5.3.1', '6.3.0' ],
43 silly audit   'caniuse-lite': [ '1.0.30001312' ],
43 silly audit   caseless: [ '0.12.0' ],
43 silly audit   chai: [ '4.2.0' ],
43 silly audit   'check-error': [ '1.0.2' ],
43 silly audit   chokidar: [ '3.5.3' ],
43 silly audit   'clean-stack': [ '2.2.0' ],
43 silly audit   cliui: [ '7.0.4', '6.0.0' ],
43 silly audit   'combined-stream': [ '1.0.8' ],
43 silly audit   commander: [ '2.20.3' ],
43 silly audit   commondir: [ '1.0.1' ],
43 silly audit   'component-emitter': [ '1.3.0' ],
43 silly audit   'concat-map': [ '0.0.1' ],
43 silly audit   'content-disposition': [ '0.5.3' ],
43 silly audit   'content-type': [ '1.0.4' ],
43 silly audit   'convert-source-map': [ '1.8.0' ],
43 silly audit   cookie: [ '0.4.0' ],
43 silly audit   'cookie-signature': [ '1.0.6' ],
43 silly audit   cookiejar: [ '2.1.2' ],
43 silly audit   'core-util-is': [ '1.0.2' ],
43 silly audit   'cross-spawn': [ '7.0.3' ],
43 silly audit   dashdash: [ '1.14.1' ],
43 silly audit   decamelize: [ '1.2.0', '4.0.0' ],
43 silly audit   'deep-eql': [ '3.0.1' ],
43 silly audit   'deep-equal': [ '1.1.0' ],
43 silly audit   'default-require-extensions': [ '3.0.0' ],
43 silly audit   'define-properties': [ '1.1.3' ],
43 silly audit   'delayed-stream': [ '1.0.0' ],
43 silly audit   depd: [ '1.1.2' ],
43 silly audit   destroy: [ '1.0.4' ],
43 silly audit   diff: [ '5.0.0' ],
43 silly audit   'ecc-jsbn': [ '0.1.2' ],
43 silly audit   'ee-first': [ '1.1.1' ],
43 silly audit   'electron-to-chromium': [ '1.4.75' ],
43 silly audit   'emoji-regex': [ '8.0.0' ],
43 silly audit   encodeurl: [ '1.0.2' ],
43 silly audit   'es6-error': [ '4.1.1' ],
43 silly audit   escalade: [ '3.1.1' ],
43 silly audit   'escape-html': [ '1.0.3' ],
43 silly audit   esprima: [ '4.0.1' ],
43 silly audit   etag: [ '1.8.1' ],
43 silly audit   express: [ '4.17.1' ],
43 silly audit   'express-handlebars': [ '6.0.2' ],
43 silly audit   extend: [ '3.0.2' ],
43 silly audit   extsprintf: [ '1.3.0' ],
43 silly audit   'fast-deep-equal': [ '3.1.1' ],
43 silly audit   'fast-json-stable-stringify': [ '2.1.0' ],
43 silly audit   'fill-range': [ '7.0.1' ],
43 silly audit   finalhandler: [ '1.1.2' ],
43 silly audit   'find-cache-dir': [ '3.3.2' ],
43 silly audit   flat: [ '5.0.2' ],
43 silly audit   'foreground-child': [ '2.0.0' ],
43 silly audit   'forever-agent': [ '0.6.1' ],
43 silly audit   'form-data': [ '2.5.0', '2.3.3' ],
43 silly audit   formidable: [ '1.2.1' ],
43 silly audit   forwarded: [ '0.1.2' ],
43 silly audit   fresh: [ '0.5.2' ],
43 silly audit   fromentries: [ '1.3.2' ],
43 silly audit   'fs.realpath': [ '1.0.0' ],
43 silly audit   fsevents: [ '2.3.2' ],
43 silly audit   'function-bind': [ '1.1.1' ],
43 silly audit   gensync: [ '1.0.0-beta.2' ],
43 silly audit   'get-caller-file': [ '2.0.5' ],
43 silly audit   'get-func-name': [ '2.0.0' ],
43 silly audit   'get-package-type': [ '0.1.0' ],
43 silly audit   getpass: [ '0.1.7' ],
43 silly audit   glob: [ '7.2.0' ],
43 silly audit   'glob-parent': [ '5.1.2' ],
43 silly audit   globals: [ '11.12.0' ],
43 silly audit   'graceful-fs': [ '4.2.9' ],
43 silly audit   growl: [ '1.10.5' ],
43 silly audit   handlebars: [ '4.7.7' ],
43 silly audit   'har-schema': [ '2.0.0' ],
43 silly audit   'har-validator': [ '5.1.3' ],
43 silly audit   has: [ '1.0.3' ],
43 silly audit   hasha: [ '5.2.2' ],
43 silly audit   he: [ '1.2.0' ],
43 silly audit   'html-escaper': [ '2.0.2' ],
43 silly audit   'http-errors': [ '1.7.2' ],
43 silly audit   inherits: [ '2.0.3', '2.0.4' ],
43 silly audit   'http-signature': [ '1.2.0' ],
43 silly audit   'iconv-lite': [ '0.4.24' ],
43 silly audit   imurmurhash: [ '0.1.4' ],
43 silly audit   'indent-string': [ '4.0.0' ],
43 silly audit   inflight: [ '1.0.6' ],
43 silly audit   'ipaddr.js': [ '1.9.0' ],
43 silly audit   'is-arguments': [ '1.0.4' ],
43 silly audit   'is-binary-path': [ '2.1.0' ],
43 silly audit   'is-date-object': [ '1.0.1' ],
43 silly audit   'is-extglob': [ '2.1.1' ],
43 silly audit   'is-fullwidth-code-point': [ '3.0.0' ],
43 silly audit   'is-glob': [ '4.0.3' ],
43 silly audit   'is-number': [ '7.0.0' ],
43 silly audit   'is-plain-obj': [ '2.1.0' ],
43 silly audit   'is-regex': [ '1.0.4' ],
43 silly audit   'is-stream': [ '2.0.1' ],
43 silly audit   'is-typedarray': [ '1.0.0' ],
43 silly audit   'is-unicode-supported': [ '0.1.0' ],
43 silly audit   'is-windows': [ '1.0.2' ],
43 silly audit   isarray: [ '1.0.0' ],
43 silly audit   isexe: [ '2.0.0' ],
43 silly audit   isstream: [ '0.1.2' ],
43 silly audit   'istanbul-lib-coverage': [ '3.2.0' ],
43 silly audit   'istanbul-lib-hook': [ '3.0.0' ],
43 silly audit   'istanbul-lib-instrument': [ '4.0.3' ],
43 silly audit   'istanbul-lib-processinfo': [ '2.0.2' ],
43 silly audit   'istanbul-lib-report': [ '3.0.0' ],
43 silly audit   'istanbul-lib-source-maps': [ '4.0.1' ],
43 silly audit   'istanbul-reports': [ '3.1.4' ],
43 silly audit   'js-tokens': [ '4.0.0' ],
43 silly audit   jsbn: [ '0.1.1' ],
43 silly audit   jsesc: [ '2.5.2' ],
43 silly audit   'json-schema': [ '0.4.0' ],
43 silly audit   'json-schema-traverse': [ '0.4.1' ],
43 silly audit   'json-stringify-safe': [ '5.0.1' ],
43 silly audit   json5: [ '2.2.0' ],
43 silly audit   jsprim: [ '1.4.2' ],
43 silly audit   lodash: [ '4.17.21' ],
43 silly audit   'lodash.flattendeep': [ '4.4.0' ],
43 silly audit   'log-symbols': [ '4.1.0' ],
43 silly audit   'make-dir': [ '3.1.0' ],
43 silly audit   'media-typer': [ '0.3.0' ],
43 silly audit   'merge-descriptors': [ '1.0.1' ],
43 silly audit   methods: [ '1.1.2' ],
43 silly audit   mime: [ '1.6.0' ],
43 silly audit   'mime-db': [ '1.40.0' ],
43 silly audit   'mime-types': [ '2.1.24' ],
43 silly audit   minimatch: [ '3.0.4' ],
43 silly audit   minimist: [ '1.2.5' ],
43 silly audit   mkdirp: [ '0.5.5' ],
43 silly audit   mocha: [ '9.2.1' ],
43 silly audit   nanoid: [ '3.2.0' ],
43 silly audit   negotiator: [ '0.6.2' ],
43 silly audit   'neo-async': [ '2.6.1' ],
43 silly audit   nock: [ '10.0.6' ],
43 silly audit   'node-preload': [ '0.2.1' ],
43 silly audit   'node-releases': [ '2.0.2' ],
43 silly audit   'normalize-path': [ '3.0.0' ],
43 silly audit   nyc: [ '15.1.0' ],
43 silly audit   'wrap-ansi': [ '6.2.0', '7.0.0' ],
43 silly audit   y18n: [ '4.0.3', '5.0.8' ],
43 silly audit   yargs: [ '15.4.1', '16.2.0' ],
43 silly audit   'yargs-parser': [ '18.1.3', '20.2.4' ],
43 silly audit   'oauth-sign': [ '0.9.0' ],
43 silly audit   'object-is': [ '1.0.1' ],
43 silly audit   'object-keys': [ '1.1.1' ],
43 silly audit   'on-finished': [ '2.3.0' ],
43 silly audit   once: [ '1.4.0' ],
43 silly audit   'p-map': [ '3.0.0' ],
43 silly audit   'p-try': [ '2.2.0' ],
43 silly audit   'package-hash': [ '4.0.0' ],
43 silly audit   parseurl: [ '1.3.3' ],
43 silly audit   'path-exists': [ '4.0.0' ],
43 silly audit   'path-is-absolute': [ '1.0.1' ],
43 silly audit   'path-key': [ '3.1.1' ],
43 silly audit   'path-to-regexp': [ '0.1.7' ],
43 silly audit   pathval: [ '1.1.1' ],
43 silly audit   'performance-now': [ '2.1.0' ],
43 silly audit   picocolors: [ '1.0.0' ],
43 silly audit   picomatch: [ '2.3.1' ],
43 silly audit   'pkg-dir': [ '4.2.0' ],
43 silly audit   'process-nextick-args': [ '2.0.1' ],
43 silly audit   'process-on-spawn': [ '1.0.0' ],
43 silly audit   propagate: [ '1.0.0' ],
43 silly audit   'proxy-addr': [ '2.0.5' ],
43 silly audit   psl: [ '1.8.0' ],
43 silly audit   punycode: [ '2.1.1' ],
43 silly audit   randombytes: [ '2.1.0' ],
43 silly audit   'range-parser': [ '1.2.1' ],
43 silly audit   'raw-body': [ '2.4.0' ],
43 silly audit   'readable-stream': [ '2.3.6' ],
43 silly audit   readdirp: [ '3.6.0' ],
43 silly audit   'regexp.prototype.flags': [ '1.2.0' ],
43 silly audit   'release-zalgo': [ '1.0.0' ],
43 silly audit   request: [ '2.88.2' ],
43 silly audit   'require-directory': [ '2.1.1' ],
43 silly audit   'require-main-filename': [ '2.0.0' ],
43 silly audit   'resolve-from': [ '5.0.0' ],
43 silly audit   rimraf: [ '3.0.2' ],
43 silly audit   'safe-buffer': [ '5.1.2' ],
43 silly audit   'safer-buffer': [ '2.1.2' ],
43 silly audit   send: [ '0.17.1' ],
43 silly audit   'serialize-javascript': [ '6.0.0' ],
43 silly audit   'serve-static': [ '1.14.1' ],
43 silly audit   'set-blocking': [ '2.0.0' ],
43 silly audit   setprototypeof: [ '1.1.1' ],
43 silly audit   'shebang-command': [ '2.0.0' ],
43 silly audit   'shebang-regex': [ '3.0.0' ],
43 silly audit   'signal-exit': [ '3.0.7' ],
43 silly audit   'spawn-wrap': [ '2.0.0' ],
43 silly audit   'sprintf-js': [ '1.0.3' ],
43 silly audit   sshpk: [ '1.16.1' ],
43 silly audit   statuses: [ '1.5.0' ],
43 silly audit   string_decoder: [ '1.1.1' ],
43 silly audit   'string-width': [ '4.2.3' ],
43 silly audit   'strip-ansi': [ '6.0.1' ],
43 silly audit   'strip-bom': [ '4.0.0' ],
43 silly audit   'strip-json-comments': [ '3.1.1' ],
43 silly audit   superagent: [ '3.8.3' ],
43 silly audit   supertest: [ '4.0.2' ],
43 silly audit   'test-exclude': [ '6.0.0' ],
43 silly audit   'to-fast-properties': [ '2.0.0' ],
43 silly audit   'to-regex-range': [ '5.0.1' ],
43 silly audit   toidentifier: [ '1.0.0' ],
43 silly audit   'tough-cookie': [ '2.5.0' ],
43 silly audit   'tunnel-agent': [ '0.6.0' ],
43 silly audit   tweetnacl: [ '0.14.5' ],
43 silly audit   'type-detect': [ '4.0.8' ],
43 silly audit   'type-fest': [ '0.8.1' ],
43 silly audit   'type-is': [ '1.6.18' ],
43 silly audit   'typedarray-to-buffer': [ '3.1.5' ],
43 silly audit   'uglify-js': [ '3.9.2' ],
43 silly audit   unpipe: [ '1.0.0' ],
43 silly audit   'uri-js': [ '4.2.2' ],
43 silly audit   'util-deprecate': [ '1.0.2' ],
43 silly audit   'utils-merge': [ '1.0.1' ],
43 silly audit   uuid: [ '3.3.3' ],
43 silly audit   vary: [ '1.1.2' ],
43 silly audit   verror: [ '1.10.0' ],
43 silly audit   which: [ '2.0.2' ],
43 silly audit   'which-module': [ '2.0.0' ],
43 silly audit   wordwrap: [ '1.0.0' ],
43 silly audit   workerpool: [ '6.2.0' ],
43 silly audit   wrappy: [ '1.0.2' ],
43 silly audit   'write-file-atomic': [ '3.0.3' ],
43 silly audit   'yargs-unparser': [ '2.0.0' ],
43 silly audit   'yocto-queue': [ '0.1.0' ]
43 silly audit }
44 verbose reify failed optional dependency /home/user301/sample-master/external/node_modules/fsevents
45 silly reify mark deleted [ '/home/user301/sample-master/external/node_modules/fsevents' ]
46 timing reifyNode:node_modules/fsevents Completed in 94ms
47 http fetch POST 200 https://registry.npmjs.org/-/npm/v1/security/advisories/bulk 1594ms
48 timing auditReport:getReport Completed in 1604ms
49 silly audit report {}
50 timing auditReport:init Completed in 0ms
51 timing reify:audit Completed in 1605ms
52 timing reifyNode:node_modules/wrappy Completed in 2321ms
53 timing reifyNode:node_modules/wrap-ansi Completed in 2322ms
54 timing reifyNode:node_modules/toidentifier Completed in 2321ms
55 timing reifyNode:node_modules/to-fast-properties Completed in 2321ms
56 timing reifyNode:node_modules/shebang-command Completed in 2322ms
57 timing reifyNode:node_modules/process-nextick-args Completed in 2333ms
58 timing reifyNode:node_modules/path-is-absolute Completed in 2332ms
59 timing reifyNode:node_modules/package-hash Completed in 2332ms
60 timing reifyNode:node_modules/once Completed in 2332ms
61 timing reifyNode:node_modules/oauth-sign Completed in 2331ms
62 timing reifyNode:node_modules/normalize-path Completed in 2328ms
63 timing reifyNode:node_modules/lodash.flattendeep Completed in 2328ms
64 timing reifyNode:node_modules/is-windows Completed in 2329ms
65 timing reifyNode:node_modules/is-number Completed in 2332ms
66 timing reifyNode:node_modules/is-extglob Completed in 2334ms
67 timing reifyNode:node_modules/inflight Completed in 2334ms
68 timing reifyNode:node_modules/imurmurhash Completed in 2335ms
69 timing reifyNode:node_modules/find-cache-dir Completed in 2338ms
70 timing reifyNode:node_modules/escape-html Completed in 2338ms
71 timing reifyNode:node_modules/ms Completed in 2351ms
72 timing reifyNode:node_modules/ee-first Completed in 2339ms
73 timing reifyNode:node_modules/destroy Completed in 2340ms
74 timing reifyNode:node_modules/decamelize Completed in 2340ms
75 timing reifyNode:node_modules/convert-source-map Completed in 2341ms
76 timing reifyNode:node_modules/color-name Completed in 2341ms
77 timing reifyNode:node_modules/caching-transform Completed in 2341ms
78 timing reifyNode:node_modules/browser-stdout Completed in 2341ms
79 timing reifyNode:node_modules/brace-expansion Completed in 2341ms
80 timing reifyNode:node_modules/array-flatten Completed in 2341ms
81 timing reifyNode:node_modules/send/node_modules/debug/node_modules/ms Completed in 2388ms
82 timing reifyNode:node_modules/nyc/node_modules/wrap-ansi Completed in 2380ms
83 timing reifyNode:node_modules/mocha/node_modules/ms Completed in 2378ms
84 timing reifyNode:node_modules/mocha/node_modules/debug/node_modules/ms Completed in 2379ms
85 timing reifyNode:node_modules/istanbul-lib-source-maps/node_modules/ms Completed in 2376ms
86 timing reifyNode:node_modules/finalhandler/node_modules/ms Completed in 2371ms
87 timing reifyNode:node_modules/express/node_modules/ms Completed in 2371ms
88 timing reifyNode:node_modules/body-parser/node_modules/ms Completed in 2365ms
89 timing reifyNode:node_modules/@babel/traverse/node_modules/ms Completed in 2361ms
90 timing reifyNode:node_modules/@babel/highlight/node_modules/has-flag Completed in 2362ms
91 timing reifyNode:node_modules/@babel/highlight/node_modules/escape-string-regexp Completed in 2361ms
92 timing reifyNode:node_modules/@babel/highlight/node_modules/ansi-styles Completed in 2361ms
93 timing reifyNode:node_modules/@babel/core/node_modules/ms Completed in 2360ms
94 timing reifyNode:node_modules/yocto-queue Completed in 2415ms
95 timing reifyNode:node_modules/which-module Completed in 2414ms
96 timing reifyNode:node_modules/vary Completed in 2415ms
97 timing reifyNode:node_modules/utils-merge Completed in 2418ms
98 timing reifyNode:node_modules/unpipe Completed in 2422ms
99 timing reifyNode:node_modules/type-is Completed in 2422ms
100 timing reifyNode:node_modules/tunnel-agent Completed in 2423ms
101 timing reifyNode:node_modules/to-regex-range Completed in 2422ms
102 timing reifyNode:node_modules/supports-color Completed in 2422ms
103 timing reifyNode:node_modules/strip-json-comments Completed in 2422ms
104 timing reifyNode:node_modules/strip-bom Completed in 2422ms
105 timing reifyNode:node_modules/strip-ansi Completed in 2423ms
106 timing reifyNode:node_modules/string-width Completed in 2423ms
107 timing reifyNode:node_modules/signal-exit Completed in 2428ms
108 timing reifyNode:node_modules/shebang-regex Completed in 2428ms
109 timing reifyNode:node_modules/set-blocking Completed in 2429ms
110 timing reifyNode:node_modules/serialize-javascript Completed in 2429ms
111 timing reifyNode:node_modules/resolve-from Completed in 2428ms
112 timing reifyNode:node_modules/require-main-filename Completed in 2428ms
113 timing reifyNode:node_modules/range-parser Completed in 2429ms
114 timing reifyNode:node_modules/process-on-spawn Completed in 2433ms
115 timing reifyNode:node_modules/pkg-dir Completed in 2433ms
116 timing reifyNode:node_modules/path-to-regexp Completed in 2433ms
117 timing reifyNode:node_modules/path-key Completed in 2433ms
118 timing reifyNode:node_modules/path-exists Completed in 2433ms
119 timing reifyNode:node_modules/parseurl Completed in 2433ms
120 timing reifyNode:node_modules/p-try Completed in 2433ms
121 timing reifyNode:node_modules/p-map Completed in 2432ms
122 timing reifyNode:node_modules/p-locate Completed in 2432ms
123 timing reifyNode:node_modules/p-limit Completed in 2433ms
124 timing reifyNode:node_modules/on-finished Completed in 2432ms
125 timing reifyNode:node_modules/mime-types Completed in 2428ms
126 timing reifyNode:node_modules/methods Completed in 2430ms
127 timing reifyNode:node_modules/merge-descriptors Completed in 2430ms
128 timing reifyNode:node_modules/make-dir Completed in 2430ms
129 timing reifyNode:node_modules/locate-path Completed in 2431ms
130 timing reifyNode:node_modules/media-typer Completed in 2441ms
131 timing reifyNode:node_modules/is-unicode-supported Completed in 2439ms
132 timing reifyNode:node_modules/is-typedarray Completed in 2439ms
133 timing reifyNode:node_modules/is-stream Completed in 2439ms
134 timing reifyNode:node_modules/is-plain-obj Completed in 2439ms
135 timing reifyNode:node_modules/is-glob Completed in 2439ms
136 timing reifyNode:node_modules/is-fullwidth-code-point Completed in 2439ms
137 timing reifyNode:node_modules/is-binary-path Completed in 2440ms
138 timing reifyNode:node_modules/indent-string Completed in 2443ms
139 timing reifyNode:node_modules/has-flag Completed in 2444ms
140 timing reifyNode:node_modules/inherits Completed in 2447ms
141 timing reifyNode:node_modules/glob-parent Completed in 2459ms
142 timing reifyNode:node_modules/get-func-name Completed in 2459ms
143 timing reifyNode:node_modules/fromentries Completed in 2460ms
144 timing reifyNode:node_modules/fresh Completed in 2460ms
145 timing reifyNode:node_modules/forwarded Completed in 2461ms
146 timing reifyNode:node_modules/forever-agent Completed in 2460ms
147 timing reifyNode:node_modules/find-up Completed in 2461ms
148 timing reifyNode:node_modules/finalhandler Completed in 2461ms
149 timing reifyNode:node_modules/fill-range Completed in 2462ms
150 timing reifyNode:node_modules/etag Completed in 2465ms
151 timing reifyNode:node_modules/escape-string-regexp Completed in 2466ms
152 timing reifyNode:node_modules/encodeurl Completed in 2468ms
153 timing reifyNode:node_modules/default-require-extensions Completed in 2469ms
154 timing reifyNode:node_modules/cookiejar Completed in 2473ms
155 timing reifyNode:node_modules/cookie-signature Completed in 2473ms
156 timing reifyNode:node_modules/content-type Completed in 2473ms
157 timing reifyNode:node_modules/component-emitter Completed in 2473ms
158 timing reifyNode:node_modules/clean-stack Completed in 2476ms
159 timing reifyNode:node_modules/camelcase Completed in 2476ms
160 timing reifyNode:node_modules/caseless Completed in 2476ms
161 timing reifyNode:node_modules/bytes Completed in 2476ms
162 timing reifyNode:node_modules/balanced-match Completed in 2475ms
163 timing reifyNode:node_modules/aws-sign2 Completed in 2476ms
164 timing reifyNode:node_modules/assertion-error Completed in 2477ms
165 timing reifyNode:node_modules/assert-plus Completed in 2514ms
166 timing reifyNode:node_modules/append-transform Completed in 2516ms
167 timing reifyNode:node_modules/anymatch Completed in 2517ms
168 timing reifyNode:node_modules/ansi-regex Completed in 2517ms
169 timing reifyNode:node_modules/aggregate-error Completed in 2517ms
170 timing reifyNode:node_modules/accepts Completed in 2518ms
171 timing reifyNode:node_modules/@babel/highlight Completed in 2520ms
172 timing reifyNode:node_modules/@babel/helper-split-export-declaration Completed in 2519ms
173 timing reifyNode:node_modules/@babel/helper-simple-access Completed in 2520ms
174 timing reifyNode:node_modules/@babel/helper-hoist-variables Completed in 2520ms
175 timing reifyNode:node_modules/@babel/helper-get-function-arity Completed in 2521ms
176 timing reifyNode:node_modules/@babel/helper-function-name Completed in 2521ms
177 timing reifyNode:node_modules/@babel/helper-environment-visitor Completed in 2521ms
178 timing reifyNode:node_modules/@babel/code-frame Completed in 2523ms
179 timing reifyNode:node_modules/yargs-unparser/node_modules/decamelize Completed in 2572ms
180 timing reifyNode:node_modules/yargs-unparser/node_modules/camelcase Completed in 2572ms
181 timing reifyNode:node_modules/pkg-dir/node_modules/p-locate Completed in 2561ms
182 timing reifyNode:node_modules/pkg-dir/node_modules/p-limit Completed in 2561ms
183 timing reifyNode:node_modules/pkg-dir/node_modules/locate-path Completed in 2562ms
184 timing reifyNode:node_modules/pkg-dir/node_modules/find-up Completed in 2562ms
185 timing reifyNode:node_modules/nyc/node_modules/y18n Completed in 2557ms
186 timing reifyNode:node_modules/nyc/node_modules/p-locate Completed in 2557ms
187 timing reifyNode:node_modules/nyc/node_modules/p-limit Completed in 2557ms
188 timing reifyNode:node_modules/nyc/node_modules/locate-path Completed in 2557ms
189 timing reifyNode:node_modules/nyc/node_modules/find-up Completed in 2556ms
190 timing reifyNode:node_modules/istanbul-lib-report/node_modules/supports-color Completed in 2553ms
191 timing reifyNode:node_modules/http-errors/node_modules/inherits Completed in 2550ms
192 timing reifyNode:node_modules/chalk/node_modules/supports-color Completed in 2553ms
193 timing reifyNode:node_modules/@istanbuljs/load-nyc-config/node_modules/p-locate Completed in 2550ms
194 timing reifyNode:node_modules/@istanbuljs/load-nyc-config/node_modules/locate-path Completed in 2551ms
195 timing reifyNode:node_modules/@istanbuljs/load-nyc-config/node_modules/p-limit Completed in 2551ms
196 timing reifyNode:node_modules/@istanbuljs/load-nyc-config/node_modules/find-up Completed in 2551ms
197 timing reifyNode:node_modules/@babel/highlight/node_modules/supports-color Completed in 2554ms
198 timing reifyNode:node_modules/yargs-unparser Completed in 2602ms
199 timing reifyNode:node_modules/write-file-atomic Completed in 2601ms
200 timing reifyNode:node_modules/util-deprecate Completed in 2601ms
201 timing reifyNode:node_modules/proxy-addr Completed in 2609ms
202 timing reifyNode:node_modules/pathval Completed in 2609ms
203 timing reifyNode:node_modules/minimatch Completed in 2607ms
204 timing reifyNode:node_modules/log-symbols Completed in 2607ms
205 timing reifyNode:node_modules/js-tokens Completed in 2608ms
206 timing reifyNode:node_modules/http-errors Completed in 2609ms
207 timing reifyNode:node_modules/get-caller-file Completed in 2614ms
208 timing reifyNode:node_modules/fs.realpath Completed in 2615ms
209 timing reifyNode:node_modules/foreground-child Completed in 2615ms
210 timing reifyNode:node_modules/cookie Completed in 2620ms
211 timing reifyNode:node_modules/combined-stream Completed in 2621ms
212 timing reifyNode:node_modules/ansi-styles Completed in 2625ms
213 timing reifyNode:node_modules/@istanbuljs/load-nyc-config Completed in 2626ms
214 timing reifyNode:node_modules/which Completed in 2681ms
215 timing reifyNode:node_modules/supertest Completed in 2681ms
216 timing reifyNode:node_modules/string_decoder Completed in 2680ms
217 timing reifyNode:node_modules/setprototypeof Completed in 2683ms
218 timing reifyNode:node_modules/serve-static Completed in 2684ms
219 timing reifyNode:node_modules/safe-buffer Completed in 2684ms
220 timing reifyNode:node_modules/readdirp Completed in 2683ms
221 timing reifyNode:node_modules/picocolors Completed in 2682ms
222 timing reifyNode:node_modules/mkdirp Completed in 2677ms
223 timing reifyNode:node_modules/istanbul-lib-processinfo Completed in 2677ms
224 timing reifyNode:node_modules/hasha Completed in 2677ms
225 timing reifyNode:node_modules/has Completed in 2678ms
226 timing reifyNode:node_modules/har-validator Completed in 2678ms
227 timing reifyNode:node_modules/globals Completed in 2680ms
228 timing reifyNode:node_modules/getpass Completed in 2682ms
229 timing reifyNode:node_modules/delayed-stream Completed in 2684ms
230 timing reifyNode:node_modules/content-disposition Completed in 2685ms
231 timing reifyNode:node_modules/binary-extensions Completed in 2684ms
232 timing reifyNode:node_modules/check-error Completed in 2686ms
233 timing reifyNode:node_modules/@istanbuljs/schema Completed in 2685ms
234 timing reifyNode:node_modules/@babel/helper-validator-option Completed in 2683ms
235 timing reifyNode:node_modules/nyc/node_modules/cliui Completed in 2720ms
236 timing reifyNode:node_modules/@babel/highlight/node_modules/color-name Completed in 2704ms
237 timing reifyNode:node_modules/typedarray-to-buffer Completed in 2749ms
238 timing reifyNode:node_modules/type-detect Completed in 2749ms
239 timing reifyNode:node_modules/send Completed in 2749ms
240 timing reifyNode:node_modules/rimraf Completed in 2749ms
241 timing reifyNode:node_modules/require-directory Completed in 2750ms
242 timing reifyNode:node_modules/raw-body Completed in 2750ms
243 timing reifyNode:node_modules/randombytes Completed in 2750ms
244 timing reifyNode:node_modules/punycode Completed in 2750ms
245 timing reifyNode:node_modules/propagate Completed in 2750ms
246 timing reifyNode:node_modules/object-is Completed in 2746ms
247 timing reifyNode:node_modules/json-schema Completed in 2746ms
248 timing reifyNode:node_modules/isarray Completed in 2747ms
249 timing reifyNode:node_modules/commondir Completed in 2760ms
250 timing reifyNode:node_modules/bcrypt-pbkdf Completed in 2760ms
251 timing reifyNode:node_modules/aws4 Completed in 2760ms
252 timing reifyNode:node_modules/statuses Completed in 2862ms
253 timing reifyNode:node_modules/istanbul-lib-hook Completed in 2870ms
254 timing reifyNode:node_modules/get-package-type Completed in 2866ms
255 timing reifyNode:node_modules/deep-eql Completed in 2869ms
256 timing reifyNode:node_modules/core-util-is Completed in 2869ms
257 timing reifyNode:node_modules/concat-map Completed in 2869ms
258 timing reifyNode:node_modules/color-convert Completed in 2869ms
259 timing reifyNode:node_modules/ansi-colors Completed in 2871ms
260 timing reifyNode:node_modules/@babel/helper-validator-identifier Completed in 2872ms
261 timing reifyNode:node_modules/mocha/node_modules/debug Completed in 2899ms
262 timing reifyNode:node_modules/istanbul-lib-source-maps/node_modules/debug Completed in 2897ms
263 timing reifyNode:node_modules/@babel/traverse/node_modules/debug Completed in 2882ms
264 timing reifyNode:node_modules/@babel/highlight/node_modules/color-convert Completed in 2884ms
265 timing reifyNode:node_modules/@babel/core/node_modules/debug Completed in 2882ms
266 timing reifyNode:node_modules/test-exclude Completed in 2929ms
267 timing reifyNode:node_modules/safer-buffer Completed in 2931ms
268 timing reifyNode:node_modules/release-zalgo Completed in 2930ms
269 timing reifyNode:node_modules/jsprim Completed in 2923ms
270 timing reifyNode:node_modules/isexe Completed in 2924ms
271 timing reifyNode:node_modules/isstream Completed in 2926ms
272 timing reifyNode:node_modules/graceful-fs Completed in 2925ms
273 timing reifyNode:node_modules/flat Completed in 2926ms
274 timing reifyNode:node_modules/extend Completed in 2926ms
275 timing reifyNode:node_modules/es6-error Completed in 2926ms
276 timing reifyNode:node_modules/@ungap/promise-all-settled Completed in 2926ms
277 timing reifyNode:node_modules/@babel/helper-module-imports Completed in 2925ms
278 timing reifyNode:node_modules/@babel/highlight/node_modules/chalk Completed in 2931ms
279 timing reifyNode:node_modules/verror Completed in 2978ms
280 timing reifyNode:node_modules/semver Completed in 2980ms
281 timing reifyNode:node_modules/negotiator Completed in 2973ms
282 timing reifyNode:node_modules/jsbn Completed in 2972ms
283 timing reifyNode:node_modules/is-date-object Completed in 2971ms
284 timing reifyNode:node_modules/ipaddr.js Completed in 2971ms
285 timing reifyNode:node_modules/glob Completed in 2973ms
286 timing reifyNode:node_modules/gensync Completed in 2973ms
287 timing reifyNode:node_modules/form-data Completed in 2973ms
288 timing reifyNode:node_modules/escalade Completed in 2973ms
289 timing reifyNode:node_modules/chalk Completed in 2971ms
290 timing reifyNode:node_modules/node-releases Completed in 3012ms
291 timing reifyNode:node_modules/json-stringify-safe Completed in 3010ms
292 timing reifyNode:node_modules/jsesc Completed in 3013ms
293 timing reifyNode:node_modules/is-arguments Completed in 3012ms
294 timing reifyNode:node_modules/extsprintf Completed in 3012ms
295 timing reifyNode:node_modules/emoji-regex Completed in 3011ms
296 timing reifyNode:node_modules/ecc-jsbn Completed in 3012ms
297 timing reifyNode:node_modules/cross-spawn Completed in 3012ms
298 timing reifyNode:node_modules/commander Completed in 3011ms
299 timing reifyNode:node_modules/archy Completed in 3009ms
300 timing reifyNode:node_modules/@babel/helper-compilation-targets Completed in 3005ms
301 timing reifyNode:node_modules/wordwrap Completed in 3071ms
302 timing reifyNode:node_modules/node-preload Completed in 3060ms
303 timing reifyNode:node_modules/json-schema-traverse Completed in 3061ms
304 timing reifyNode:node_modules/is-regex Completed in 3060ms
305 timing reifyNode:node_modules/define-properties Completed in 3059ms
306 timing reifyNode:node_modules/asn1 Completed in 3059ms
307 timing reifyNode:node_modules/@babel/helper-module-transforms Completed in 3056ms
308 timing reifyNode:node_modules/nyc/node_modules/yargs-parser Completed in 3098ms
309 timing reifyNode:node_modules/make-dir/node_modules/semver Completed in 3093ms
310 timing reifyNode:node_modules/istanbul-lib-instrument/node_modules/semver Completed in 3092ms
311 timing reifyNode:node_modules/@babel/helper-compilation-targets/node_modules/semver Completed in 3076ms
312 timing reifyNode:node_modules/@babel/core/node_modules/semver Completed in 3076ms
313 timing reifyNode:node_modules/y18n Completed in 3124ms
314 timing reifyNode:node_modules/fast-deep-equal Completed in 3133ms
315 timing reifyNode:node_modules/cliui Completed in 3130ms
316 timing reifyNode:node_modules/@jridgewell/sourcemap-codec Completed in 3128ms
317 timing reifyNode:node_modules/@jridgewell/resolve-uri Completed in 3128ms
318 timing reifyNode:node_modules/@babel/template Completed in 3127ms
319 timing reifyNode:node_modules/mime Completed in 3163ms
320 timing reifyNode:node_modules/html-escaper Completed in 3159ms
321 timing reifyNode:node_modules/istanbul-lib-coverage Completed in 3165ms
322 timing reifyNode:node_modules/function-bind Completed in 3160ms
323 timing reifyNode:node_modules/dashdash Completed in 3160ms
324 timing reifyNode:node_modules/regexp.prototype.flags Completed in 3206ms
325 timing reifyNode:node_modules/object-keys Completed in 3202ms
326 timing reifyNode:node_modules/istanbul-lib-source-maps Completed in 3202ms
327 timing reifyNode:node_modules/istanbul-lib-report Completed in 3201ms
328 timing reifyNode:node_modules/he Completed in 3198ms
329 timing reifyNode:node_modules/growl Completed in 3199ms
330 timing reifyNode:node_modules/debug Completed in 3196ms
331 timing reifyNode:node_modules/braces Completed in 3197ms
332 timing reifyNode:node_modules/tough-cookie Completed in 3239ms
333 timing reifyNode:node_modules/istanbul-lib-instrument Completed in 3231ms
334 timing reifyNode:node_modules/browserslist Completed in 3222ms
335 timing reifyNode:node_modules/@jridgewell/trace-mapping Completed in 3220ms
336 timing reifyNode:node_modules/nock/node_modules/debug Completed in 3251ms
337 timing reifyNode:node_modules/picomatch Completed in 3266ms
338 timing reifyNode:node_modules/mime-db Completed in 3259ms
339 timing reifyNode:node_modules/depd Completed in 3254ms
340 timing reifyNode:node_modules/deep-equal Completed in 3255ms
341 timing reifyNode:node_modules/body-parser Completed in 3252ms
342 timing reifyNode:node_modules/chokidar Completed in 3254ms
343 timing reifyNode:node_modules/yargs-parser Completed in 3302ms
344 timing reifyNode:node_modules/argparse Completed in 3262ms
345 timing reifyNode:node_modules/http-signature Completed in 3295ms
346 timing reifyNode:node_modules/request/node_modules/form-data Completed in 3322ms
347 timing reifyNode:node_modules/@babel/compat-data Completed in 3304ms
348 timing reifyNode:node_modules/performance-now Completed in 3352ms
349 timing reifyNode:node_modules/asynckit Completed in 3333ms
350 timing reifyNode:node_modules/fast-json-stable-stringify Completed in 3354ms
351 timing reifyNode:node_modules/@ampproject/remapping Completed in 3342ms
352 timing reifyNode:node_modules/send/node_modules/debug Completed in 3382ms
353 timing reifyNode:node_modules/finalhandler/node_modules/debug Completed in 3359ms
354 timing reifyNode:node_modules/express/node_modules/debug Completed in 3359ms
355 timing reifyNode:node_modules/body-parser/node_modules/debug Completed in 3353ms
356 timing reifyNode:node_modules/spawn-wrap Completed in 3401ms
357 timing reifyNode:node_modules/sprintf-js Completed in 3413ms
358 timing reifyNode:node_modules/formidable Completed in 3392ms
359 timing reifyNode:node_modules/electron-to-chromium Completed in 3390ms
360 timing reifyNode:node_modules/uuid Completed in 3432ms
361 timing reifyNode:node_modules/tweetnacl Completed in 3431ms
362 timing reifyNode:node_modules/minimist Completed in 3416ms
363 timing reifyNode:node_modules/har-schema Completed in 3412ms
364 timing reifyNode:node_modules/type-fest Completed in 3445ms
365 timing reifyNode:node_modules/@babel/helpers Completed in 3434ms
366 timing reifyNode:node_modules/esprima Completed in 3463ms
367 timing reifyNode:node_modules/nanoid Completed in 3552ms
368 timing reifyNode:node_modules/request/node_modules/qs Completed in 3592ms
369 timing reifyNode:node_modules/express/node_modules/qs Completed in 3569ms
370 timing reifyNode:node_modules/body-parser/node_modules/qs Completed in 3564ms
371 timing reifyNode:node_modules/request Completed in 3606ms
372 timing reifyNode:node_modules/express Completed in 3587ms
373 timing reifyNode:node_modules/readable-stream Completed in 3636ms
374 timing reifyNode:node_modules/qs Completed in 3636ms
375 timing reifyNode:node_modules/nyc Completed in 3629ms
376 timing reifyNode:node_modules/@babel/generator Completed in 3607ms
377 timing reifyNode:node_modules/psl Completed in 3645ms
378 timing reifyNode:node_modules/json5 Completed in 3670ms
379 timing reifyNode:node_modules/@istanbuljs/load-nyc-config/node_modules/argparse Completed in 3735ms
380 timing reifyNode:node_modules/iconv-lite Completed in 3763ms
381 timing reifyNode:node_modules/workerpool Completed in 3816ms
382 timing reifyNode:node_modules/superagent Completed in 3944ms
383 timing reifyNode:node_modules/nock Completed in 3957ms
384 timing reifyNode:node_modules/@babel/traverse Completed in 3937ms
385 timing reifyNode:node_modules/sshpk Completed in 3984ms
386 timing reifyNode:node_modules/js-yaml Completed in 3966ms
387 timing reifyNode:node_modules/diff Completed in 3958ms
388 timing reifyNode:node_modules/@babel/generator/node_modules/source-map Completed in 3995ms
389 timing reifyNode:node_modules/source-map Completed in 4048ms
390 timing reifyNode:node_modules/@istanbuljs/load-nyc-config/node_modules/js-yaml Completed in 4032ms
391 timing reifyNode:node_modules/uglify-js Completed in 4077ms
392 timing reifyNode:node_modules/express-handlebars Completed in 4067ms
393 timing reifyNode:node_modules/nyc/node_modules/yargs Completed in 4095ms
394 timing reifyNode:node_modules/yargs Completed in 4125ms
395 timing reifyNode:node_modules/chai Completed in 4146ms
396 timing reifyNode:node_modules/uri-js Completed in 4203ms
397 timing reifyNode:node_modules/@babel/parser Completed in 4164ms
398 timing reifyNode:node_modules/istanbul-reports Completed in 4199ms
399 timing reifyNode:node_modules/@babel/core Completed in 4180ms
400 timing reifyNode:node_modules/neo-async Completed in 4224ms
401 timing reifyNode:node_modules/ajv Completed in 4261ms
402 timing reifyNode:node_modules/@babel/types Completed in 4351ms
403 timing reifyNode:node_modules/mocha Completed in 4505ms
404 timing reifyNode:node_modules/handlebars Completed in 4608ms
405 timing reifyNode:node_modules/caniuse-lite Completed in 5119ms
406 timing reifyNode:node_modules/lodash Completed in 5199ms
407 timing reify:unpack Completed in 5224ms
408 timing reify:unretire Completed in 0ms
409 timing build:queue Completed in 15ms
410 timing build:link:node_modules/@babel/parser Completed in 19ms
411 timing build:link:node_modules/@babel/core/node_modules/semver Completed in 17ms
412 timing build:link:node_modules/@babel/helper-compilation-targets/node_modules/semver Completed in 17ms
413 timing build:link:node_modules/@istanbuljs/load-nyc-config/node_modules/js-yaml Completed in 16ms
414 timing build:link:node_modules/istanbul-lib-instrument/node_modules/semver Completed in 16ms
415 timing build:link:node_modules/make-dir/node_modules/semver Completed in 16ms
416 timing build:link:node_modules/browserslist Completed in 19ms
417 timing build:link:node_modules/esprima Completed in 19ms
418 timing build:link:node_modules/flat Completed in 19ms
419 timing build:link:node_modules/handlebars Completed in 19ms
420 timing build:link:node_modules/he Completed in 19ms
421 timing build:link:node_modules/js-yaml Completed in 19ms
422 timing build:link:node_modules/jsesc Completed in 19ms
423 timing build:link:node_modules/json5 Completed in 19ms
424 timing build:link:node_modules/mime Completed in 19ms
425 timing build:link:node_modules/mkdirp Completed in 19ms
426 timing build:link:node_modules/mocha Completed in 20ms
427 timing build:link:node_modules/nanoid Completed in 19ms
428 timing build:link:node_modules/nyc Completed in 19ms
429 timing build:link:node_modules/rimraf Completed in 19ms
430 timing build:link:node_modules/semver Completed in 19ms
431 timing build:link:node_modules/sshpk Completed in 19ms
432 timing build:link:node_modules/uglify-js Completed in 19ms
433 timing build:link:node_modules/uuid Completed in 19ms
434 timing build:link:node_modules/which Completed in 20ms
435 timing build:link Completed in 23ms
436 timing build:deps Completed in 39ms
437 timing build Completed in 39ms
438 timing reify:build Completed in 41ms
439 timing reify:trash Completed in 4ms
440 timing reify:save Completed in 134ms
441 timing reify Completed in 5983ms
442 silly ADD node_modules/yocto-queue
443 silly ADD node_modules/yargs-unparser
444 silly ADD node_modules/yargs-unparser/node_modules/decamelize
445 silly ADD node_modules/yargs-unparser/node_modules/camelcase
446 silly ADD node_modules/yargs-parser
447 silly ADD node_modules/yargs
448 silly ADD node_modules/y18n
449 silly ADD node_modules/write-file-atomic
450 silly ADD node_modules/wrappy
451 silly ADD node_modules/wrap-ansi
452 silly ADD node_modules/workerpool
453 silly ADD node_modules/wordwrap
454 silly ADD node_modules/which-module
455 silly ADD node_modules/which
456 silly ADD node_modules/verror
457 silly ADD node_modules/vary
458 silly ADD node_modules/uuid
459 silly ADD node_modules/utils-merge
460 silly ADD node_modules/util-deprecate
461 silly ADD node_modules/uri-js
462 silly ADD node_modules/unpipe
463 silly ADD node_modules/uglify-js
464 silly ADD node_modules/typedarray-to-buffer
465 silly ADD node_modules/type-is
466 silly ADD node_modules/type-fest
467 silly ADD node_modules/type-detect
468 silly ADD node_modules/tweetnacl
469 silly ADD node_modules/tunnel-agent
470 silly ADD node_modules/tough-cookie
471 silly ADD node_modules/toidentifier
472 silly ADD node_modules/to-regex-range
473 silly ADD node_modules/to-fast-properties
474 silly ADD node_modules/test-exclude
475 silly ADD node_modules/supports-color
476 silly ADD node_modules/supertest
477 silly ADD node_modules/superagent
478 silly ADD node_modules/strip-json-comments
479 silly ADD node_modules/strip-bom
480 silly ADD node_modules/strip-ansi
481 silly ADD node_modules/string-width
482 silly ADD node_modules/string_decoder
483 silly ADD node_modules/statuses
484 silly ADD node_modules/sshpk
485 silly ADD node_modules/sprintf-js
486 silly ADD node_modules/spawn-wrap
487 silly ADD node_modules/source-map
488 silly ADD node_modules/signal-exit
489 silly ADD node_modules/shebang-regex
490 silly ADD node_modules/shebang-command
491 silly ADD node_modules/setprototypeof
492 silly ADD node_modules/set-blocking
493 silly ADD node_modules/serve-static
494 silly ADD node_modules/serialize-javascript
495 silly ADD node_modules/send
496 silly ADD node_modules/send/node_modules/debug
497 silly ADD node_modules/send/node_modules/debug/node_modules/ms
498 silly ADD node_modules/semver
499 silly ADD node_modules/safer-buffer
500 silly ADD node_modules/safe-buffer
501 silly ADD node_modules/rimraf
502 silly ADD node_modules/resolve-from
503 silly ADD node_modules/require-main-filename
504 silly ADD node_modules/require-directory
505 silly ADD node_modules/request
506 silly ADD node_modules/request/node_modules/qs
507 silly ADD node_modules/request/node_modules/form-data
508 silly ADD node_modules/release-zalgo
509 silly ADD node_modules/regexp.prototype.flags
510 silly ADD node_modules/readdirp
511 silly ADD node_modules/readable-stream
512 silly ADD node_modules/raw-body
513 silly ADD node_modules/range-parser
514 silly ADD node_modules/randombytes
515 silly ADD node_modules/qs
516 silly ADD node_modules/punycode
517 silly ADD node_modules/psl
518 silly ADD node_modules/proxy-addr
519 silly ADD node_modules/propagate
520 silly ADD node_modules/process-on-spawn
521 silly ADD node_modules/process-nextick-args
522 silly ADD node_modules/pkg-dir
523 silly ADD node_modules/pkg-dir/node_modules/p-locate
524 silly ADD node_modules/pkg-dir/node_modules/p-limit
525 silly ADD node_modules/pkg-dir/node_modules/locate-path
526 silly ADD node_modules/pkg-dir/node_modules/find-up
527 silly ADD node_modules/picomatch
528 silly ADD node_modules/picocolors
529 silly ADD node_modules/performance-now
530 silly ADD node_modules/pathval
531 silly ADD node_modules/path-to-regexp
532 silly ADD node_modules/path-key
533 silly ADD node_modules/path-is-absolute
534 silly ADD node_modules/path-exists
535 silly ADD node_modules/parseurl
536 silly ADD node_modules/package-hash
537 silly ADD node_modules/p-try
538 silly ADD node_modules/p-map
539 silly ADD node_modules/p-locate
540 silly ADD node_modules/p-limit
541 silly ADD node_modules/once
542 silly ADD node_modules/on-finished
543 silly ADD node_modules/object-keys
544 silly ADD node_modules/object-is
545 silly ADD node_modules/oauth-sign
546 silly ADD node_modules/nyc
547 silly ADD node_modules/nyc/node_modules/yargs-parser
548 silly ADD node_modules/nyc/node_modules/yargs
549 silly ADD node_modules/nyc/node_modules/y18n
550 silly ADD node_modules/nyc/node_modules/wrap-ansi
551 silly ADD node_modules/nyc/node_modules/p-locate
552 silly ADD node_modules/nyc/node_modules/p-limit
553 silly ADD node_modules/nyc/node_modules/locate-path
554 silly ADD node_modules/nyc/node_modules/find-up
555 silly ADD node_modules/nyc/node_modules/cliui
556 silly ADD node_modules/normalize-path
557 silly ADD node_modules/node-releases
558 silly ADD node_modules/node-preload
559 silly ADD node_modules/nock
560 silly ADD node_modules/nock/node_modules/debug
561 silly ADD node_modules/neo-async
562 silly ADD node_modules/negotiator
563 silly ADD node_modules/nanoid
564 silly ADD node_modules/ms
565 silly ADD node_modules/mocha
566 silly ADD node_modules/mocha/node_modules/ms
567 silly ADD node_modules/mocha/node_modules/debug
568 silly ADD node_modules/mocha/node_modules/debug/node_modules/ms
569 silly ADD node_modules/mkdirp
570 silly ADD node_modules/minimist
571 silly ADD node_modules/minimatch
572 silly ADD node_modules/mime-types
573 silly ADD node_modules/mime-db
574 silly ADD node_modules/mime
575 silly ADD node_modules/methods
576 silly ADD node_modules/merge-descriptors
577 silly ADD node_modules/media-typer
578 silly ADD node_modules/make-dir
579 silly ADD node_modules/make-dir/node_modules/semver
580 silly ADD node_modules/log-symbols
581 silly ADD node_modules/lodash.flattendeep
582 silly ADD node_modules/lodash
583 silly ADD node_modules/locate-path
584 silly ADD node_modules/jsprim
585 silly ADD node_modules/json5
586 silly ADD node_modules/json-stringify-safe
587 silly ADD node_modules/json-schema-traverse
588 silly ADD node_modules/json-schema
589 silly ADD node_modules/jsesc
590 silly ADD node_modules/jsbn
591 silly ADD node_modules/js-yaml
592 silly ADD node_modules/js-tokens
593 silly ADD node_modules/istanbul-reports
594 silly ADD node_modules/istanbul-lib-source-maps
595 silly ADD node_modules/istanbul-lib-source-maps/node_modules/ms
596 silly ADD node_modules/istanbul-lib-source-maps/node_modules/debug
597 silly ADD node_modules/istanbul-lib-report
598 silly ADD node_modules/istanbul-lib-report/node_modules/supports-color
599 silly ADD node_modules/istanbul-lib-processinfo
600 silly ADD node_modules/istanbul-lib-instrument
601 silly ADD node_modules/istanbul-lib-instrument/node_modules/semver
602 silly ADD node_modules/istanbul-lib-hook
603 silly ADD node_modules/istanbul-lib-coverage
604 silly ADD node_modules/isstream
605 silly ADD node_modules/isexe
606 silly ADD node_modules/isarray
607 silly ADD node_modules/is-windows
608 silly ADD node_modules/is-unicode-supported
609 silly ADD node_modules/is-typedarray
610 silly ADD node_modules/is-stream
611 silly ADD node_modules/is-regex
612 silly ADD node_modules/is-plain-obj
613 silly ADD node_modules/is-number
614 silly ADD node_modules/is-glob
615 silly ADD node_modules/is-fullwidth-code-point
616 silly ADD node_modules/is-extglob
617 silly ADD node_modules/is-date-object
618 silly ADD node_modules/is-binary-path
619 silly ADD node_modules/is-arguments
620 silly ADD node_modules/ipaddr.js
621 silly ADD node_modules/inherits
622 silly ADD node_modules/inflight
623 silly ADD node_modules/indent-string
624 silly ADD node_modules/imurmurhash
625 silly ADD node_modules/iconv-lite
626 silly ADD node_modules/http-signature
627 silly ADD node_modules/http-errors
628 silly ADD node_modules/http-errors/node_modules/inherits
629 silly ADD node_modules/html-escaper
630 silly ADD node_modules/he
631 silly ADD node_modules/hasha
632 silly ADD node_modules/has-flag
633 silly ADD node_modules/has
634 silly ADD node_modules/har-validator
635 silly ADD node_modules/har-schema
636 silly ADD node_modules/handlebars
637 silly ADD node_modules/growl
638 silly ADD node_modules/graceful-fs
639 silly ADD node_modules/globals
640 silly ADD node_modules/glob-parent
641 silly ADD node_modules/glob
642 silly ADD node_modules/getpass
643 silly ADD node_modules/get-package-type
644 silly ADD node_modules/get-func-name
645 silly ADD node_modules/get-caller-file
646 silly ADD node_modules/gensync
647 silly ADD node_modules/function-bind
648 silly ADD
649 silly ADD node_modules/fs.realpath
650 silly ADD node_modules/fromentries
651 silly ADD node_modules/fresh
652 silly ADD node_modules/forwarded
653 silly ADD node_modules/formidable
654 silly ADD node_modules/form-data
655 silly ADD node_modules/forever-agent
656 silly ADD node_modules/foreground-child
657 silly ADD node_modules/flat
658 silly ADD node_modules/find-up
659 silly ADD node_modules/find-cache-dir
660 silly ADD node_modules/finalhandler
661 silly ADD node_modules/finalhandler/node_modules/ms
662 silly ADD node_modules/finalhandler/node_modules/debug
663 silly ADD node_modules/fill-range
664 silly ADD node_modules/fast-json-stable-stringify
665 silly ADD node_modules/fast-deep-equal
666 silly ADD node_modules/extsprintf
667 silly ADD node_modules/extend
668 silly ADD node_modules/express-handlebars
669 silly ADD node_modules/express
670 silly ADD node_modules/express/node_modules/qs
671 silly ADD node_modules/express/node_modules/ms
672 silly ADD node_modules/express/node_modules/debug
673 silly ADD node_modules/etag
674 silly ADD node_modules/esprima
675 silly ADD node_modules/escape-string-regexp
676 silly ADD node_modules/escape-html
677 silly ADD node_modules/escalade
678 silly ADD node_modules/es6-error
679 silly ADD node_modules/encodeurl
680 silly ADD node_modules/emoji-regex
681 silly ADD node_modules/electron-to-chromium
682 silly ADD node_modules/ee-first
683 silly ADD node_modules/ecc-jsbn
684 silly ADD node_modules/diff
685 silly ADD node_modules/destroy
686 silly ADD node_modules/depd
687 silly ADD node_modules/delayed-stream
688 silly ADD node_modules/define-properties
689 silly ADD node_modules/default-require-extensions
690 silly ADD node_modules/deep-equal
691 silly ADD node_modules/deep-eql
692 silly ADD node_modules/decamelize
693 silly ADD node_modules/debug
694 silly ADD node_modules/dashdash
695 silly ADD node_modules/cross-spawn
696 silly ADD node_modules/core-util-is
697 silly ADD node_modules/cookiejar
698 silly ADD node_modules/cookie-signature
699 silly ADD node_modules/cookie
700 silly ADD node_modules/convert-source-map
701 silly ADD node_modules/content-type
702 silly ADD node_modules/content-disposition
703 silly ADD node_modules/concat-map
704 silly ADD node_modules/component-emitter
705 silly ADD node_modules/commondir
706 silly ADD node_modules/commander
707 silly ADD node_modules/combined-stream
708 silly ADD node_modules/color-name
709 silly ADD node_modules/color-convert
710 silly ADD node_modules/cliui
711 silly ADD node_modules/clean-stack
712 silly ADD node_modules/chokidar
713 silly ADD node_modules/check-error
714 silly ADD node_modules/chalk
715 silly ADD node_modules/chalk/node_modules/supports-color
716 silly ADD node_modules/chai
717 silly ADD node_modules/caseless
718 silly ADD node_modules/caniuse-lite
719 silly ADD node_modules/camelcase
720 silly ADD node_modules/caching-transform
721 silly ADD node_modules/bytes
722 silly ADD node_modules/browserslist
723 silly ADD node_modules/browser-stdout
724 silly ADD node_modules/braces
725 silly ADD node_modules/brace-expansion
726 silly ADD node_modules/body-parser
727 silly ADD node_modules/body-parser/node_modules/qs
728 silly ADD node_modules/body-parser/node_modules/ms
729 silly ADD node_modules/body-parser/node_modules/debug
730 silly ADD node_modules/binary-extensions
731 silly ADD node_modules/bcrypt-pbkdf
732 silly ADD node_modules/balanced-match
733 silly ADD node_modules/aws4
734 silly ADD node_modules/aws-sign2
735 silly ADD node_modules/asynckit
736 silly ADD node_modules/assertion-error
737 silly ADD node_modules/assert-plus
738 silly ADD node_modules/asn1
739 silly ADD node_modules/array-flatten
740 silly ADD node_modules/argparse
741 silly ADD node_modules/archy
742 silly ADD node_modules/append-transform
743 silly ADD node_modules/anymatch
744 silly ADD node_modules/ansi-styles
745 silly ADD node_modules/ansi-regex
746 silly ADD node_modules/ansi-colors
747 silly ADD node_modules/ajv
748 silly ADD node_modules/aggregate-error
749 silly ADD node_modules/accepts
750 silly ADD node_modules/@ungap/promise-all-settled
751 silly ADD node_modules/@jridgewell/trace-mapping
752 silly ADD node_modules/@jridgewell/sourcemap-codec
753 silly ADD node_modules/@jridgewell/resolve-uri
754 silly ADD node_modules/@istanbuljs/schema
755 silly ADD node_modules/@istanbuljs/load-nyc-config
756 silly ADD node_modules/@istanbuljs/load-nyc-config/node_modules/p-locate
757 silly ADD node_modules/@istanbuljs/load-nyc-config/node_modules/p-limit
758 silly ADD node_modules/@istanbuljs/load-nyc-config/node_modules/locate-path
759 silly ADD node_modules/@istanbuljs/load-nyc-config/node_modules/js-yaml
760 silly ADD node_modules/@istanbuljs/load-nyc-config/node_modules/find-up
761 silly ADD node_modules/@istanbuljs/load-nyc-config/node_modules/argparse
762 silly ADD node_modules/@babel/types
763 silly ADD node_modules/@babel/traverse
764 silly ADD node_modules/@babel/traverse/node_modules/ms
765 silly ADD node_modules/@babel/traverse/node_modules/debug
766 silly ADD node_modules/@babel/template
767 silly ADD node_modules/@babel/parser
768 silly ADD node_modules/@babel/highlight
769 silly ADD node_modules/@babel/highlight/node_modules/supports-color
770 silly ADD node_modules/@babel/highlight/node_modules/has-flag
771 silly ADD node_modules/@babel/highlight/node_modules/escape-string-regexp
772 silly ADD node_modules/@babel/highlight/node_modules/color-name
773 silly ADD node_modules/@babel/highlight/node_modules/color-convert
774 silly ADD node_modules/@babel/highlight/node_modules/chalk
775 silly ADD node_modules/@babel/highlight/node_modules/ansi-styles
776 silly ADD node_modules/@babel/helpers
777 silly ADD node_modules/@babel/helper-validator-option
778 silly ADD node_modules/@babel/helper-validator-identifier
779 silly ADD node_modules/@babel/helper-split-export-declaration
780 silly ADD node_modules/@babel/helper-simple-access
781 silly ADD node_modules/@babel/helper-module-transforms
782 silly ADD node_modules/@babel/helper-module-imports
783 silly ADD node_modules/@babel/helper-hoist-variables
784 silly ADD node_modules/@babel/helper-get-function-arity
785 silly ADD node_modules/@babel/helper-function-name
786 silly ADD node_modules/@babel/helper-environment-visitor
787 silly ADD node_modules/@babel/helper-compilation-targets
788 silly ADD node_modules/@babel/helper-compilation-targets/node_modules/semver
789 silly ADD node_modules/@babel/generator
790 silly ADD node_modules/@babel/generator/node_modules/source-map
791 silly ADD node_modules/@babel/core
792 silly ADD node_modules/@babel/core/node_modules/semver
793 silly ADD node_modules/@babel/core/node_modules/ms
794 silly ADD node_modules/@babel/core/node_modules/debug
795 silly ADD node_modules/@babel/compat-data
796 silly ADD node_modules/@babel/code-frame
797 silly ADD node_modules/@ampproject/remapping
798 timing command:install Completed in 6023ms
799 verbose exit 0
800 timing npm Completed in 6319ms
801 info ok
