0 verbose cli [
0 verbose cli   '/usr/local/nvm/versions/node/v12.14.1/bin/node',
0 verbose cli   '/usr/local/nvm/versions/node/v12.14.1/bin/npm',
0 verbose cli   'config',
0 verbose cli   'get',
0 verbose cli   'prefix'
0 verbose cli ]
1 info using npm@8.5.0
2 info using node@v12.14.1
3 timing npm:load:whichnode Completed in 1ms
4 timing config:load:defaults Completed in 10ms
5 timing config:load:file:/usr/local/nvm/versions/node/v12.14.1/lib/node_modules/npm/npmrc Completed in 19ms
6 timing config:load:builtin Completed in 19ms
7 timing config:load:cli Completed in 3ms
8 timing config:load:env Completed in 7ms
9 timing config:load:file:/google/devshell/editor/theia/.npmrc Completed in 0ms
10 timing config:load:project Completed in 16ms
11 timing config:load:file:/home/user301/.npmrc Completed in 0ms
12 timing config:load:user Completed in 0ms
13 timing config:load:file:/usr/local/nvm/versions/node/v12.14.1/etc/npmrc Completed in 0ms
14 timing config:load:global Completed in 1ms
15 timing config:load:validate Completed in 3ms
16 timing config:load:credentials Completed in 13ms
17 timing config:load:setEnvs Completed in 2ms
18 timing config:load Completed in 75ms
19 timing npm:load:configload Completed in 75ms
20 timing npm:load:setTitle Completed in 1ms
21 timing config:load:flatten Completed in 25ms
22 timing npm:load:display Completed in 26ms
23 verbose logfile /home/user301/.npm/_logs/2022-03-08T06_35_04_745Z-debug-0.log
24 timing npm:load:logFile Completed in 58ms
25 timing npm:load:timers Completed in 0ms
26 timing npm:load:configScope Completed in 0ms
27 timing npm:load Completed in 161ms
28 timing command:config Completed in 7ms
29 verbose exit 0
30 timing npm Completed in 650ms
31 info ok
